[2023-10-30T22:06:58.681+0000] {taskinstance.py:1103} INFO - Dependencies all met for dep_context=non-requeueable deps ti=<TaskInstance: Extract_job_data_in_selenium_container.run_script_in_docker manual__2023-10-30T22:06:56.260857+00:00 [queued]>
[2023-10-30T22:06:58.704+0000] {taskinstance.py:1103} INFO - Dependencies all met for dep_context=requeueable deps ti=<TaskInstance: Extract_job_data_in_selenium_container.run_script_in_docker manual__2023-10-30T22:06:56.260857+00:00 [queued]>
[2023-10-30T22:06:58.705+0000] {taskinstance.py:1308} INFO - Starting attempt 1 of 2
[2023-10-30T22:06:58.732+0000] {taskinstance.py:1327} INFO - Executing <Task(DockerOperator): run_script_in_docker> on 2023-10-30 22:06:56.260857+00:00
[2023-10-30T22:06:58.742+0000] {standard_task_runner.py:57} INFO - Started process 4104 to run task
[2023-10-30T22:06:58.747+0000] {standard_task_runner.py:84} INFO - Running: ['***', 'tasks', 'run', 'Extract_job_data_in_selenium_container', 'run_script_in_docker', 'manual__2023-10-30T22:06:56.260857+00:00', '--job-id', '904', '--raw', '--subdir', 'DAGS_FOLDER/extract_job_data_dag.py', '--cfg-path', '/tmp/tmp6vyaj0jk']
[2023-10-30T22:06:58.749+0000] {standard_task_runner.py:85} INFO - Job 904: Subtask run_script_in_docker
[2023-10-30T22:06:58.833+0000] {task_command.py:410} INFO - Running <TaskInstance: Extract_job_data_in_selenium_container.run_script_in_docker manual__2023-10-30T22:06:56.260857+00:00 [running]> on host 4be7b32a0cc0
[2023-10-30T22:06:58.960+0000] {taskinstance.py:1547} INFO - Exporting env vars: AIRFLOW_CTX_DAG_OWNER='***' AIRFLOW_CTX_DAG_ID='Extract_job_data_in_selenium_container' AIRFLOW_CTX_TASK_ID='run_script_in_docker' AIRFLOW_CTX_EXECUTION_DATE='2023-10-30T22:06:56.260857+00:00' AIRFLOW_CTX_TRY_NUMBER='1' AIRFLOW_CTX_DAG_RUN_ID='manual__2023-10-30T22:06:56.260857+00:00'
[2023-10-30T22:06:58.989+0000] {docker.py:334} INFO - Starting docker container from image webscrape-container
[2023-10-30T22:06:58.999+0000] {docker.py:343} WARNING - Using remote engine or docker-in-docker and mounting temporary volume from host is not supported. Falling back to `mount_tmp_dir=False` mode. You can set `mount_tmp_dir` parameter to False to disable mounting and remove the warning
[2023-10-30T22:07:00.083+0000] {docker.py:403} INFO - [13:59:1030/220700.082286:ERROR:bus.cc(407)] Failed to connect to the bus: Failed to connect to socket /var/run/dbus/system_bus_socket: No such file or directory
[2023-10-30T22:07:00.280+0000] {docker.py:403} INFO - [13:67:1030/220700.279638:ERROR:bus.cc(407)] Failed to connect to the bus: Failed to connect to socket /var/run/dbus/system_bus_socket: No such file or directory
[13:67:1030/220700.279692:ERROR:bus.cc(407)] Failed to connect to the bus: Failed to connect to socket /var/run/dbus/system_bus_socket: No such file or directory
[2023-10-30T22:07:00.284+0000] {docker.py:403} INFO - [13:59:1030/220700.283225:ERROR:bus.cc(407)] Failed to connect to the bus: Could not parse server address: Unknown address type (examples of valid types are "tcp" and on UNIX "unix")
[13:59:1030/220700.283266:ERROR:bus.cc(407)] Failed to connect to the bus: Could not parse server address: Unknown address type (examples of valid types are "tcp" and on UNIX "unix")
[13:59:1030/220700.283278:ERROR:bus.cc(407)] Failed to connect to the bus: Could not parse server address: Unknown address type (examples of valid types are "tcp" and on UNIX "unix")
[13:59:1030/220700.283289:ERROR:bus.cc(407)] Failed to connect to the bus: Could not parse server address: Unknown address type (examples of valid types are "tcp" and on UNIX "unix")
[2023-10-30T22:07:00.329+0000] {docker.py:403} INFO - [13:59:1030/220700.327614:ERROR:bus.cc(407)] Failed to connect to the bus: Could not parse server address: Unknown address type (examples of valid types are "tcp" and on UNIX "unix")
[13:59:1030/220700.327656:ERROR:bus.cc(407)] Failed to connect to the bus: Could not parse server address: Unknown address type (examples of valid types are "tcp" and on UNIX "unix")
[2023-10-30T22:07:00.360+0000] {docker.py:403} INFO - DevTools listening on ws://127.0.0.1:4444/devtools/browser/ffcb6c2c-5ab3-4ca2-bdef-2c5f954e94f2
[2023-10-30T22:07:00.414+0000] {docker.py:403} INFO - [13:108:1030/220700.409755:ERROR:bus.cc(407)] Failed to connect to the bus: Failed to connect to socket /var/run/dbus/system_bus_socket: No such file or directory
[2023-10-30T22:07:00.416+0000] {docker.py:403} INFO - [13:108:1030/220700.411255:ERROR:bus.cc(407)] Failed to connect to the bus: Failed to connect to socket /var/run/dbus/system_bus_socket: No such file or directory
[2023-10-30T22:07:00.417+0000] {docker.py:403} INFO - [13:108:1030/220700.411672:ERROR:bus.cc(407)] Failed to connect to the bus: Failed to connect to socket /var/run/dbus/system_bus_socket: No such file or directory
[2023-10-30T22:07:00.418+0000] {docker.py:403} INFO - [13:108:1030/220700.412078:ERROR:bus.cc(407)] Failed to connect to the bus: Failed to connect to socket /var/run/dbus/system_bus_socket: No such file or directory
[2023-10-30T22:07:00.420+0000] {docker.py:403} INFO - [13:108:1030/220700.412186:ERROR:bus.cc(407)] Failed to connect to the bus: Failed to connect to socket /var/run/dbus/system_bus_socket: No such file or directory
[2023-10-30T22:07:00.477+0000] {docker.py:403} INFO - [76:76:1030/220700.475487:ERROR:viz_main_impl.cc(196)] Exiting GPU process due to errors during initialization
[2023-10-30T22:07:42.451+0000] {docker.py:403} INFO - initialising bot
opening chrome (Linux)
open chrome
worked
https://www.google.com/search?q=Machine+Learning+Engineer+jobs&ibp=htl;jobs#htivrt=jobs
Number of listings: 10
Job ID: adQ1Q0AXdKshuCKpAAAAAA==
Company: Sonara
Remoto São Paulo
Saving Machine Learning Engineer job
CSV file created.
Job ID: M_oTh_ley47D4XJLAAAAAA==
Company: Token Metrics
Remoto Qualquer lugar
Saving Machine Learning Engineer job
CSV file created.
Job ID: RdMFuvCefYVJoHZpAAAAAA==
Company: BAIRESDEV
Remoto São José dos Campos, SP (+35)
Saving Machine Learning Engineer job
CSV file created.
Job ID: EvEdhZ6q7G5iyNqEAAAAAA==
Company: Clara
Remoto Qualquer lugar
Saving Machine Learning Engineer job
CSV file created.
Job ID: P4mFEIGRZq3NV_dHAAAAAA==
Company: Qintess
Remoto Qualquer lugar
Saving Machine Learning Engineer job
CSV file created.
Job ID: 9yjlltPbHY2RjmF5AAAAAA==
Company: Netvagas
Remoto Qualquer lugar
Saving Machine Learning Engineer job
CSV file created.
Job ID: Ef0rWFe30t0371_qAAAAAA==
Company: Sonara
Remoto Brasil
Saving Machine Learning Engineer job
CSV file created.
Job ID: Gmd3EjzrGpKbQjkGAAAAAA==
Company: Telnyx
Remoto São Paulo, SP
Saving Machine Learning Engineer job
CSV file created.
Job ID: Yq7zYCqxnnyuSvpwAAAAAA==
Company: Sonara
Remoto Brasília, DF
Saving Machine Learning Engineer job
CSV file created.
Job ID: orHRc73EF4FR7VFlAAAAAA==
Company: Amazing Devs
Remoto São Paulo, SP
Saving Machine Learning Engineer job
CSV file created.
https://www.google.com/search?q=Data+Engineer+jobs&ibp=htl;jobs#htivrt=jobs
Number of listings: 10
Job ID: 6G6XHpYo9T_36BkvAAAAAA==
Company: Nexer
Remoto Barueri, SP
Saving Data Engineer job
CSV file created.
Job ID: U-uUvpneYXj6VwIKAAAAAA==
Company: CI&T
Remoto Qualquer lugar
Saving Data Engineer job
CSV file created.
Job ID: 5tgj_WhOCkPmf7NgAAAAAA==
Company: Amazing Devs
Remoto São Paulo, SP
Saving Data Engineer job
CSV file created.
Job ID: kQlwz56JaEuqHJseAAAAAA==
Company: Zyte
Remoto Qualquer lugar
Saving Data Engineer job
CSV file created.
Job ID: 2GR_yx3P13vt_XnlAAAAAA==
Company: Boston Consulting Group
Remoto São Paulo, SP
Saving Data Engineer job
CSV file created.
Job ID: zclmu09nHVgoJPWbAAAAAA==
Company: BAIRESDEV
Remoto São José dos Campos, SP (+35)
Saving Data Engineer job
CSV file created.
Job ID: yUu8FTE9TZlwwwE6AAAAAA==
Company: Mars
Remoto São Paulo, SP
Saving Data Engineer job
CSV file created.
Job ID: JN45GiN82WTFPalAAAAAAA==
Company: Creditas
Remoto São Paulo, SP
Saving Data Engineer job
CSV file created.
Job ID: 6SIXE3f6Z_J8QqwAAAAAAA==
Company: Halliburton
Remoto Rio de Janeiro, RJ
Saving Data Engineer job
CSV file created.
Job ID: OI6t07-Ee8G5y52rAAAAAA==
Company: Nomad
Remoto São Paulo, SP
Saving Data Engineer job
CSV file created.
https://www.google.com/search?q=Data+Analyst+jobs&ibp=htl;jobs#htivrt=jobs
Number of listings: 10
Job ID: ZcC1Q2PHrwge_25FAAAAAA==
Company: Shopee
Remoto São Paulo, SP
Saving Data Analyst job
CSV file created.
Job ID: XcLC1C1bKke_1T-rAAAAAA==
Company: Agoda
Remoto São Paulo, SP
Saving Data Analyst job
CSV file created.
Job ID: xB1HuUNAY5DtJ7CBAAAAAA==
Company: GRABS
Remoto Indaiatuba, SP
Saving Data Analyst job
CSV file created.
Job ID: 10abq7D-8tiFw0fTAAAAAA==
Company: Peroptyx
Remoto Qualquer lugar
Saving Data Analyst job
CSV file created.
Job ID: vHW01cr1zaO4K-qjAAAAAA==
Company: Cognizant Technology Solutions
Remoto São Paulo, SP
Saving Data Analyst job
CSV file created.
Job ID: fqPWIcV73vqJjsjBAAAAAA==
Company: Media.Monks
Remoto São Paulo, SP
Saving Data Analyst job
CSV file created.
Job ID: 9PLDRy_NPlUb4CTbAAAAAA==
Company: Ericsson
Remoto São Paulo, SP
Saving Data Analyst job
CSV file created.
Job ID: 3NvmSrn2Q80-99EsAAAAAA==
Company: Citi
Remoto São Paulo, SP
Saving Data Analyst job
CSV file created.
Job ID: WnV4F7SfGwgNxFG3AAAAAA==
Company: Netvagas - (529683514)
Remoto Curitiba, PR
Saving Data Analyst job
CSV file created.
Job ID: IRykYV2_dZaAOxmuAAAAAA==
Company: Turing
Remoto Qualquer lugar
Saving Data Analyst job
CSV file created.
https://www.google.com/search?q=Data+Scientist+jobs&ibp=htl;jobs#htivrt=jobs
Number of listings: 10
Job ID: M_oTh_ley47D4XJLAAAAAA==
Company: Token Metrics
Remoto Qualquer lugar
Saving Data Scientist job
CSV file created.
Job ID: St4JggB7R1UyvahHAAAAAA==
Company: XP Inc.
Remoto São Paulo, SP
Saving Data Scientist job
CSV file created.
Job ID: mbL_dGlWAkN9r7DvAAAAAA==
Company: XP Inc.
Remoto Qualquer lugar
Saving Data Scientist job
CSV file created.
Job ID: zA4WMclJQow06hD5AAAAAA==
Company: Cargill
Remoto São Paulo, SP
Saving Data Scientist job
CSV file created.
Job ID: h-iWI1SREy6ufOBwAAAAAA==
Company: EMPREGARA
Remoto São Paulo, SP
Saving Data Scientist job
CSV file created.
Job ID: bS7w4xh5nhUmwlkcAAAAAA==
Company: Teramind
Remoto São Paulo, SP
Saving Data Scientist job
CSV file created.
Job ID: CVliNB5CRmPuPBHmAAAAAA==
Company: EMPREGARA
Remoto São Paulo, SP
Saving Data Scientist job
CSV file created.
Job ID: NQcEkO9cxSyQGbLkAAAAAA==
Company: ADP
Remoto Porto Alegre, RS
Saving Data Scientist job
CSV file created.
Job ID: ViOL0Erne5P-FFMlAAAAAA==
Company: Capgemini
Remoto Espírito Santo
Saving Data Scientist job
CSV file created.
Job ID: rPBwFiGW-IZdCC_iAAAAAA==
Company: Gistia Healthcare AI
Remoto Qualquer lugar
Saving Data Scientist job
CSV file created.
[2023-10-30T22:07:43.117+0000] {taskinstance.py:1350} INFO - Marking task as SUCCESS. dag_id=Extract_job_data_in_selenium_container, task_id=run_script_in_docker, execution_date=20231030T220656, start_date=20231030T220658, end_date=20231030T220743
[2023-10-30T22:07:43.159+0000] {local_task_job_runner.py:225} INFO - Task exited with return code 0
[2023-10-30T22:07:43.186+0000] {taskinstance.py:2653} INFO - 1 downstream tasks scheduled from follow-on schedule check
