[2023-10-23T21:31:08.359+0000] {taskinstance.py:1103} INFO - Dependencies all met for dep_context=non-requeueable deps ti=<TaskInstance: Extract_job_data_in_selenium_container.upload_to_s3 manual__2023-10-23T21:17:47.994524+00:00 [queued]>
[2023-10-23T21:31:08.371+0000] {taskinstance.py:1103} INFO - Dependencies all met for dep_context=requeueable deps ti=<TaskInstance: Extract_job_data_in_selenium_container.upload_to_s3 manual__2023-10-23T21:17:47.994524+00:00 [queued]>
[2023-10-23T21:31:08.371+0000] {taskinstance.py:1308} INFO - Starting attempt 1 of 2
[2023-10-23T21:31:08.390+0000] {taskinstance.py:1327} INFO - Executing <Task(BashOperator): upload_to_s3> on 2023-10-23 21:17:47.994524+00:00
[2023-10-23T21:31:08.397+0000] {standard_task_runner.py:57} INFO - Started process 298 to run task
[2023-10-23T21:31:08.401+0000] {standard_task_runner.py:84} INFO - Running: ['***', 'tasks', 'run', 'Extract_job_data_in_selenium_container', 'upload_to_s3', 'manual__2023-10-23T21:17:47.994524+00:00', '--job-id', '857', '--raw', '--subdir', 'DAGS_FOLDER/extract_job_data_dag.py', '--cfg-path', '/tmp/tmp8m1nikhg']
[2023-10-23T21:31:08.403+0000] {standard_task_runner.py:85} INFO - Job 857: Subtask upload_to_s3
[2023-10-23T21:31:08.465+0000] {task_command.py:410} INFO - Running <TaskInstance: Extract_job_data_in_selenium_container.upload_to_s3 manual__2023-10-23T21:17:47.994524+00:00 [running]> on host 4be7b32a0cc0
[2023-10-23T21:31:08.568+0000] {taskinstance.py:1547} INFO - Exporting env vars: AIRFLOW_CTX_DAG_OWNER='***' AIRFLOW_CTX_DAG_ID='Extract_job_data_in_selenium_container' AIRFLOW_CTX_TASK_ID='upload_to_s3' AIRFLOW_CTX_EXECUTION_DATE='2023-10-23T21:17:47.994524+00:00' AIRFLOW_CTX_TRY_NUMBER='1' AIRFLOW_CTX_DAG_RUN_ID='manual__2023-10-23T21:17:47.994524+00:00'
[2023-10-23T21:31:08.570+0000] {subprocess.py:63} INFO - Tmp dir root location: /tmp
[2023-10-23T21:31:08.571+0000] {subprocess.py:75} INFO - Running command: ['/bin/bash', '-c', 'python3 /opt/***/extraction/upload_aws_s3.py 20231023']
[2023-10-23T21:31:08.589+0000] {subprocess.py:86} INFO - Output:
[2023-10-23T21:31:10.920+0000] {subprocess.py:93} INFO - Traceback (most recent call last):
[2023-10-23T21:31:10.922+0000] {subprocess.py:93} INFO -   File "/opt/***/extraction/upload_aws_s3.py", line 73, in <module>
[2023-10-23T21:31:10.924+0000] {subprocess.py:93} INFO -     main()
[2023-10-23T21:31:10.926+0000] {subprocess.py:93} INFO -   File "/opt/***/extraction/upload_aws_s3.py", line 36, in main
[2023-10-23T21:31:10.928+0000] {subprocess.py:93} INFO -     upload_file_to_s3(conn)
[2023-10-23T21:31:10.930+0000] {subprocess.py:93} INFO -   File "/opt/***/extraction/upload_aws_s3.py", line 68, in upload_file_to_s3
[2023-10-23T21:31:10.931+0000] {subprocess.py:93} INFO -     Filename="/tmp/" + FILENAME, Bucket=BUCKET_NAME, Key=KEY
[2023-10-23T21:31:10.934+0000] {subprocess.py:93} INFO -   File "/home/***/.local/lib/python3.7/site-packages/boto3/s3/inject.py", line 148, in upload_file
[2023-10-23T21:31:10.935+0000] {subprocess.py:93} INFO -     callback=Callback,
[2023-10-23T21:31:10.936+0000] {subprocess.py:93} INFO -   File "/home/***/.local/lib/python3.7/site-packages/boto3/s3/transfer.py", line 292, in upload_file
[2023-10-23T21:31:10.937+0000] {subprocess.py:93} INFO -     future.result()
[2023-10-23T21:31:10.938+0000] {subprocess.py:93} INFO -   File "/home/***/.local/lib/python3.7/site-packages/s3transfer/futures.py", line 103, in result
[2023-10-23T21:31:10.939+0000] {subprocess.py:93} INFO -     return self._coordinator.result()
[2023-10-23T21:31:10.940+0000] {subprocess.py:93} INFO -   File "/home/***/.local/lib/python3.7/site-packages/s3transfer/futures.py", line 266, in result
[2023-10-23T21:31:10.941+0000] {subprocess.py:93} INFO -     raise self._exception
[2023-10-23T21:31:10.942+0000] {subprocess.py:93} INFO -   File "/home/***/.local/lib/python3.7/site-packages/s3transfer/tasks.py", line 269, in _main
[2023-10-23T21:31:10.943+0000] {subprocess.py:93} INFO -     self._submit(transfer_future=transfer_future, **kwargs)
[2023-10-23T21:31:10.944+0000] {subprocess.py:93} INFO -   File "/home/***/.local/lib/python3.7/site-packages/s3transfer/upload.py", line 585, in _submit
[2023-10-23T21:31:10.945+0000] {subprocess.py:93} INFO -     upload_input_manager.provide_transfer_size(transfer_future)
[2023-10-23T21:31:10.945+0000] {subprocess.py:93} INFO -   File "/home/***/.local/lib/python3.7/site-packages/s3transfer/upload.py", line 244, in provide_transfer_size
[2023-10-23T21:31:10.946+0000] {subprocess.py:93} INFO -     self._osutil.get_file_size(transfer_future.meta.call_args.fileobj)
[2023-10-23T21:31:10.947+0000] {subprocess.py:93} INFO -   File "/home/***/.local/lib/python3.7/site-packages/s3transfer/utils.py", line 247, in get_file_size
[2023-10-23T21:31:10.947+0000] {subprocess.py:93} INFO -     return os.path.getsize(filename)
[2023-10-23T21:31:10.948+0000] {subprocess.py:93} INFO -   File "/usr/local/lib/python3.7/genericpath.py", line 50, in getsize
[2023-10-23T21:31:10.948+0000] {subprocess.py:93} INFO -     return os.stat(filename).st_size
[2023-10-23T21:31:10.949+0000] {subprocess.py:93} INFO - FileNotFoundError: [Errno 2] No such file or directory: '/tmp/20231023.csv'
[2023-10-23T21:31:11.044+0000] {subprocess.py:97} INFO - Command exited with return code 1
[2023-10-23T21:31:11.066+0000] {taskinstance.py:1824} ERROR - Task failed with exception
Traceback (most recent call last):
  File "/home/airflow/.local/lib/python3.7/site-packages/airflow/operators/bash.py", line 211, in execute
    f"Bash command failed. The command returned a non-zero exit code {result.exit_code}."
airflow.exceptions.AirflowException: Bash command failed. The command returned a non-zero exit code 1.
[2023-10-23T21:31:11.074+0000] {taskinstance.py:1350} INFO - Marking task as UP_FOR_RETRY. dag_id=Extract_job_data_in_selenium_container, task_id=upload_to_s3, execution_date=20231023T211747, start_date=20231023T213108, end_date=20231023T213111
[2023-10-23T21:31:11.095+0000] {standard_task_runner.py:109} ERROR - Failed to execute job 857 for task upload_to_s3 (Bash command failed. The command returned a non-zero exit code 1.; 298)
[2023-10-23T21:31:11.144+0000] {local_task_job_runner.py:225} INFO - Task exited with return code 1
[2023-10-23T21:31:11.207+0000] {taskinstance.py:2653} INFO - 0 downstream tasks scheduled from follow-on schedule check
