[2023-10-30T18:16:25.975+0000] {taskinstance.py:1103} INFO - Dependencies all met for dep_context=non-requeueable deps ti=<TaskInstance: Extract_job_data_in_selenium_container.run_script_in_docker manual__2023-10-30T18:16:22.623308+00:00 [queued]>
[2023-10-30T18:16:26.004+0000] {taskinstance.py:1103} INFO - Dependencies all met for dep_context=requeueable deps ti=<TaskInstance: Extract_job_data_in_selenium_container.run_script_in_docker manual__2023-10-30T18:16:22.623308+00:00 [queued]>
[2023-10-30T18:16:26.005+0000] {taskinstance.py:1308} INFO - Starting attempt 1 of 2
[2023-10-30T18:16:26.046+0000] {taskinstance.py:1327} INFO - Executing <Task(DockerOperator): run_script_in_docker> on 2023-10-30 18:16:22.623308+00:00
[2023-10-30T18:16:26.077+0000] {standard_task_runner.py:57} INFO - Started process 95 to run task
[2023-10-30T18:16:26.093+0000] {standard_task_runner.py:84} INFO - Running: ['***', 'tasks', 'run', 'Extract_job_data_in_selenium_container', 'run_script_in_docker', 'manual__2023-10-30T18:16:22.623308+00:00', '--job-id', '897', '--raw', '--subdir', 'DAGS_FOLDER/extract_job_data_dag.py', '--cfg-path', '/tmp/tmp2kc5yxwu']
[2023-10-30T18:16:26.095+0000] {standard_task_runner.py:85} INFO - Job 897: Subtask run_script_in_docker
[2023-10-30T18:16:26.280+0000] {task_command.py:410} INFO - Running <TaskInstance: Extract_job_data_in_selenium_container.run_script_in_docker manual__2023-10-30T18:16:22.623308+00:00 [running]> on host 4be7b32a0cc0
[2023-10-30T18:16:26.516+0000] {taskinstance.py:1547} INFO - Exporting env vars: AIRFLOW_CTX_DAG_OWNER='***' AIRFLOW_CTX_DAG_ID='Extract_job_data_in_selenium_container' AIRFLOW_CTX_TASK_ID='run_script_in_docker' AIRFLOW_CTX_EXECUTION_DATE='2023-10-30T18:16:22.623308+00:00' AIRFLOW_CTX_TRY_NUMBER='1' AIRFLOW_CTX_DAG_RUN_ID='manual__2023-10-30T18:16:22.623308+00:00'
[2023-10-30T18:16:26.601+0000] {docker.py:334} INFO - Starting docker container from image webscrape-container
[2023-10-30T18:16:26.674+0000] {docker.py:343} WARNING - Using remote engine or docker-in-docker and mounting temporary volume from host is not supported. Falling back to `mount_tmp_dir=False` mode. You can set `mount_tmp_dir` parameter to False to disable mounting and remove the warning
[2023-10-30T18:16:31.674+0000] {docker.py:403} INFO - [13:60:1030/181631.672874:ERROR:bus.cc(406)] Failed to connect to the bus: Failed to connect to socket /var/run/dbus/system_bus_socket: No such file or directory
[2023-10-30T18:16:32.702+0000] {docker.py:403} INFO - [13:63:1030/181632.700798:ERROR:bus.cc(406)] Failed to connect to the bus: Failed to connect to socket /var/run/dbus/system_bus_socket: No such file or directory
[13:63:1030/181632.700885:ERROR:bus.cc(406)] Failed to connect to the bus: Failed to connect to socket /var/run/dbus/system_bus_socket: No such file or directory
[2023-10-30T18:16:32.773+0000] {docker.py:403} INFO - [13:60:1030/181632.772015:ERROR:bus.cc(406)] Failed to connect to the bus: Could not parse server address: Unknown address type (examples of valid types are "tcp" and on UNIX "unix")
[2023-10-30T18:16:32.782+0000] {docker.py:403} INFO - [13:60:1030/181632.781944:ERROR:bus.cc(406)] Failed to connect to the bus: Could not parse server address: Unknown address type (examples of valid types are "tcp" and on UNIX "unix")
[13:60:1030/181632.781978:ERROR:bus.cc(406)] Failed to connect to the bus: Could not parse server address: Unknown address type (examples of valid types are "tcp" and on UNIX "unix")
[13:60:1030/181632.781989:ERROR:bus.cc(406)] Failed to connect to the bus: Could not parse server address: Unknown address type (examples of valid types are "tcp" and on UNIX "unix")
[2023-10-30T18:16:32.943+0000] {docker.py:403} INFO - [13:60:1030/181632.940280:ERROR:bus.cc(406)] Failed to connect to the bus: Could not parse server address: Unknown address type (examples of valid types are "tcp" and on UNIX "unix")
[13:60:1030/181632.940377:ERROR:bus.cc(406)] Failed to connect to the bus: Could not parse server address: Unknown address type (examples of valid types are "tcp" and on UNIX "unix")
[2023-10-30T18:16:33.319+0000] {docker.py:403} INFO - DevTools listening on ws://127.0.0.1:4444/devtools/browser/507bbd32-6160-4b11-bfe1-4d8f1af54ac7
[2023-10-30T18:16:33.553+0000] {docker.py:403} INFO - [13:13:1030/181633.548974:ERROR:object_proxy.cc(576)] Failed to call method: org.freedesktop.portal.Settings.Read: object_path= /org/freedesktop/portal/desktop: unknown error type:
[2023-10-30T18:16:33.844+0000] {docker.py:403} INFO - [13:111:1030/181633.840013:ERROR:bus.cc(406)] Failed to connect to the bus: Failed to connect to socket /var/run/dbus/system_bus_socket: No such file or directory
[13:111:1030/181633.840291:ERROR:bus.cc(406)] Failed to connect to the bus: Failed to connect to socket /var/run/dbus/system_bus_socket: No such file or directory
[2023-10-30T18:16:33.846+0000] {docker.py:403} INFO - [13:111:1030/181633.841706:ERROR:bus.cc(406)] Failed to connect to the bus: Failed to connect to socket /var/run/dbus/system_bus_socket: No such file or directory
[2023-10-30T18:16:33.848+0000] {docker.py:403} INFO - [13:111:1030/181633.842611:ERROR:bus.cc(406)] Failed to connect to the bus: Failed to connect to socket /var/run/dbus/system_bus_socket: No such file or directory
[2023-10-30T18:16:33.853+0000] {docker.py:403} INFO - [13:111:1030/181633.849642:ERROR:bus.cc(406)] Failed to connect to the bus: Failed to connect to socket /var/run/dbus/system_bus_socket: No such file or directory
[2023-10-30T18:16:34.044+0000] {docker.py:403} INFO - [71:71:1030/181634.043729:ERROR:viz_main_impl.cc(196)] Exiting GPU process due to errors during initialization
[2023-10-30T18:17:38.080+0000] {docker.py:403} INFO - initialising bot
opening chrome (Linux)
open chrome
https://www.google.com/search?q=Machine+Learning+Engineer+jobs&ibp=htl;jobs#htivrt=jobs
Number of listings: 10
Job ID: adQ1Q0AXdKshuCKpAAAAAA==
Company: Sonara
Remoto São Paulo
Saving Machine Learning Engineer job
CSV file created.
Job ID: M_oTh_ley47D4XJLAAAAAA==
Company: Token Metrics
Remoto Qualquer lugar
Saving Machine Learning Engineer job
CSV file created.
Job ID: RdMFuvCefYVJoHZpAAAAAA==
Company: BAIRESDEV
Remoto São José dos Campos, SP (+35)
Saving Machine Learning Engineer job
CSV file created.
Job ID: EvEdhZ6q7G5iyNqEAAAAAA==
Company: Clara
Remoto Qualquer lugar
Saving Machine Learning Engineer job
CSV file created.
Job ID: P4mFEIGRZq3NV_dHAAAAAA==
Company: Qintess
Remoto Qualquer lugar
Saving Machine Learning Engineer job
CSV file created.
Job ID: 9yjlltPbHY2RjmF5AAAAAA==
Company: Netvagas
Remoto Qualquer lugar
Saving Machine Learning Engineer job
CSV file created.
Job ID: Ef0rWFe30t0371_qAAAAAA==
Company: Sonara
Remoto Brasil
Saving Machine Learning Engineer job
CSV file created.
Job ID: Gmd3EjzrGpKbQjkGAAAAAA==
Company: Telnyx
Remoto São Paulo, SP
Saving Machine Learning Engineer job
CSV file created.
Job ID: Yq7zYCqxnnyuSvpwAAAAAA==
Company: Sonara
Remoto Brasília, DF
Saving Machine Learning Engineer job
CSV file created.
Job ID: orHRc73EF4FR7VFlAAAAAA==
Company: Amazing Devs
Remoto São Paulo, SP
Saving Machine Learning Engineer job
CSV file created.
https://www.google.com/search?q=Data+Engineer+jobs&ibp=htl;jobs#htivrt=jobs
Number of listings: 10
Job ID: 6G6XHpYo9T_36BkvAAAAAA==
Company: Nexer
Remoto Barueri, SP
Saving Data Engineer job
CSV file created.
Job ID: U-uUvpneYXj6VwIKAAAAAA==
Company: CI&T
Remoto Qualquer lugar
Saving Data Engineer job
CSV file created.
Job ID: 5tgj_WhOCkPmf7NgAAAAAA==
Company: Amazing Devs
Remoto São Paulo, SP
Saving Data Engineer job
CSV file created.
Job ID: z06fZQNO6we1j1VcAAAAAA==
Company: Quero Educação
Remoto São José dos Campos, SP
Saving Data Engineer job
CSV file created.
Job ID: yUu8FTE9TZlwwwE6AAAAAA==
Company: Mars
Remoto São Paulo, SP
Saving Data Engineer job
CSV file created.
Job ID: JN45GiN82WTFPalAAAAAAA==
Company: Creditas
Remoto São Paulo, SP
Saving Data Engineer job
CSV file created.
Job ID: 6SIXE3f6Z_J8QqwAAAAAAA==
Company: Halliburton
Remoto Rio de Janeiro, RJ
Saving Data Engineer job
CSV file created.
Job ID: nMLCrSg-mtDEdGyDAAAAAA==
Company: Netvagas
Remoto Qualquer lugar
Saving Data Engineer job
CSV file created.
Job ID: lJy6D_znasO2U3PoAAAAAA==
Company: PAGALEVE
Remoto São Paulo, SP
Saving Data Engineer job
CSV file created.
Job ID: boLkJbEQxxlNr0WzAAAAAA==
Company: Token Metrics
Remoto Qualquer lugar
Saving Data Engineer job
CSV file created.
https://www.google.com/search?q=Data+Analyst+jobs&ibp=htl;jobs#htivrt=jobs
Number of listings: 10
Job ID: ZcC1Q2PHrwge_25FAAAAAA==
Company: Shopee
Remoto São Paulo, SP
Saving Data Analyst job
CSV file created.
Job ID: 10abq7D-8tiFw0fTAAAAAA==
Company: Peroptyx
Remoto Qualquer lugar
Saving Data Analyst job
CSV file created.
Job ID: xB1HuUNAY5DtJ7CBAAAAAA==
Company: GRABS
Remoto Indaiatuba, SP
Saving Data Analyst job
CSV file created.
Job ID: fqPWIcV73vqJjsjBAAAAAA==
Company: Media.Monks
Remoto São Paulo, SP
Saving Data Analyst job
CSV file created.
Job ID: vHW01cr1zaO4K-qjAAAAAA==
Company: Cognizant Technology Solutions
Remoto São Paulo, SP
Saving Data Analyst job
CSV file created.
Job ID: 9PLDRy_NPlUb4CTbAAAAAA==
Company: Ericsson
Remoto São Paulo, SP
Saving Data Analyst job
CSV file created.
Job ID: gyyi34aJxt85gLZiAAAAAA==
Company: Pentasia
Remoto Qualquer lugar
Saving Data Analyst job
CSV file created.
Job ID: 3NvmSrn2Q80-99EsAAAAAA==
Company: Citi
Remoto São Paulo, SP
Saving Data Analyst job
CSV file created.
Job ID: 1cY0eNDEAWUpXIAlAAAAAA==
Company: Prometeo Talent
Remoto São Paulo, SP
Saving Data Analyst job
CSV file created.
Job ID: IRykYV2_dZaAOxmuAAAAAA==
Company: Turing
Remoto Qualquer lugar
Saving Data Analyst job
CSV file created.
https://www.google.com/search?q=Data+Scientist+jobs&ibp=htl;jobs#htivrt=jobs
Number of listings: 10
Job ID: M_oTh_ley47D4XJLAAAAAA==
Company: Token Metrics
Remoto Qualquer lugar
Saving Data Scientist job
CSV file created.
Job ID: St4JggB7R1UyvahHAAAAAA==
Company: XP Inc.
Remoto São Paulo, SP
Saving Data Scientist job
CSV file created.
Job ID: mbL_dGlWAkN9r7DvAAAAAA==
Company: XP Inc.
Remoto Qualquer lugar
Saving Data Scientist job
CSV file created.
Job ID: zA4WMclJQow06hD5AAAAAA==
Company: Cargill
Remoto São Paulo, SP
Saving Data Scientist job
CSV file created.
Job ID: h-iWI1SREy6ufOBwAAAAAA==
Company: EMPREGARA
Remoto São Paulo, SP
Saving Data Scientist job
CSV file created.
Job ID: bS7w4xh5nhUmwlkcAAAAAA==
Company: Teramind
Remoto São Paulo, SP
Saving Data Scientist job
CSV file created.
Job ID: CVliNB5CRmPuPBHmAAAAAA==
Company: EMPREGARA
Remoto São Paulo, SP
Saving Data Scientist job
CSV file created.
Job ID: enjeYT86u9_KSnXUAAAAAA==
Company: PROATIVA RH
Remoto São Paulo, SP
Saving Data Scientist job
CSV file created.
Job ID: ViOL0Erne5P-FFMlAAAAAA==
Company: Capgemini
Remoto Espírito Santo
Saving Data Scientist job
CSV file created.
Job ID: NQcEkO9cxSyQGbLkAAAAAA==
Company: ADP
Remoto Porto Alegre, RS
Saving Data Scientist job
CSV file created.
[2023-10-30T18:17:38.810+0000] {taskinstance.py:1350} INFO - Marking task as SUCCESS. dag_id=Extract_job_data_in_selenium_container, task_id=run_script_in_docker, execution_date=20231030T181622, start_date=20231030T181625, end_date=20231030T181738
[2023-10-30T18:17:38.880+0000] {local_task_job_runner.py:225} INFO - Task exited with return code 0
[2023-10-30T18:17:38.937+0000] {taskinstance.py:2653} INFO - 1 downstream tasks scheduled from follow-on schedule check
