[2023-10-30T22:02:23.689+0000] {taskinstance.py:1103} INFO - Dependencies all met for dep_context=non-requeueable deps ti=<TaskInstance: Extract_job_data_in_selenium_container.run_script_in_docker manual__2023-10-30T22:02:21.406318+00:00 [queued]>
[2023-10-30T22:02:23.702+0000] {taskinstance.py:1103} INFO - Dependencies all met for dep_context=requeueable deps ti=<TaskInstance: Extract_job_data_in_selenium_container.run_script_in_docker manual__2023-10-30T22:02:21.406318+00:00 [queued]>
[2023-10-30T22:02:23.702+0000] {taskinstance.py:1308} INFO - Starting attempt 1 of 2
[2023-10-30T22:02:23.721+0000] {taskinstance.py:1327} INFO - Executing <Task(DockerOperator): run_script_in_docker> on 2023-10-30 22:02:21.406318+00:00
[2023-10-30T22:02:23.728+0000] {standard_task_runner.py:57} INFO - Started process 4014 to run task
[2023-10-30T22:02:23.732+0000] {standard_task_runner.py:84} INFO - Running: ['***', 'tasks', 'run', 'Extract_job_data_in_selenium_container', 'run_script_in_docker', 'manual__2023-10-30T22:02:21.406318+00:00', '--job-id', '902', '--raw', '--subdir', 'DAGS_FOLDER/extract_job_data_dag.py', '--cfg-path', '/tmp/tmpj9rts2ua']
[2023-10-30T22:02:23.734+0000] {standard_task_runner.py:85} INFO - Job 902: Subtask run_script_in_docker
[2023-10-30T22:02:23.795+0000] {task_command.py:410} INFO - Running <TaskInstance: Extract_job_data_in_selenium_container.run_script_in_docker manual__2023-10-30T22:02:21.406318+00:00 [running]> on host 4be7b32a0cc0
[2023-10-30T22:02:23.903+0000] {taskinstance.py:1547} INFO - Exporting env vars: AIRFLOW_CTX_DAG_OWNER='***' AIRFLOW_CTX_DAG_ID='Extract_job_data_in_selenium_container' AIRFLOW_CTX_TASK_ID='run_script_in_docker' AIRFLOW_CTX_EXECUTION_DATE='2023-10-30T22:02:21.406318+00:00' AIRFLOW_CTX_TRY_NUMBER='1' AIRFLOW_CTX_DAG_RUN_ID='manual__2023-10-30T22:02:21.406318+00:00'
[2023-10-30T22:02:23.936+0000] {docker.py:334} INFO - Starting docker container from image webscrape-container
[2023-10-30T22:02:23.959+0000] {docker.py:343} WARNING - Using remote engine or docker-in-docker and mounting temporary volume from host is not supported. Falling back to `mount_tmp_dir=False` mode. You can set `mount_tmp_dir` parameter to False to disable mounting and remove the warning
[2023-10-30T22:02:25.669+0000] {docker.py:403} INFO - [13:59:1030/220225.667462:ERROR:bus.cc(407)] Failed to connect to the bus: Failed to connect to socket /var/run/dbus/system_bus_socket: No such file or directory
[2023-10-30T22:02:25.965+0000] {docker.py:403} INFO - [13:66:1030/220225.964590:ERROR:bus.cc(407)] Failed to connect to the bus: Failed to connect to socket /var/run/dbus/system_bus_socket: No such file or directory
[13:66:1030/220225.964758:ERROR:bus.cc(407)] Failed to connect to the bus: Failed to connect to socket /var/run/dbus/system_bus_socket: No such file or directory
[2023-10-30T22:02:26.018+0000] {docker.py:403} INFO - [13:59:1030/220226.015829:ERROR:bus.cc(407)] Failed to connect to the bus: Could not parse server address: Unknown address type (examples of valid types are "tcp" and on UNIX "unix")
[2023-10-30T22:02:26.030+0000] {docker.py:403} INFO - [13:59:1030/220226.017894:ERROR:bus.cc(407)] Failed to connect to the bus: Could not parse server address: Unknown address type (examples of valid types are "tcp" and on UNIX "unix")
[13:59:1030/220226.018321:ERROR:bus.cc(407)] Failed to connect to the bus: Could not parse server address: Unknown address type (examples of valid types are "tcp" and on UNIX "unix")
[13:59:1030/220226.018420:ERROR:bus.cc(407)] Failed to connect to the bus: Could not parse server address: Unknown address type (examples of valid types are "tcp" and on UNIX "unix")
[2023-10-30T22:02:26.129+0000] {docker.py:403} INFO - [13:59:1030/220226.128624:ERROR:bus.cc(407)] Failed to connect to the bus: Could not parse server address: Unknown address type (examples of valid types are "tcp" and on UNIX "unix")
[13:59:1030/220226.128665:ERROR:bus.cc(407)] Failed to connect to the bus: Could not parse server address: Unknown address type (examples of valid types are "tcp" and on UNIX "unix")
[2023-10-30T22:02:26.415+0000] {docker.py:403} INFO - DevTools listening on ws://127.0.0.1:4444/devtools/browser/c3324ec3-8156-4d47-beca-f6ce32df0aba
[2023-10-30T22:02:26.723+0000] {docker.py:403} INFO - [13:145:1030/220226.721627:ERROR:bus.cc(407)] Failed to connect to the bus: Failed to connect to socket /var/run/dbus/system_bus_socket: No such file or directory
[2023-10-30T22:02:26.723+0000] {docker.py:403} INFO - [13:145:1030/220226.721703:ERROR:bus.cc(407)] Failed to connect to the bus: Failed to connect to socket /var/run/dbus/system_bus_socket: No such file or directory
[13:145:1030/220226.721767:ERROR:bus.cc(407)] Failed to connect to the bus: Failed to connect to socket /var/run/dbus/system_bus_socket: No such file or directory
[13:145:1030/220226.721812:ERROR:bus.cc(407)] Failed to connect to the bus: Failed to connect to socket /var/run/dbus/system_bus_socket: No such file or directory
[13:145:1030/220226.721837:ERROR:bus.cc(407)] Failed to connect to the bus: Failed to connect to socket /var/run/dbus/system_bus_socket: No such file or directory
[2023-10-30T22:02:26.771+0000] {docker.py:403} INFO - [73:73:1030/220226.764326:ERROR:viz_main_impl.cc(196)] Exiting GPU process due to errors during initialization
[2023-10-30T22:03:31.528+0000] {docker.py:403} INFO - initialising bot
opening chrome (Linux)
open chrome
worked
https://www.google.com/search?q=Machine+Learning+Engineer+jobs&ibp=htl;jobs#htivrt=jobs
Number of listings: 20
Job ID: adQ1Q0AXdKshuCKpAAAAAA==
Company: Sonara
Remoto São Paulo
Saving Machine Learning Engineer job
CSV file created.
Job ID: M_oTh_ley47D4XJLAAAAAA==
Company: Token Metrics
Remoto Qualquer lugar
Saving Machine Learning Engineer job
CSV file created.
Job ID: RdMFuvCefYVJoHZpAAAAAA==
Company: BAIRESDEV
Remoto São José dos Campos, SP (+35)
Saving Machine Learning Engineer job
CSV file created.
Job ID: EvEdhZ6q7G5iyNqEAAAAAA==
Company: Clara
Remoto Qualquer lugar
Saving Machine Learning Engineer job
CSV file created.
Job ID: P4mFEIGRZq3NV_dHAAAAAA==
Company: Qintess
Remoto Qualquer lugar
Saving Machine Learning Engineer job
CSV file created.
Job ID: 9yjlltPbHY2RjmF5AAAAAA==
Company: Netvagas
Remoto Qualquer lugar
Saving Machine Learning Engineer job
CSV file created.
Job ID: Ef0rWFe30t0371_qAAAAAA==
Company: Sonara
Remoto Brasil
Saving Machine Learning Engineer job
CSV file created.
Job ID: Gmd3EjzrGpKbQjkGAAAAAA==
Company: Telnyx
Remoto São Paulo, SP
Saving Machine Learning Engineer job
CSV file created.
Job ID: Yq7zYCqxnnyuSvpwAAAAAA==
Company: Sonara
Remoto Brasília, DF
Saving Machine Learning Engineer job
CSV file created.
Job ID: orHRc73EF4FR7VFlAAAAAA==
Company: Amazing Devs
Remoto São Paulo, SP
Saving Machine Learning Engineer job
CSV file created.
Job ID: Vej123eYZWmGAEK3AAAAAA==
Company: Qintess
Remoto Qualquer lugar
Saving Machine Learning Engineer job
CSV file created.
Job ID: 4gbMh-W8DGRFbSXkAAAAAA==
Company: Pier
Remoto Brasil
Saving Machine Learning Engineer job
CSV file created.
Job ID: nOM7B3IX0SPy0WGqAAAAAA==
Company: Fraudio
Remoto São Paulo, SP
Saving Machine Learning Engineer job
CSV file created.
Job ID: ZxoYeLIMQgn9bbpSAAAAAA==
Company: HBSIS
Remoto São Paulo
Saving Machine Learning Engineer job
CSV file created.
Job ID: 3lcbT_KQjTkMM-tPAAAAAA==
Company: Experian
Remoto São Paulo, SP
Saving Machine Learning Engineer job
CSV file created.
Job ID: 3yEkvYY-JlrYUZIMAAAAAA==
Company: Chatlayer
Remoto São Paulo, SP
Saving Machine Learning Engineer job
CSV file created.
Job ID: 3Tcn5BbrkZ_DysMXAAAAAA==
Company: Thomson Reuters
Remoto São Paulo, SP
Saving Machine Learning Engineer job
CSV file created.
Job ID: KO7aQkyPPRT2x1v3AAAAAA==
Company: Bain & Company
Remoto São Paulo, SP
Saving Machine Learning Engineer job
CSV file created.
Job ID: V3vrsAhn-S1QsInnAAAAAA==
Company: Netvagas
Remoto São Paulo, SP
Saving Machine Learning Engineer job
CSV file created.
Job ID: Atbke5QYTtweMnCeAAAAAA==
Company: Fusemachines
Remoto Qualquer lugar
Saving Machine Learning Engineer job
CSV file created.
https://www.google.com/search?q=Data+Engineer+jobs&ibp=htl;jobs#htivrt=jobs
Number of listings: 10
Job ID: 6G6XHpYo9T_36BkvAAAAAA==
Company: Nexer
Remoto Barueri, SP
Saving Data Engineer job
CSV file created.
Job ID: U-uUvpneYXj6VwIKAAAAAA==
Company: CI&T
Remoto Qualquer lugar
Saving Data Engineer job
CSV file created.
Job ID: 5tgj_WhOCkPmf7NgAAAAAA==
Company: Amazing Devs
Remoto São Paulo, SP
Saving Data Engineer job
CSV file created.
Job ID: kQlwz56JaEuqHJseAAAAAA==
Company: Zyte
Remoto Qualquer lugar
Saving Data Engineer job
CSV file created.
Job ID: 2GR_yx3P13vt_XnlAAAAAA==
Company: Boston Consulting Group
Remoto São Paulo, SP
Saving Data Engineer job
CSV file created.
Job ID: zclmu09nHVgoJPWbAAAAAA==
Company: BAIRESDEV
Remoto São José dos Campos, SP (+35)
Saving Data Engineer job
CSV file created.
Job ID: yUu8FTE9TZlwwwE6AAAAAA==
Company: Mars
Remoto São Paulo, SP
Saving Data Engineer job
CSV file created.
Job ID: JN45GiN82WTFPalAAAAAAA==
Company: Creditas
Remoto São Paulo, SP
Saving Data Engineer job
CSV file created.
Job ID: 6SIXE3f6Z_J8QqwAAAAAAA==
Company: Halliburton
Remoto Rio de Janeiro, RJ
Saving Data Engineer job
CSV file created.
Job ID: OI6t07-Ee8G5y52rAAAAAA==
Company: Nomad
Remoto São Paulo, SP
Saving Data Engineer job
CSV file created.
https://www.google.com/search?q=Data+Analyst+jobs&ibp=htl;jobs#htivrt=jobs
Number of listings: 10
Job ID: ZcC1Q2PHrwge_25FAAAAAA==
Company: Shopee
Remoto São Paulo, SP
Saving Data Analyst job
CSV file created.
Job ID: XcLC1C1bKke_1T-rAAAAAA==
Company: Agoda
Remoto São Paulo, SP
Saving Data Analyst job
CSV file created.
Job ID: xB1HuUNAY5DtJ7CBAAAAAA==
Company: GRABS
Remoto Indaiatuba, SP
Saving Data Analyst job
CSV file created.
Job ID: 10abq7D-8tiFw0fTAAAAAA==
Company: Peroptyx
Remoto Qualquer lugar
Saving Data Analyst job
CSV file created.
Job ID: vHW01cr1zaO4K-qjAAAAAA==
Company: Cognizant Technology Solutions
Remoto São Paulo, SP
Saving Data Analyst job
CSV file created.
Job ID: fqPWIcV73vqJjsjBAAAAAA==
Company: Media.Monks
Remoto São Paulo, SP
Saving Data Analyst job
CSV file created.
Job ID: 9PLDRy_NPlUb4CTbAAAAAA==
Company: Ericsson
Remoto São Paulo, SP
Saving Data Analyst job
CSV file created.
Job ID: 3NvmSrn2Q80-99EsAAAAAA==
Company: Citi
Remoto São Paulo, SP
Saving Data Analyst job
CSV file created.
Job ID: WnV4F7SfGwgNxFG3AAAAAA==
Company: Netvagas - (529683514)
Remoto Curitiba, PR
Saving Data Analyst job
CSV file created.
Job ID: IRykYV2_dZaAOxmuAAAAAA==
Company: Turing
Remoto Qualquer lugar
Saving Data Analyst job
CSV file created.
https://www.google.com/search?q=Data+Scientist+jobs&ibp=htl;jobs#htivrt=jobs
Number of listings: 10
Job ID: M_oTh_ley47D4XJLAAAAAA==
Company: Token Metrics
Remoto Qualquer lugar
Saving Data Scientist job
CSV file created.
Job ID: St4JggB7R1UyvahHAAAAAA==
Company: XP Inc.
Remoto São Paulo, SP
Saving Data Scientist job
CSV file created.
Job ID: mbL_dGlWAkN9r7DvAAAAAA==
Company: XP Inc.
Remoto Qualquer lugar
Saving Data Scientist job
CSV file created.
Job ID: zA4WMclJQow06hD5AAAAAA==
Company: Cargill
Remoto São Paulo, SP
Saving Data Scientist job
CSV file created.
Job ID: h-iWI1SREy6ufOBwAAAAAA==
Company: EMPREGARA
Remoto São Paulo, SP
Saving Data Scientist job
CSV file created.
Job ID: bS7w4xh5nhUmwlkcAAAAAA==
Company: Teramind
Remoto São Paulo, SP
Saving Data Scientist job
CSV file created.
Job ID: CVliNB5CRmPuPBHmAAAAAA==
Company: EMPREGARA
Remoto São Paulo, SP
Saving Data Scientist job
CSV file created.
Job ID: NQcEkO9cxSyQGbLkAAAAAA==
Company: ADP
Remoto Porto Alegre, RS
Saving Data Scientist job
CSV file created.
Job ID: ViOL0Erne5P-FFMlAAAAAA==
Company: Capgemini
Remoto Espírito Santo
Saving Data Scientist job
CSV file created.
Job ID: rPBwFiGW-IZdCC_iAAAAAA==
Company: Gistia Healthcare AI
Remoto Qualquer lugar
Saving Data Scientist job
CSV file created.
[2023-10-30T22:03:32.194+0000] {taskinstance.py:1350} INFO - Marking task as SUCCESS. dag_id=Extract_job_data_in_selenium_container, task_id=run_script_in_docker, execution_date=20231030T220221, start_date=20231030T220223, end_date=20231030T220332
[2023-10-30T22:03:32.283+0000] {local_task_job_runner.py:225} INFO - Task exited with return code 0
[2023-10-30T22:03:32.310+0000] {taskinstance.py:2653} INFO - 1 downstream tasks scheduled from follow-on schedule check
