[2023-10-09T22:10:01.092+0000] {taskinstance.py:1103} INFO - Dependencies all met for dep_context=non-requeueable deps ti=<TaskInstance: Extract_job_data_in_selenium_container.upload_to_s3 manual__2023-10-09T22:03:56.211172+00:00 [queued]>
[2023-10-09T22:10:01.103+0000] {taskinstance.py:1103} INFO - Dependencies all met for dep_context=requeueable deps ti=<TaskInstance: Extract_job_data_in_selenium_container.upload_to_s3 manual__2023-10-09T22:03:56.211172+00:00 [queued]>
[2023-10-09T22:10:01.103+0000] {taskinstance.py:1308} INFO - Starting attempt 2 of 2
[2023-10-09T22:10:01.120+0000] {taskinstance.py:1327} INFO - Executing <Task(BashOperator): upload_to_s3> on 2023-10-09 22:03:56.211172+00:00
[2023-10-09T22:10:01.126+0000] {standard_task_runner.py:57} INFO - Started process 1219 to run task
[2023-10-09T22:10:01.130+0000] {standard_task_runner.py:84} INFO - Running: ['***', 'tasks', 'run', 'Extract_job_data_in_selenium_container', 'upload_to_s3', 'manual__2023-10-09T22:03:56.211172+00:00', '--job-id', '746', '--raw', '--subdir', 'DAGS_FOLDER/extract_job_data_dag.py', '--cfg-path', '/tmp/tmpzf18lbr8']
[2023-10-09T22:10:01.131+0000] {standard_task_runner.py:85} INFO - Job 746: Subtask upload_to_s3
[2023-10-09T22:10:01.213+0000] {task_command.py:410} INFO - Running <TaskInstance: Extract_job_data_in_selenium_container.upload_to_s3 manual__2023-10-09T22:03:56.211172+00:00 [running]> on host 18e533bd1f06
[2023-10-09T22:10:01.302+0000] {taskinstance.py:1547} INFO - Exporting env vars: AIRFLOW_CTX_DAG_OWNER='***' AIRFLOW_CTX_DAG_ID='Extract_job_data_in_selenium_container' AIRFLOW_CTX_TASK_ID='upload_to_s3' AIRFLOW_CTX_EXECUTION_DATE='2023-10-09T22:03:56.211172+00:00' AIRFLOW_CTX_TRY_NUMBER='2' AIRFLOW_CTX_DAG_RUN_ID='manual__2023-10-09T22:03:56.211172+00:00'
[2023-10-09T22:10:01.304+0000] {subprocess.py:63} INFO - Tmp dir root location: /tmp
[2023-10-09T22:10:01.305+0000] {subprocess.py:75} INFO - Running command: ['/bin/bash', '-c', 'python3 /opt/***/extraction/upload_aws_s3.py 20231009']
[2023-10-09T22:10:01.319+0000] {subprocess.py:86} INFO - Output:
[2023-10-09T22:10:02.975+0000] {subprocess.py:93} INFO - Traceback (most recent call last):
[2023-10-09T22:10:02.976+0000] {subprocess.py:93} INFO -   File "/opt/***/extraction/upload_aws_s3.py", line 73, in <module>
[2023-10-09T22:10:02.977+0000] {subprocess.py:93} INFO -     main()
[2023-10-09T22:10:02.978+0000] {subprocess.py:93} INFO -   File "/opt/***/extraction/upload_aws_s3.py", line 36, in main
[2023-10-09T22:10:02.979+0000] {subprocess.py:93} INFO -     upload_file_to_s3(conn)
[2023-10-09T22:10:02.980+0000] {subprocess.py:93} INFO -   File "/opt/***/extraction/upload_aws_s3.py", line 68, in upload_file_to_s3
[2023-10-09T22:10:02.981+0000] {subprocess.py:93} INFO -     Filename="/tmp/" + FILENAME, Bucket=BUCKET_NAME, Key=KEY
[2023-10-09T22:10:02.982+0000] {subprocess.py:93} INFO -   File "/home/***/.local/lib/python3.7/site-packages/boto3/s3/inject.py", line 148, in upload_file
[2023-10-09T22:10:02.983+0000] {subprocess.py:93} INFO -     callback=Callback,
[2023-10-09T22:10:02.983+0000] {subprocess.py:93} INFO -   File "/home/***/.local/lib/python3.7/site-packages/boto3/s3/transfer.py", line 292, in upload_file
[2023-10-09T22:10:02.984+0000] {subprocess.py:93} INFO -     future.result()
[2023-10-09T22:10:02.985+0000] {subprocess.py:93} INFO -   File "/home/***/.local/lib/python3.7/site-packages/s3transfer/futures.py", line 103, in result
[2023-10-09T22:10:02.985+0000] {subprocess.py:93} INFO -     return self._coordinator.result()
[2023-10-09T22:10:02.986+0000] {subprocess.py:93} INFO -   File "/home/***/.local/lib/python3.7/site-packages/s3transfer/futures.py", line 266, in result
[2023-10-09T22:10:02.987+0000] {subprocess.py:93} INFO -     raise self._exception
[2023-10-09T22:10:02.988+0000] {subprocess.py:93} INFO -   File "/home/***/.local/lib/python3.7/site-packages/s3transfer/tasks.py", line 269, in _main
[2023-10-09T22:10:02.988+0000] {subprocess.py:93} INFO -     self._submit(transfer_future=transfer_future, **kwargs)
[2023-10-09T22:10:02.989+0000] {subprocess.py:93} INFO -   File "/home/***/.local/lib/python3.7/site-packages/s3transfer/upload.py", line 585, in _submit
[2023-10-09T22:10:02.991+0000] {subprocess.py:93} INFO -     upload_input_manager.provide_transfer_size(transfer_future)
[2023-10-09T22:10:02.992+0000] {subprocess.py:93} INFO -   File "/home/***/.local/lib/python3.7/site-packages/s3transfer/upload.py", line 244, in provide_transfer_size
[2023-10-09T22:10:02.993+0000] {subprocess.py:93} INFO -     self._osutil.get_file_size(transfer_future.meta.call_args.fileobj)
[2023-10-09T22:10:02.994+0000] {subprocess.py:93} INFO -   File "/home/***/.local/lib/python3.7/site-packages/s3transfer/utils.py", line 247, in get_file_size
[2023-10-09T22:10:02.995+0000] {subprocess.py:93} INFO -     return os.path.getsize(filename)
[2023-10-09T22:10:02.996+0000] {subprocess.py:93} INFO -   File "/usr/local/lib/python3.7/genericpath.py", line 50, in getsize
[2023-10-09T22:10:02.997+0000] {subprocess.py:93} INFO -     return os.stat(filename).st_size
[2023-10-09T22:10:02.997+0000] {subprocess.py:93} INFO - FileNotFoundError: [Errno 2] No such file or directory: '/tmp/20231009.csv'
[2023-10-09T22:10:03.084+0000] {subprocess.py:97} INFO - Command exited with return code 1
[2023-10-09T22:10:03.106+0000] {taskinstance.py:1824} ERROR - Task failed with exception
Traceback (most recent call last):
  File "/home/airflow/.local/lib/python3.7/site-packages/airflow/operators/bash.py", line 211, in execute
    f"Bash command failed. The command returned a non-zero exit code {result.exit_code}."
airflow.exceptions.AirflowException: Bash command failed. The command returned a non-zero exit code 1.
[2023-10-09T22:10:03.111+0000] {taskinstance.py:1350} INFO - Marking task as FAILED. dag_id=Extract_job_data_in_selenium_container, task_id=upload_to_s3, execution_date=20231009T220356, start_date=20231009T221001, end_date=20231009T221003
[2023-10-09T22:10:03.136+0000] {standard_task_runner.py:109} ERROR - Failed to execute job 746 for task upload_to_s3 (Bash command failed. The command returned a non-zero exit code 1.; 1219)
[2023-10-09T22:10:03.154+0000] {local_task_job_runner.py:225} INFO - Task exited with return code 1
[2023-10-09T22:10:03.176+0000] {taskinstance.py:2653} INFO - 0 downstream tasks scheduled from follow-on schedule check
