[2023-09-30T20:57:35.576+0000] {taskinstance.py:1103} INFO - Dependencies all met for dep_context=non-requeueable deps ti=<TaskInstance: trigger_script_in_docker.run_script_in_docker manual__2023-09-30T20:54:18.149557+00:00 [queued]>
[2023-09-30T20:57:35.609+0000] {taskinstance.py:1103} INFO - Dependencies all met for dep_context=requeueable deps ti=<TaskInstance: trigger_script_in_docker.run_script_in_docker manual__2023-09-30T20:54:18.149557+00:00 [queued]>
[2023-09-30T20:57:35.609+0000] {taskinstance.py:1308} INFO - Starting attempt 1 of 2
[2023-09-30T20:57:35.640+0000] {taskinstance.py:1327} INFO - Executing <Task(DockerOperator): run_script_in_docker> on 2023-09-30 20:54:18.149557+00:00
[2023-09-30T20:57:35.706+0000] {standard_task_runner.py:57} INFO - Started process 82 to run task
[2023-09-30T20:57:35.826+0000] {standard_task_runner.py:84} INFO - Running: ['***', 'tasks', 'run', 'trigger_script_in_docker', 'run_script_in_docker', 'manual__2023-09-30T20:54:18.149557+00:00', '--job-id', '414', '--raw', '--subdir', 'DAGS_FOLDER/extract_job_data_dag.py', '--cfg-path', '/tmp/tmpyqb7_m7a']
[2023-09-30T20:57:35.835+0000] {standard_task_runner.py:85} INFO - Job 414: Subtask run_script_in_docker
[2023-09-30T20:57:36.969+0000] {task_command.py:410} INFO - Running <TaskInstance: trigger_script_in_docker.run_script_in_docker manual__2023-09-30T20:54:18.149557+00:00 [running]> on host 73ddf3c4cdb0
[2023-09-30T20:57:37.356+0000] {taskinstance.py:1547} INFO - Exporting env vars: AIRFLOW_CTX_DAG_OWNER='***' AIRFLOW_CTX_DAG_ID='trigger_script_in_docker' AIRFLOW_CTX_TASK_ID='run_script_in_docker' AIRFLOW_CTX_EXECUTION_DATE='2023-09-30T20:54:18.149557+00:00' AIRFLOW_CTX_TRY_NUMBER='1' AIRFLOW_CTX_DAG_RUN_ID='manual__2023-09-30T20:54:18.149557+00:00'
[2023-09-30T20:57:37.651+0000] {docker.py:334} INFO - Starting docker container from image ***_webscrape-container
[2023-09-30T20:57:37.746+0000] {docker.py:343} WARNING - Using remote engine or docker-in-docker and mounting temporary volume from host is not supported. Falling back to `mount_tmp_dir=False` mode. You can set `mount_tmp_dir` parameter to False to disable mounting and remove the warning
[2023-09-30T20:57:45.824+0000] {docker.py:403} INFO - [12:61:0930/205745.817862:ERROR:bus.cc(406)] Failed to connect to the bus: Failed to connect to socket /var/run/dbus/system_bus_socket: No such file or directory
[12:61:0930/205745.818018:ERROR:bus.cc(406)] Failed to connect to the bus: Failed to connect to socket /var/run/dbus/system_bus_socket: No such file or directory
[2023-09-30T20:57:45.897+0000] {docker.py:403} INFO - [12:58:0930/205745.892718:ERROR:bus.cc(406)] Failed to connect to the bus: Failed to connect to socket /var/run/dbus/system_bus_socket: No such file or directory
[12:58:0930/205745.892780:ERROR:bus.cc(406)] Failed to connect to the bus: Address does not contain a colon
[12:58:0930/205745.892808:ERROR:bus.cc(406)] Failed to connect to the bus: Address does not contain a colon
[12:58:0930/205745.892821:ERROR:bus.cc(406)] Failed to connect to the bus: Address does not contain a colon
[12:58:0930/205745.892834:ERROR:bus.cc(406)] Failed to connect to the bus: Address does not contain a colon
[2023-09-30T20:57:46.228+0000] {docker.py:403} INFO - [12:58:0930/205746.226027:ERROR:bus.cc(406)] Failed to connect to the bus: Address does not contain a colon
[12:58:0930/205746.226060:ERROR:bus.cc(406)] Failed to connect to the bus: Address does not contain a colon
[2023-09-30T20:57:47.086+0000] {docker.py:403} INFO - DevTools listening on ws://127.0.0.1:4444/devtools/browser/3ba6bd38-50b6-473e-876a-45dd132b73d3
[2023-09-30T20:57:47.437+0000] {docker.py:403} INFO - [12:12:0930/205747.387899:ERROR:object_proxy.cc(576)] Failed to call method: org.freedesktop.portal.Settings.Read: object_path= /org/freedesktop/portal/desktop: unknown error type:
[2023-09-30T20:57:47.678+0000] {docker.py:403} INFO - [12:100:0930/205747.670900:ERROR:bus.cc(406)] Failed to connect to the bus: Failed to connect to socket /var/run/dbus/system_bus_socket: No such file or directory
[2023-09-30T20:57:47.679+0000] {docker.py:403} INFO - [12:100:0930/205747.671903:ERROR:bus.cc(406)] Failed to connect to the bus: Failed to connect to socket /var/run/dbus/system_bus_socket: No such file or directory
[2023-09-30T20:57:47.680+0000] {docker.py:403} INFO - [12:100:0930/205747.672594:ERROR:bus.cc(406)] Failed to connect to the bus: Failed to connect to socket /var/run/dbus/system_bus_socket: No such file or directory
[2023-09-30T20:57:47.681+0000] {docker.py:403} INFO - [12:100:0930/205747.673049:ERROR:bus.cc(406)] Failed to connect to the bus: Failed to connect to socket /var/run/dbus/system_bus_socket: No such file or directory
[2023-09-30T20:57:47.681+0000] {docker.py:403} INFO - [12:100:0930/205747.673379:ERROR:bus.cc(406)] Failed to connect to the bus: Failed to connect to socket /var/run/dbus/system_bus_socket: No such file or directory
[2023-09-30T20:57:49.268+0000] {docker.py:403} INFO - [68:68:0930/205749.267915:ERROR:viz_main_impl.cc(196)] Exiting GPU process due to errors during initialization
[2023-09-30T20:59:31.501+0000] {docker.py:403} INFO - initialising bot
opening chrome (Linux)
open chrome
https://www.google.com/search?q=Machine+Learning+Engineer+jobs&ibp=htl;jobs#htivrt=jobs
Number of listings: 20
Job ID: 9yjlltPbHY2RjmF5AAAAAA==
Company: Netvagas
Remoto Qualquer lugar
Saving Machine Learning Engineer job
Job ID: Vej123eYZWmGAEK3AAAAAA==
Company: Qintess
Remoto Qualquer lugar
Saving Machine Learning Engineer job
Job ID: Udyn05-yCag1egjQAAAAAA==
Company: C6 Bank
Remoto São Paulo, SP
Saving Machine Learning Engineer job
Job ID: ObkTg0QShM-UiZErAAAAAA==
Company: Metal Toad
Remoto São Paulo, SP
Saving Machine Learning Engineer job
Job ID: 6bulMKezwV_FMrhpAAAAAA==
Company: Rad Hires
Remoto São Paulo, SP
Saving Machine Learning Engineer job
Job ID: KWIKHrtSSCsbdhZnAAAAAA==
Company: Thomson Reuters
Remoto São Paulo, SP
Saving Machine Learning Engineer job
Job ID: 9hkM2PeQ9KHyHOt3AAAAAA==
Company: Kodif
Remoto São Paulo, SP
Saving Machine Learning Engineer job
Job ID: QQD7FDII-j5-ZFrsAAAAAA==
Company: Mars
Remoto São Paulo, SP
Saving Machine Learning Engineer job
Job ID: sh6-1yiergC4tBEGAAAAAA==
Company: Rappi
Remoto São Paulo, SP
Saving Machine Learning Engineer job
Job ID: fzAjegEPVU0JfSIIAAAAAA==
Company: FullStack Labs
Remoto São Paulo, SP
Saving Machine Learning Engineer job
Job ID: 3lcbT_KQjTkMM-tPAAAAAA==
Company: Experian
Remoto São Paulo, SP
Saving Machine Learning Engineer job
Job ID: 1vHncZk4Vrakuk1-AAAAAA==
Company: Stellantis South America
Remoto São Paulo, SP
Saving Machine Learning Engineer job
Job ID: bFUKdrL6K2onDRaGAAAAAA==
Company: QuintoAndar
Remoto São Paulo, SP
Saving Machine Learning Engineer job
Job ID: 1Fk8rkO9TZd7zz5uAAAAAA==
Company: Porto
Remoto São Paulo, SP
Saving Machine Learning Engineer job
Job ID: _E8Km1RDFICr8hYrAAAAAA==
Company: Creditas
Remoto São Paulo, SP
Saving Machine Learning Engineer job
Job ID: nGAFzUgRJu_saf5dAAAAAA==
Company: SPC BRASIL
Remoto São Paulo, SP
Saving Machine Learning Engineer job
Job ID: YlT7aknAnb2b3KJ5AAAAAA==
Company: Turing
Remoto São Paulo, SP
Saving Machine Learning Engineer job
Job ID: ntFrL5Wyy4cQFXsEAAAAAA==
Company: FullStack Labs
Remoto São Paulo, SP
Saving Machine Learning Engineer job
Job ID: 54cxctJJPr_yns3qAAAAAA==
Company: Nubank
Remoto São Paulo, SP
Saving Machine Learning Engineer job
Job ID: gkWxQSuUVu9AzPVAAAAAAA==
Company: Turing
Remoto São Paulo, SP
Saving Machine Learning Engineer job
https://www.google.com/search?q=Data+Engineer+jobs&ibp=htl;jobs#htivrt=jobs
Number of listings: 10
Job ID: En3RJ2poTCRtVk7MAAAAAA==
Company: SOW
Remoto São Paulo, SP
Saving Data Engineer job
Job ID: LlSqqG4zhXRa3AvQAAAAAA==
Company: XP Inc.
Remoto São Paulo, SP
Saving Data Engineer job
Job ID: sfP5qqU5Su9aH_EdAAAAAA==
Company: GeekHunter
Remoto Qualquer lugar
Saving Data Engineer job
Job ID: f2LgHE5y-xDsXmlmAAAAAA==
Company: Nubank
Remoto São Paulo, SP
Saving Data Engineer job
Job ID: 3I8nnPgxaHneXNyyAAAAAA==
Company: Kyndryl
Remoto Qualquer lugar
Saving Data Engineer job
Job ID: ARA7dmBT09NAAJe7AAAAAA==
Company: Turing
Remoto São Paulo, SP
Saving Data Engineer job
Job ID: qBzkz5J2lHukkOEOAAAAAA==
Company: Metal Toad
Remoto São Paulo, SP
Saving Data Engineer job
Job ID: q1VndFiJATdZdoclAAAAAA==
Company: LUXOFT
Remoto São Paulo, SP
Saving Data Engineer job
Job ID: BLd_j85oKSRQ1Ro0AAAAAA==
Company: AB InBev
Remoto São Paulo, SP
Saving Data Engineer job
Job ID: VwkmlpUdBWdEiQEvAAAAAA==
Company: Ibm
Remoto São Paulo, SP
Saving Data Engineer job
https://www.google.com/search?q=Data+Analyst+jobs&ibp=htl;jobs#htivrt=jobs
Number of listings: 10
Job ID: zzWie6DVFfa9Q4-vAAAAAA==
Company: SEMANTIX
Remoto São Paulo, SP
Saving Data Analyst job
Job ID: 00aI2pxSdBwzH6WaAAAAAA==
Company: The Methodical Group
Remoto São Paulo, SP
Saving Data Analyst job
Job ID: fqPWIcV73vqJjsjBAAAAAA==
Company: Media.Monks
Remoto São Paulo, SP
Saving Data Analyst job
Job ID: G1NmZgxoySnJkokwAAAAAA==
Company: Turing
Remoto São Paulo, SP
Saving Data Analyst job
Job ID: iG1QwfO2kytcKnqpAAAAAA==
Company: EMPREGARA
Remoto Santos, SP
Saving Data Analyst job
Job ID: YElTYCCmZHlHcYzBAAAAAA==
Company: BrandBastion
Remoto São Paulo, SP
Saving Data Analyst job
Job ID: 7xnQnkGyBbiC9dQkAAAAAA==
Company: Bridgestone Brasil
Remoto São Paulo, SP
Saving Data Analyst job
Job ID: Q7OXzvnJ6xHum3F5AAAAAA==
Company: TikTok
Remoto São Paulo, SP
Saving Data Analyst job
Job ID: 1xmINgQojeh9VP_7AAAAAA==
Company: TECH MAHINDRA
Remoto São Paulo, SP
Saving Data Analyst job
Job ID: a0fEPeP0xT-dx3ydAAAAAA==
Company: Shopee
Remoto São Paulo, SP
Saving Data Analyst job
https://www.google.com/search?q=Data+Scientist+jobs&ibp=htl;jobs#htivrt=jobs
Number of listings: 10
Job ID: St4JggB7R1UyvahHAAAAAA==
Company: XP Inc.
Remoto São Paulo, SP
Saving Data Scientist job
Job ID: MV_bvt4v5_PcXDGSAAAAAA==
Company: Cognitivo.ai
Remoto Qualquer lugar
Saving Data Scientist job
Job ID: uOeJSe9ACIaqPZHiAAAAAA==
Company: Grupo Qualiconsig
Remoto São Paulo, SP
Saving Data Scientist job
Job ID: cCTDHZoAtTYNfBL3AAAAAA==
Company: EMPREGARA
Remoto São Paulo, SP
Saving Data Scientist job
Job ID: zSMB5VjPJ8lPFWmmAAAAAA==
Company: Uber
Remoto São Paulo, SP
Saving Data Scientist job
Job ID: MLMyEzBAi0FpKjRYAAAAAA==
Company: Bairesdev
Remoto São Paulo, SP
Saving Data Scientist job
Job ID: h-iWI1SREy6ufOBwAAAAAA==
Company: EMPREGARA
Remoto São Paulo, SP
Saving Data Scientist job
Job ID: mbL_dGlWAkN9r7DvAAAAAA==
Company: XP Inc.
Remoto Qualquer lugar
Saving Data Scientist job
Job ID: fs1CDKqCM5d9BbaEAAAAAA==
Company: K2 Consulting
Remoto São Paulo, SP
Saving Data Scientist job
Job ID: 3gpFMcgN15P74CnzAAAAAA==
Company: EMPREGARA
Remoto São Paulo, SP
Saving Data Scientist job
[2023-09-30T20:59:32.961+0000] {taskinstance.py:1350} INFO - Marking task as SUCCESS. dag_id=trigger_script_in_docker, task_id=run_script_in_docker, execution_date=20230930T205418, start_date=20230930T205735, end_date=20230930T205932
[2023-09-30T20:59:33.038+0000] {local_task_job_runner.py:225} INFO - Task exited with return code 0
[2023-09-30T20:59:33.084+0000] {taskinstance.py:2653} INFO - 0 downstream tasks scheduled from follow-on schedule check
