[2023-10-21T16:23:51.487+0000] {taskinstance.py:1103} INFO - Dependencies all met for dep_context=non-requeueable deps ti=<TaskInstance: Extract_job_data_in_selenium_container.run_script_in_docker manual__2023-10-21T16:23:49.448167+00:00 [queued]>
[2023-10-21T16:23:51.501+0000] {taskinstance.py:1103} INFO - Dependencies all met for dep_context=requeueable deps ti=<TaskInstance: Extract_job_data_in_selenium_container.run_script_in_docker manual__2023-10-21T16:23:49.448167+00:00 [queued]>
[2023-10-21T16:23:51.502+0000] {taskinstance.py:1308} INFO - Starting attempt 1 of 2
[2023-10-21T16:23:51.523+0000] {taskinstance.py:1327} INFO - Executing <Task(DockerOperator): run_script_in_docker> on 2023-10-21 16:23:49.448167+00:00
[2023-10-21T16:23:51.528+0000] {standard_task_runner.py:57} INFO - Started process 481 to run task
[2023-10-21T16:23:51.532+0000] {standard_task_runner.py:84} INFO - Running: ['***', 'tasks', 'run', 'Extract_job_data_in_selenium_container', 'run_script_in_docker', 'manual__2023-10-21T16:23:49.448167+00:00', '--job-id', '786', '--raw', '--subdir', 'DAGS_FOLDER/extract_job_data_dag.py', '--cfg-path', '/tmp/tmpg1y8owjz']
[2023-10-21T16:23:51.534+0000] {standard_task_runner.py:85} INFO - Job 786: Subtask run_script_in_docker
[2023-10-21T16:23:51.599+0000] {task_command.py:410} INFO - Running <TaskInstance: Extract_job_data_in_selenium_container.run_script_in_docker manual__2023-10-21T16:23:49.448167+00:00 [running]> on host 18e533bd1f06
[2023-10-21T16:23:51.717+0000] {taskinstance.py:1547} INFO - Exporting env vars: AIRFLOW_CTX_DAG_OWNER='***' AIRFLOW_CTX_DAG_ID='Extract_job_data_in_selenium_container' AIRFLOW_CTX_TASK_ID='run_script_in_docker' AIRFLOW_CTX_EXECUTION_DATE='2023-10-21T16:23:49.448167+00:00' AIRFLOW_CTX_TRY_NUMBER='1' AIRFLOW_CTX_DAG_RUN_ID='manual__2023-10-21T16:23:49.448167+00:00'
[2023-10-21T16:23:51.763+0000] {docker.py:334} INFO - Starting docker container from image webscrape-container
[2023-10-21T16:23:51.849+0000] {docker.py:343} WARNING - Using remote engine or docker-in-docker and mounting temporary volume from host is not supported. Falling back to `mount_tmp_dir=False` mode. You can set `mount_tmp_dir` parameter to False to disable mounting and remove the warning
[2023-10-21T16:23:55.882+0000] {docker.py:403} INFO - [13:60:1021/162355.877848:ERROR:bus.cc(406)] Failed to connect to the bus: Failed to connect to socket /var/run/dbus/system_bus_socket: No such file or directory
[2023-10-21T16:23:57.463+0000] {docker.py:403} INFO - [13:63:1021/162357.462858:ERROR:bus.cc(406)] Failed to connect to the bus: Failed to connect to socket /var/run/dbus/system_bus_socket: No such file or directory
[13:63:1021/162357.462944:ERROR:bus.cc(406)] Failed to connect to the bus: Failed to connect to socket /var/run/dbus/system_bus_socket: No such file or directory
[2023-10-21T16:23:57.635+0000] {docker.py:403} INFO - [13:60:1021/162357.634114:ERROR:bus.cc(406)] Failed to connect to the bus: Could not parse server address: Unknown address type (examples of valid types are "tcp" and on UNIX "unix")
[2023-10-21T16:23:57.640+0000] {docker.py:403} INFO - [13:60:1021/162357.638416:ERROR:bus.cc(406)] Failed to connect to the bus: Could not parse server address: Unknown address type (examples of valid types are "tcp" and on UNIX "unix")
[13:60:1021/162357.638497:ERROR:bus.cc(406)] Failed to connect to the bus: Could not parse server address: Unknown address type (examples of valid types are "tcp" and on UNIX "unix")
[13:60:1021/162357.638521:ERROR:bus.cc(406)] Failed to connect to the bus: Could not parse server address: Unknown address type (examples of valid types are "tcp" and on UNIX "unix")
[2023-10-21T16:23:58.559+0000] {docker.py:403} INFO - [13:60:1021/162358.555396:ERROR:bus.cc(406)] Failed to connect to the bus: Could not parse server address: Unknown address type (examples of valid types are "tcp" and on UNIX "unix")
[13:60:1021/162358.555454:ERROR:bus.cc(406)] Failed to connect to the bus: Could not parse server address: Unknown address type (examples of valid types are "tcp" and on UNIX "unix")
[2023-10-21T16:23:59.554+0000] {docker.py:403} INFO - DevTools listening on ws://127.0.0.1:4444/devtools/browser/1d9444f2-86fc-4ebe-b3ba-8b336df6a7d6
[2023-10-21T16:23:59.924+0000] {docker.py:403} INFO - [13:13:1021/162359.923308:ERROR:object_proxy.cc(576)] Failed to call method: org.freedesktop.portal.Settings.Read: object_path= /org/freedesktop/portal/desktop: unknown error type:
[2023-10-21T16:24:00.165+0000] {docker.py:403} INFO - [13:116:1021/162400.163379:ERROR:bus.cc(406)] Failed to connect to the bus: Failed to connect to socket /var/run/dbus/system_bus_socket: No such file or directory
[2023-10-21T16:24:00.167+0000] {docker.py:403} INFO - [13:116:1021/162400.163568:ERROR:bus.cc(406)] Failed to connect to the bus: Failed to connect to socket /var/run/dbus/system_bus_socket: No such file or directory
[13:116:1021/162400.163717:ERROR:bus.cc(406)] Failed to connect to the bus: Failed to connect to socket /var/run/dbus/system_bus_socket: No such file or directory
[13:116:1021/162400.163887:ERROR:bus.cc(406)] Failed to connect to the bus: Failed to connect to socket /var/run/dbus/system_bus_socket: No such file or directory
[2023-10-21T16:24:00.170+0000] {docker.py:403} INFO - [13:116:1021/162400.165500:ERROR:bus.cc(406)] Failed to connect to the bus: Failed to connect to socket /var/run/dbus/system_bus_socket: No such file or directory
[2023-10-21T16:24:00.225+0000] {docker.py:403} INFO - [71:71:1021/162400.223443:ERROR:viz_main_impl.cc(196)] Exiting GPU process due to errors during initialization
[2023-10-21T16:24:47.692+0000] {docker.py:403} INFO - initialising bot
opening chrome (Linux)
open chrome
https://www.google.com/search?q=Machine+Learning+Engineer+jobs&ibp=htl;jobs#htivrt=jobs
Number of listings: 10
Job ID: L_CeDAc65wZ4OpsuAAAAAA==
Company: Sinch
Remoto Qualquer lugar
Saving Machine Learning Engineer job
CSV file created.
Job ID: Udyn05-yCag1egjQAAAAAA==
Company: C6 Bank
Remoto São Paulo, SP
Saving Machine Learning Engineer job
CSV file created.
Job ID: 1Fk8rkO9TZd7zz5uAAAAAA==
Company: Porto
Remoto São Paulo, SP
Saving Machine Learning Engineer job
CSV file created.
Job ID: 6oOQqIzGmHI0AMn_AAAAAA==
Company: Qintess
Remoto São Paulo, SP
Saving Machine Learning Engineer job
CSV file created.
Job ID: kaQtag-0IekVSepzAAAAAA==
Company: Metal Toad
Remoto Qualquer lugar
Saving Machine Learning Engineer job
CSV file created.
Job ID: 9yjlltPbHY2RjmF5AAAAAA==
Company: Netvagas
Remoto São Paulo, SP
Saving Machine Learning Engineer job
CSV file created.
Job ID: MLMyEzBAi0FpKjRYAAAAAA==
Company: BAIRESDEV
Remoto São Bernardo do Campo, SP (+35)
Saving Machine Learning Engineer job
CSV file created.
Job ID: 72-ZZIYDB9s3MOxVAAAAAA==
Company: EX2 Outcoding
Remoto Qualquer lugar
Saving Machine Learning Engineer job
CSV file created.
Job ID: nOM7B3IX0SPy0WGqAAAAAA==
Company: Fraudio
Remoto São Paulo, SP
Saving Machine Learning Engineer job
CSV file created.
Job ID: Vej123eYZWmGAEK3AAAAAA==
Company: Qintess
Remoto Qualquer lugar
Saving Machine Learning Engineer job
CSV file created.
https://www.google.com/search?q=Data+Engineer+jobs&ibp=htl;jobs#htivrt=jobs
Number of listings: 10
Job ID: -HDLsxvLKSMSC2MZAAAAAA==
Company: AgileEngine
Remoto Qualquer lugar
Saving Data Engineer job
CSV file created.
Job ID: 4IYNFOfMhUMNDhJYAAAAAA==
Company: Mastercard
Remoto São Paulo, SP
Saving Data Engineer job
CSV file created.
Job ID: r3A2GVFl1IjfAbBQAAAAAA==
Company: GeekHunter
Remoto Qualquer lugar
Saving Data Engineer job
CSV file created.
Job ID: -_vk6F-fPY1wzrRfAAAAAA==
Company: Netvagas - (6966501021)
Remoto São Paulo, SP
Saving Data Engineer job
CSV file created.
Job ID: _EJQfYPSJYvPe6y9AAAAAA==
Company: GeekHunter
Remoto Qualquer lugar
Saving Data Engineer job
CSV file created.
Job ID: 54X_4_OCHj7jUzriAAAAAA==
Company: Exadel
Remoto São Paulo, SP
Saving Data Engineer job
CSV file created.
Job ID: JN45GiN82WTFPalAAAAAAA==
Company: Creditas
Remoto São Paulo, SP
Saving Data Engineer job
CSV file created.
Job ID: LagzqjQn_nxokDpSAAAAAA==
Company: Poatek
Remoto Brasil
Saving Data Engineer job
CSV file created.
Job ID: WqPRsuIug7CBCdGGAAAAAA==
Company: Netvagas
Remoto São Paulo, SP
Saving Data Engineer job
CSV file created.
Job ID: crOAcovVOG7puBLGAAAAAA==
Company: iFood
Remoto São Paulo, SP
Saving Data Engineer job
CSV file created.
https://www.google.com/search?q=Data+Analyst+jobs&ibp=htl;jobs#htivrt=jobs
Number of listings: 10
Job ID: aGLqaLIFXVieGHJ3AAAAAA==
Company: Yara
Remoto São Paulo, SP
Saving Data Analyst job
CSV file created.
Job ID: fqPWIcV73vqJjsjBAAAAAA==
Company: Media.Monks
Remoto São Paulo, SP
Saving Data Analyst job
CSV file created.
Job ID: nxqHlqhz-7wYP3U-AAAAAA==
Company: Volkswagen Financial Services | Brasil
Remoto São Paulo, SP
Saving Data Analyst job
CSV file created.
Job ID: iG1QwfO2kytcKnqpAAAAAA==
Company: EMPREGARA
Remoto Santos, SP
Saving Data Analyst job
CSV file created.
Job ID: YElTYCCmZHlHcYzBAAAAAA==
Company: BrandBastion
Remoto São Paulo, SP
Saving Data Analyst job
CSV file created.
Job ID: jgSvKyOm2yTvB61tAAAAAA==
Company: WeWork Latin America
Remoto São Paulo, SP
Saving Data Analyst job
CSV file created.
Job ID: 3n0Hz2BwrN5bQfy-AAAAAA==
Company: BairesDev
Remoto Qualquer lugar
Saving Data Analyst job
CSV file created.
Job ID: a_oxUL2KWehtzmQiAAAAAA==
Company: Shopee
Remoto São Paulo, SP
Saving Data Analyst job
CSV file created.
Job ID: piKZ3Eza1xzgaxuxAAAAAA==
Company: Confidencial
Remoto São Paulo, SP
Saving Data Analyst job
CSV file created.
Job ID: zzWie6DVFfa9Q4-vAAAAAA==
Company: SEMANTIX
Remoto São Paulo, SP
Saving Data Analyst job
CSV file created.
https://www.google.com/search?q=Data+Scientist+jobs&ibp=htl;jobs#htivrt=jobs
Number of listings: 10
Job ID: St4JggB7R1UyvahHAAAAAA==
Company: XP Inc.
Remoto São Paulo, SP
Saving Data Scientist job
CSV file created.
Job ID: suY8dwsy3HvASd8FAAAAAA==
Company: Digibee
Remoto Qualquer lugar
Saving Data Scientist job
CSV file created.
Job ID: cCTDHZoAtTYNfBL3AAAAAA==
Company: EMPREGARA
Remoto São Paulo, SP
Saving Data Scientist job
CSV file created.
Job ID: M_oTh_ley47D4XJLAAAAAA==
Company: Token Metrics
Remoto Qualquer lugar
Saving Data Scientist job
CSV file created.
Job ID: ESOUPPyJoX_YD_r0AAAAAA==
Company: Cypher Financial IA
Remoto Qualquer lugar
Saving Data Scientist job
CSV file created.
Job ID: TkUoIPZI1s2hWiQPAAAAAA==
Company: Netvagas - (599651727)
Remoto São Paulo, SP
Saving Data Scientist job
CSV file created.
Job ID: rPBwFiGW-IZdCC_iAAAAAA==
Company: Gistia Healthcare AI
Remoto Qualquer lugar
Saving Data Scientist job
CSV file created.
Job ID: 9z1EL28YiNDth5VpAAAAAA==
Company: Wildlife Studios
Remoto São Paulo, SP
Saving Data Scientist job
CSV file created.
Job ID: JPdxDR30l6coFHn1AAAAAA==
Company: Procter & Gamble
Remoto São Paulo, SP
Saving Data Scientist job
CSV file created.
Job ID: 3gpFMcgN15P74CnzAAAAAA==
Company: EMPREGARA
Remoto São Paulo, SP
Saving Data Scientist job
CSV file created.
[2023-10-21T16:24:48.850+0000] {taskinstance.py:1350} INFO - Marking task as SUCCESS. dag_id=Extract_job_data_in_selenium_container, task_id=run_script_in_docker, execution_date=20231021T162349, start_date=20231021T162351, end_date=20231021T162448
[2023-10-21T16:24:48.910+0000] {local_task_job_runner.py:225} INFO - Task exited with return code 0
[2023-10-21T16:24:48.941+0000] {taskinstance.py:2653} INFO - 1 downstream tasks scheduled from follow-on schedule check
