[2023-10-02T03:59:05.550+0000] {taskinstance.py:1103} INFO - Dependencies all met for dep_context=non-requeueable deps ti=<TaskInstance: Extract_job_data_in_selenium_container.run_script_in_docker manual__2023-10-02T03:59:02.115397+00:00 [queued]>
[2023-10-02T03:59:05.562+0000] {taskinstance.py:1103} INFO - Dependencies all met for dep_context=requeueable deps ti=<TaskInstance: Extract_job_data_in_selenium_container.run_script_in_docker manual__2023-10-02T03:59:02.115397+00:00 [queued]>
[2023-10-02T03:59:05.563+0000] {taskinstance.py:1308} INFO - Starting attempt 1 of 2
[2023-10-02T03:59:05.583+0000] {taskinstance.py:1327} INFO - Executing <Task(DockerOperator): run_script_in_docker> on 2023-10-02 03:59:02.115397+00:00
[2023-10-02T03:59:05.590+0000] {standard_task_runner.py:57} INFO - Started process 219 to run task
[2023-10-02T03:59:05.597+0000] {standard_task_runner.py:84} INFO - Running: ['***', 'tasks', 'run', 'Extract_job_data_in_selenium_container', 'run_script_in_docker', 'manual__2023-10-02T03:59:02.115397+00:00', '--job-id', '419', '--raw', '--subdir', 'DAGS_FOLDER/extract_job_data_dag.py', '--cfg-path', '/tmp/tmpj0eakdwo']
[2023-10-02T03:59:05.599+0000] {standard_task_runner.py:85} INFO - Job 419: Subtask run_script_in_docker
[2023-10-02T03:59:05.704+0000] {task_command.py:410} INFO - Running <TaskInstance: Extract_job_data_in_selenium_container.run_script_in_docker manual__2023-10-02T03:59:02.115397+00:00 [running]> on host bc910c0a87cb
[2023-10-02T03:59:05.830+0000] {taskinstance.py:1547} INFO - Exporting env vars: AIRFLOW_CTX_DAG_OWNER='***' AIRFLOW_CTX_DAG_ID='Extract_job_data_in_selenium_container' AIRFLOW_CTX_TASK_ID='run_script_in_docker' AIRFLOW_CTX_EXECUTION_DATE='2023-10-02T03:59:02.115397+00:00' AIRFLOW_CTX_TRY_NUMBER='1' AIRFLOW_CTX_DAG_RUN_ID='manual__2023-10-02T03:59:02.115397+00:00'
[2023-10-02T03:59:05.905+0000] {docker.py:334} INFO - Starting docker container from image ***_webscrape-container
[2023-10-02T03:59:05.922+0000] {docker.py:343} WARNING - Using remote engine or docker-in-docker and mounting temporary volume from host is not supported. Falling back to `mount_tmp_dir=False` mode. You can set `mount_tmp_dir` parameter to False to disable mounting and remove the warning
[2023-10-02T03:59:09.925+0000] {docker.py:403} INFO - [12:58:1002/035909.912993:ERROR:bus.cc(406)] Failed to connect to the bus: Failed to connect to socket /var/run/dbus/system_bus_socket: No such file or directory
[2023-10-02T03:59:11.285+0000] {docker.py:403} INFO - [12:61:1002/035911.284482:ERROR:bus.cc(406)] Failed to connect to the bus: Failed to connect to socket /var/run/dbus/system_bus_socket: No such file or directory
[2023-10-02T03:59:11.286+0000] {docker.py:403} INFO - [12:61:1002/035911.285271:ERROR:bus.cc(406)] Failed to connect to the bus: Failed to connect to socket /var/run/dbus/system_bus_socket: No such file or directory
[2023-10-02T03:59:11.401+0000] {docker.py:403} INFO - [12:58:1002/035911.399088:ERROR:bus.cc(406)] Failed to connect to the bus: Address does not contain a colon
[2023-10-02T03:59:11.411+0000] {docker.py:403} INFO - [12:58:1002/035911.407348:ERROR:bus.cc(406)] Failed to connect to the bus: Address does not contain a colon
[12:58:1002/035911.407440:ERROR:bus.cc(406)] Failed to connect to the bus: Address does not contain a colon
[12:58:1002/035911.407470:ERROR:bus.cc(406)] Failed to connect to the bus: Address does not contain a colon
[2023-10-02T03:59:11.792+0000] {docker.py:403} INFO - [12:58:1002/035911.788449:ERROR:bus.cc(406)] Failed to connect to the bus: Address does not contain a colon
[12:58:1002/035911.788625:ERROR:bus.cc(406)] Failed to connect to the bus: Address does not contain a colon
[2023-10-02T03:59:12.197+0000] {docker.py:403} INFO - DevTools listening on ws://127.0.0.1:4444/devtools/browser/c780b01c-458f-4c6e-b353-9a90f86cba9c
[2023-10-02T03:59:12.548+0000] {docker.py:403} INFO - [12:12:1002/035912.546699:ERROR:object_proxy.cc(576)] Failed to call method: org.freedesktop.portal.Settings.Read: object_path= /org/freedesktop/portal/desktop: unknown error type:
[2023-10-02T03:59:12.754+0000] {docker.py:403} INFO - [12:109:1002/035912.748231:ERROR:bus.cc(406)] Failed to connect to the bus: Failed to connect to socket /var/run/dbus/system_bus_socket: No such file or directory
[12:109:1002/035912.748388:ERROR:bus.cc(406)] Failed to connect to the bus: Failed to connect to socket /var/run/dbus/system_bus_socket: No such file or directory
[12:109:1002/035912.748634:ERROR:bus.cc(406)] Failed to connect to the bus: Failed to connect to socket /var/run/dbus/system_bus_socket: No such file or directory
[12:109:1002/035912.748726:ERROR:bus.cc(406)] Failed to connect to the bus: Failed to connect to socket /var/run/dbus/system_bus_socket: No such file or directory
[12:109:1002/035912.748804:ERROR:bus.cc(406)] Failed to connect to the bus: Failed to connect to socket /var/run/dbus/system_bus_socket: No such file or directory
[2023-10-02T03:59:13.010+0000] {docker.py:403} INFO - [70:70:1002/035913.005397:ERROR:viz_main_impl.cc(196)] Exiting GPU process due to errors during initialization
[2023-10-02T04:00:16.162+0000] {docker.py:403} INFO - initialising bot
opening chrome (Linux)
open chrome
https://www.google.com/search?q=Machine+Learning+Engineer+jobs&ibp=htl;jobs#htivrt=jobs
Number of listings: 20
Job ID: Udyn05-yCag1egjQAAAAAA==
Company: C6 Bank
Remoto São Paulo, SP
Saving Machine Learning Engineer job
Job ID: 9yjlltPbHY2RjmF5AAAAAA==
Company: Netvagas
Remoto Qualquer lugar
Saving Machine Learning Engineer job
Job ID: Vej123eYZWmGAEK3AAAAAA==
Company: Qintess
Remoto Qualquer lugar
Saving Machine Learning Engineer job
Job ID: ObkTg0QShM-UiZErAAAAAA==
Company: Metal Toad
Remoto São Paulo, SP
Saving Machine Learning Engineer job
Job ID: KWIKHrtSSCsbdhZnAAAAAA==
Company: Thomson Reuters
Remoto São Paulo, SP
Saving Machine Learning Engineer job
Job ID: 6bulMKezwV_FMrhpAAAAAA==
Company: Rad Hires
Remoto São Paulo, SP
Saving Machine Learning Engineer job
Job ID: QQD7FDII-j5-ZFrsAAAAAA==
Company: Mars
Remoto São Paulo, SP
Saving Machine Learning Engineer job
Job ID: 9hkM2PeQ9KHyHOt3AAAAAA==
Company: Kodif
Remoto São Paulo, SP
Saving Machine Learning Engineer job
Job ID: sh6-1yiergC4tBEGAAAAAA==
Company: Rappi
Remoto São Paulo, SP
Saving Machine Learning Engineer job
Job ID: ntFrL5Wyy4cQFXsEAAAAAA==
Company: FullStack Labs
Remoto São Paulo, SP
Saving Machine Learning Engineer job
Job ID: nIx9DPqSrhmAT642AAAAAA==
Company: EMPREGARA
Remoto São Paulo, SP
Saving Machine Learning Engineer job
Job ID: bT4lgmWu9dJgOHJUAAAAAA==
Company: Ambev Tech
Remoto São Paulo, SP
Saving Machine Learning Engineer job
Job ID: 3lcbT_KQjTkMM-tPAAAAAA==
Company: Experian
Remoto São Paulo, SP
Saving Machine Learning Engineer job
Job ID: bFUKdrL6K2onDRaGAAAAAA==
Company: QuintoAndar
Remoto São Paulo, SP
Saving Machine Learning Engineer job
Job ID: Atbke5QYTtweMnCeAAAAAA==
Company: Fusemachines
Remoto Qualquer lugar
Saving Machine Learning Engineer job
Job ID: fzAjegEPVU0JfSIIAAAAAA==
Company: FullStack Labs
Remoto São Paulo, SP
Saving Machine Learning Engineer job
Job ID: YlT7aknAnb2b3KJ5AAAAAA==
Company: Turing
Remoto São Paulo, SP
Saving Machine Learning Engineer job
Job ID: _E8Km1RDFICr8hYrAAAAAA==
Company: Creditas
Remoto São Paulo, SP
Saving Machine Learning Engineer job
Job ID: r0pUsYB-PE4QCxsIAAAAAA==
Company: Fusemachines
Remoto São Paulo, SP
Saving Machine Learning Engineer job
Job ID: GWenp1g5-fHCtvObAAAAAA==
Company: Applaudo
Remoto São Paulo, SP
Saving Machine Learning Engineer job
https://www.google.com/search?q=Data+Engineer+jobs&ibp=htl;jobs#htivrt=jobs
Number of listings: 10
Job ID: LlSqqG4zhXRa3AvQAAAAAA==
Company: XP Inc.
Remoto São Paulo, SP
Saving Data Engineer job
Job ID: En3RJ2poTCRtVk7MAAAAAA==
Company: SOW
Remoto São Paulo, SP
Saving Data Engineer job
Job ID: 8VXKlePEQg7VCEyNAAAAAA==
Company: Zallpy Digital
Remoto São Paulo, SP
Saving Data Engineer job
Job ID: 3I8nnPgxaHneXNyyAAAAAA==
Company: Kyndryl
Remoto Qualquer lugar
Saving Data Engineer job
Job ID: ARA7dmBT09NAAJe7AAAAAA==
Company: Turing
Remoto São Paulo, SP
Saving Data Engineer job
Job ID: uR6icwl4Fwi8vsvpAAAAAA==
Company: Fusemachines
Remoto Qualquer lugar
Saving Data Engineer job
Job ID: Vo2q-dlBTL5W46u_AAAAAA==
Company: McKinsey & Company
Remoto São Paulo, SP
Saving Data Engineer job
Job ID: q1VndFiJATdZdoclAAAAAA==
Company: LUXOFT
Remoto São Paulo, SP
Saving Data Engineer job
Job ID: Q0DHvl9sMixC0a3xAAAAAA==
Company: Turing
Remoto São Paulo, SP
Saving Data Engineer job
Job ID: sT0kMs-Np4dWZIf_AAAAAA==
Company: Empregara
Remoto São Paulo, SP
Saving Data Engineer job
https://www.google.com/search?q=Data+Analyst+jobs&ibp=htl;jobs#htivrt=jobs
Number of listings: 10
Job ID: 9PLDRy_NPlUb4CTbAAAAAA==
Company: Ericsson
Remoto São Paulo, SP
Saving Data Analyst job
Job ID: zzWie6DVFfa9Q4-vAAAAAA==
Company: SEMANTIX
Remoto São Paulo, SP
Saving Data Analyst job
Job ID: 00aI2pxSdBwzH6WaAAAAAA==
Company: The Methodical Group
Remoto São Paulo, SP
Saving Data Analyst job
Job ID: kXSNWNFzAMSx6mnmAAAAAA==
Company: Turing
Remoto São Paulo, SP
Saving Data Analyst job
Job ID: fqPWIcV73vqJjsjBAAAAAA==
Company: Media.Monks
Remoto São Paulo, SP
Saving Data Analyst job
Job ID: albBW-CQEFca4xXmAAAAAA==
Company: WIPRO TECNOLOGIA
Remoto São Paulo, SP
Saving Data Analyst job
Job ID: G1NmZgxoySnJkokwAAAAAA==
Company: Turing
Remoto São Paulo, SP
Saving Data Analyst job
Job ID: YElTYCCmZHlHcYzBAAAAAA==
Company: BrandBastion
Remoto São Paulo, SP
Saving Data Analyst job
Job ID: qgP6gY9JnKmd6WlAAAAAAA==
Company: MEDIAMONKS SP
Remoto São Paulo, SP
Saving Data Analyst job
Job ID: 7xnQnkGyBbiC9dQkAAAAAA==
Company: Bridgestone Brasil
Remoto São Paulo, SP
Saving Data Analyst job
https://www.google.com/search?q=Data+Scientist+jobs&ibp=htl;jobs#htivrt=jobs
Number of listings: 10
Job ID: St4JggB7R1UyvahHAAAAAA==
Company: XP Inc.
Remoto São Paulo, SP
Saving Data Scientist job
Job ID: cCTDHZoAtTYNfBL3AAAAAA==
Company: EMPREGARA
Remoto São Paulo, SP
Saving Data Scientist job
Job ID: mbL_dGlWAkN9r7DvAAAAAA==
Company: XP Inc.
Remoto Qualquer lugar
Saving Data Scientist job
Job ID: zSMB5VjPJ8lPFWmmAAAAAA==
Company: Uber
Remoto São Paulo, SP
Saving Data Scientist job
Job ID: So15XISjZJWJNtumAAAAAA==
Company: Vigil
Remoto Qualquer lugar
Saving Data Scientist job
Job ID: 3gpFMcgN15P74CnzAAAAAA==
Company: EMPREGARA
Remoto São Paulo, SP
Saving Data Scientist job
Job ID: KycPqOLb7OF7sE85AAAAAA==
Company: Visa
Remoto São Paulo, SP
Saving Data Scientist job
Job ID: MV_bvt4v5_PcXDGSAAAAAA==
Company: Cognitivo.ai
Remoto Qualquer lugar
Saving Data Scientist job
Job ID: h-iWI1SREy6ufOBwAAAAAA==
Company: EMPREGARA
Remoto São Paulo, SP
Saving Data Scientist job
Job ID: uOeJSe9ACIaqPZHiAAAAAA==
Company: Grupo Qualiconsig
Remoto São Paulo, SP
Saving Data Scientist job
[2023-10-02T04:00:16.637+0000] {taskinstance.py:1350} INFO - Marking task as SUCCESS. dag_id=Extract_job_data_in_selenium_container, task_id=run_script_in_docker, execution_date=20231002T035902, start_date=20231002T035905, end_date=20231002T040016
[2023-10-02T04:00:16.685+0000] {local_task_job_runner.py:225} INFO - Task exited with return code 0
[2023-10-02T04:00:16.708+0000] {taskinstance.py:2653} INFO - 0 downstream tasks scheduled from follow-on schedule check
