[2023-10-23T20:48:00.005+0000] {taskinstance.py:1103} INFO - Dependencies all met for dep_context=non-requeueable deps ti=<TaskInstance: Extract_job_data_in_selenium_container.run_script_in_docker manual__2023-10-23T20:47:56.310177+00:00 [queued]>
[2023-10-23T20:48:00.070+0000] {taskinstance.py:1103} INFO - Dependencies all met for dep_context=requeueable deps ti=<TaskInstance: Extract_job_data_in_selenium_container.run_script_in_docker manual__2023-10-23T20:47:56.310177+00:00 [queued]>
[2023-10-23T20:48:00.075+0000] {taskinstance.py:1308} INFO - Starting attempt 1 of 2
[2023-10-23T20:48:00.125+0000] {taskinstance.py:1327} INFO - Executing <Task(DockerOperator): run_script_in_docker> on 2023-10-23 20:47:56.310177+00:00
[2023-10-23T20:48:00.136+0000] {standard_task_runner.py:57} INFO - Started process 2934 to run task
[2023-10-23T20:48:00.143+0000] {standard_task_runner.py:84} INFO - Running: ['***', 'tasks', 'run', 'Extract_job_data_in_selenium_container', 'run_script_in_docker', 'manual__2023-10-23T20:47:56.310177+00:00', '--job-id', '814', '--raw', '--subdir', 'DAGS_FOLDER/extract_job_data_dag.py', '--cfg-path', '/tmp/tmpkzdzunrf']
[2023-10-23T20:48:00.145+0000] {standard_task_runner.py:85} INFO - Job 814: Subtask run_script_in_docker
[2023-10-23T20:48:00.245+0000] {task_command.py:410} INFO - Running <TaskInstance: Extract_job_data_in_selenium_container.run_script_in_docker manual__2023-10-23T20:47:56.310177+00:00 [running]> on host 18e533bd1f06
[2023-10-23T20:48:00.430+0000] {taskinstance.py:1547} INFO - Exporting env vars: AIRFLOW_CTX_DAG_OWNER='***' AIRFLOW_CTX_DAG_ID='Extract_job_data_in_selenium_container' AIRFLOW_CTX_TASK_ID='run_script_in_docker' AIRFLOW_CTX_EXECUTION_DATE='2023-10-23T20:47:56.310177+00:00' AIRFLOW_CTX_TRY_NUMBER='1' AIRFLOW_CTX_DAG_RUN_ID='manual__2023-10-23T20:47:56.310177+00:00'
[2023-10-23T20:48:00.497+0000] {docker.py:334} INFO - Starting docker container from image webscrape-container
[2023-10-23T20:48:00.554+0000] {docker.py:343} WARNING - Using remote engine or docker-in-docker and mounting temporary volume from host is not supported. Falling back to `mount_tmp_dir=False` mode. You can set `mount_tmp_dir` parameter to False to disable mounting and remove the warning
[2023-10-23T20:48:06.463+0000] {docker.py:403} INFO - [13:60:1023/204806.458557:ERROR:bus.cc(406)] Failed to connect to the bus: Failed to connect to socket /var/run/dbus/system_bus_socket: No such file or directory
[2023-10-23T20:48:07.313+0000] {docker.py:403} INFO - [13:63:1023/204807.309737:ERROR:bus.cc(406)] Failed to connect to the bus: Failed to connect to socket /var/run/dbus/system_bus_socket: No such file or directory
[13:63:1023/204807.309783:ERROR:bus.cc(406)] Failed to connect to the bus: Failed to connect to socket /var/run/dbus/system_bus_socket: No such file or directory
[2023-10-23T20:48:07.350+0000] {docker.py:403} INFO - [13:60:1023/204807.348794:ERROR:bus.cc(406)] Failed to connect to the bus: Could not parse server address: Unknown address type (examples of valid types are "tcp" and on UNIX "unix")
[2023-10-23T20:48:07.352+0000] {docker.py:403} INFO - [13:60:1023/204807.349910:ERROR:bus.cc(406)] Failed to connect to the bus: Could not parse server address: Unknown address type (examples of valid types are "tcp" and on UNIX "unix")
[13:60:1023/204807.350074:ERROR:bus.cc(406)] Failed to connect to the bus: Could not parse server address: Unknown address type (examples of valid types are "tcp" and on UNIX "unix")
[13:60:1023/204807.350091:ERROR:bus.cc(406)] Failed to connect to the bus: Could not parse server address: Unknown address type (examples of valid types are "tcp" and on UNIX "unix")
[2023-10-23T20:48:07.426+0000] {docker.py:403} INFO - [13:60:1023/204807.425632:ERROR:bus.cc(406)] Failed to connect to the bus: Could not parse server address: Unknown address type (examples of valid types are "tcp" and on UNIX "unix")
[13:60:1023/204807.425666:ERROR:bus.cc(406)] Failed to connect to the bus: Could not parse server address: Unknown address type (examples of valid types are "tcp" and on UNIX "unix")
[2023-10-23T20:48:07.639+0000] {docker.py:403} INFO - DevTools listening on ws://127.0.0.1:4444/devtools/browser/e22406c1-681c-460e-b4a8-ecadb835ea47
[2023-10-23T20:48:07.786+0000] {docker.py:403} INFO - [13:13:1023/204807.785641:ERROR:object_proxy.cc(576)] Failed to call method: org.freedesktop.portal.Settings.Read: object_path= /org/freedesktop/portal/desktop: unknown error type:
[2023-10-23T20:48:07.907+0000] {docker.py:403} INFO - [13:111:1023/204807.906395:ERROR:bus.cc(406)] Failed to connect to the bus: Failed to connect to socket /var/run/dbus/system_bus_socket: No such file or directory
[13:111:1023/204807.906533:ERROR:bus.cc(406)] Failed to connect to the bus: Failed to connect to socket /var/run/dbus/system_bus_socket: No such file or directory
[2023-10-23T20:48:07.908+0000] {docker.py:403} INFO - [13:111:1023/204807.906671:ERROR:bus.cc(406)] Failed to connect to the bus: Failed to connect to socket /var/run/dbus/system_bus_socket: No such file or directory
[13:111:1023/204807.906766:ERROR:bus.cc(406)] Failed to connect to the bus: Failed to connect to socket /var/run/dbus/system_bus_socket: No such file or directory
[13:111:1023/204807.906841:ERROR:bus.cc(406)] Failed to connect to the bus: Failed to connect to socket /var/run/dbus/system_bus_socket: No such file or directory
[2023-10-23T20:48:08.062+0000] {docker.py:403} INFO - [71:71:1023/204808.059154:ERROR:viz_main_impl.cc(196)] Exiting GPU process due to errors during initialization
[2023-10-23T20:53:47.115+0000] {taskinstance.py:1350} INFO - Marking task as SUCCESS. dag_id=Extract_job_data_in_selenium_container, task_id=run_script_in_docker, execution_date=20231023T204756, start_date=20231023T204800, end_date=20231023T205347
[2023-10-23T20:53:47.202+0000] {local_task_job_runner.py:225} INFO - Task exited with return code 0
[2023-10-23T20:53:47.276+0000] {taskinstance.py:2653} INFO - 1 downstream tasks scheduled from follow-on schedule check
