[2023-10-10T01:12:35.413+0000] {taskinstance.py:1103} INFO - Dependencies all met for dep_context=non-requeueable deps ti=<TaskInstance: Extract_job_data_in_selenium_container.run_script_in_docker manual__2023-10-10T01:12:33.685551+00:00 [queued]>
[2023-10-10T01:12:35.429+0000] {taskinstance.py:1103} INFO - Dependencies all met for dep_context=requeueable deps ti=<TaskInstance: Extract_job_data_in_selenium_container.run_script_in_docker manual__2023-10-10T01:12:33.685551+00:00 [queued]>
[2023-10-10T01:12:35.430+0000] {taskinstance.py:1308} INFO - Starting attempt 1 of 2
[2023-10-10T01:12:35.448+0000] {taskinstance.py:1327} INFO - Executing <Task(DockerOperator): run_script_in_docker> on 2023-10-10 01:12:33.685551+00:00
[2023-10-10T01:12:35.454+0000] {standard_task_runner.py:57} INFO - Started process 4536 to run task
[2023-10-10T01:12:35.459+0000] {standard_task_runner.py:84} INFO - Running: ['***', 'tasks', 'run', 'Extract_job_data_in_selenium_container', 'run_script_in_docker', 'manual__2023-10-10T01:12:33.685551+00:00', '--job-id', '771', '--raw', '--subdir', 'DAGS_FOLDER/extract_job_data_dag.py', '--cfg-path', '/tmp/tmpc5uk9s45']
[2023-10-10T01:12:35.460+0000] {standard_task_runner.py:85} INFO - Job 771: Subtask run_script_in_docker
[2023-10-10T01:12:35.519+0000] {task_command.py:410} INFO - Running <TaskInstance: Extract_job_data_in_selenium_container.run_script_in_docker manual__2023-10-10T01:12:33.685551+00:00 [running]> on host 18e533bd1f06
[2023-10-10T01:12:35.637+0000] {taskinstance.py:1547} INFO - Exporting env vars: AIRFLOW_CTX_DAG_OWNER='***' AIRFLOW_CTX_DAG_ID='Extract_job_data_in_selenium_container' AIRFLOW_CTX_TASK_ID='run_script_in_docker' AIRFLOW_CTX_EXECUTION_DATE='2023-10-10T01:12:33.685551+00:00' AIRFLOW_CTX_TRY_NUMBER='1' AIRFLOW_CTX_DAG_RUN_ID='manual__2023-10-10T01:12:33.685551+00:00'
[2023-10-10T01:12:35.670+0000] {docker.py:334} INFO - Starting docker container from image webscrape-container
[2023-10-10T01:12:35.683+0000] {docker.py:343} WARNING - Using remote engine or docker-in-docker and mounting temporary volume from host is not supported. Falling back to `mount_tmp_dir=False` mode. You can set `mount_tmp_dir` parameter to False to disable mounting and remove the warning
[2023-10-10T01:12:36.784+0000] {docker.py:403} INFO - [13:63:1010/011236.783623:ERROR:bus.cc(406)] Failed to connect to the bus: Failed to connect to socket /var/run/dbus/system_bus_socket: No such file or directory
[13:63:1010/011236.783740:ERROR:bus.cc(406)] Failed to connect to the bus: Failed to connect to socket /var/run/dbus/system_bus_socket: No such file or directory
[2023-10-10T01:12:36.787+0000] {docker.py:403} INFO - [13:60:1010/011236.786966:ERROR:bus.cc(406)] Failed to connect to the bus: Failed to connect to socket /var/run/dbus/system_bus_socket: No such file or directory
[2023-10-10T01:12:36.788+0000] {docker.py:403} INFO - [13:60:1010/011236.787213:ERROR:bus.cc(406)] Failed to connect to the bus: Could not parse server address: Unknown address type (examples of valid types are "tcp" and on UNIX "unix")
[2023-10-10T01:12:36.788+0000] {docker.py:403} INFO - [13:60:1010/011236.787820:ERROR:bus.cc(406)] Failed to connect to the bus: Could not parse server address: Unknown address type (examples of valid types are "tcp" and on UNIX "unix")
[13:60:1010/011236.787845:ERROR:bus.cc(406)] Failed to connect to the bus: Could not parse server address: Unknown address type (examples of valid types are "tcp" and on UNIX "unix")
[2023-10-10T01:12:36.791+0000] {docker.py:403} INFO - [13:60:1010/011236.787970:ERROR:bus.cc(406)] Failed to connect to the bus: Could not parse server address: Unknown address type (examples of valid types are "tcp" and on UNIX "unix")
[2023-10-10T01:12:36.802+0000] {docker.py:403} INFO - [13:60:1010/011236.801647:ERROR:bus.cc(406)] Failed to connect to the bus: Could not parse server address: Unknown address type (examples of valid types are "tcp" and on UNIX "unix")
[13:60:1010/011236.801675:ERROR:bus.cc(406)] Failed to connect to the bus: Could not parse server address: Unknown address type (examples of valid types are "tcp" and on UNIX "unix")
[2023-10-10T01:12:36.819+0000] {docker.py:403} INFO - DevTools listening on ws://127.0.0.1:4444/devtools/browser/98fbe48f-4625-4c74-8dcd-dcb699de40e6
[2023-10-10T01:12:36.830+0000] {docker.py:403} INFO - [13:13:1010/011236.829749:ERROR:object_proxy.cc(576)] Failed to call method: org.freedesktop.portal.Settings.Read: object_path= /org/freedesktop/portal/desktop: unknown error type:
[2023-10-10T01:12:36.839+0000] {docker.py:403} INFO - [13:103:1010/011236.838921:ERROR:bus.cc(406)] Failed to connect to the bus: Failed to connect to socket /var/run/dbus/system_bus_socket: No such file or directory
[2023-10-10T01:12:36.840+0000] {docker.py:403} INFO - [13:103:1010/011236.839120:ERROR:bus.cc(406)] Failed to connect to the bus: Failed to connect to socket /var/run/dbus/system_bus_socket: No such file or directory
[13:103:1010/011236.839193:ERROR:bus.cc(406)] Failed to connect to the bus: Failed to connect to socket /var/run/dbus/system_bus_socket: No such file or directory
[13:103:1010/011236.839268:ERROR:bus.cc(406)] Failed to connect to the bus: Failed to connect to socket /var/run/dbus/system_bus_socket: No such file or directory
[2023-10-10T01:12:36.840+0000] {docker.py:403} INFO - [13:103:1010/011236.839341:ERROR:bus.cc(406)] Failed to connect to the bus: Failed to connect to socket /var/run/dbus/system_bus_socket: No such file or directory
[2023-10-10T01:12:36.893+0000] {docker.py:403} INFO - [74:74:1010/011236.890857:ERROR:viz_main_impl.cc(196)] Exiting GPU process due to errors during initialization
[2023-10-10T01:13:28.372+0000] {docker.py:403} INFO - initialising bot
opening chrome (Linux)
open chrome
https://www.google.com/search?q=Machine+Learning+Engineer+jobs&ibp=htl;jobs#htivrt=jobs
Number of listings: 10
Job ID: Udyn05-yCag1egjQAAAAAA==
Company: C6 Bank
Remoto São Paulo, SP
Saving Machine Learning Engineer job
CSV file created.
Job ID: 1Fk8rkO9TZd7zz5uAAAAAA==
Company: Porto
Remoto São Paulo, SP
Saving Machine Learning Engineer job
CSV file created.
Job ID: KWIKHrtSSCsbdhZnAAAAAA==
Company: Thomson Reuters
Remoto São Paulo, SP
Saving Machine Learning Engineer job
CSV file created.
Job ID: 6oOQqIzGmHI0AMn_AAAAAA==
Company: Qintess
Remoto São Paulo, SP
Saving Machine Learning Engineer job
CSV file created.
Job ID: 9yjlltPbHY2RjmF5AAAAAA==
Company: Netvagas
Remoto Qualquer lugar
Saving Machine Learning Engineer job
CSV file created.
Job ID: 6bulMKezwV_FMrhpAAAAAA==
Company: Rad Hires
Remoto São Paulo, SP
Saving Machine Learning Engineer job
CSV file created.
Job ID: nOM7B3IX0SPy0WGqAAAAAA==
Company: Fraudio
Remoto São Paulo, SP
Saving Machine Learning Engineer job
CSV file created.
Job ID: Atbke5QYTtweMnCeAAAAAA==
Company: Fusemachines
Remoto Qualquer lugar
Saving Machine Learning Engineer job
CSV file created.
Job ID: sh6-1yiergC4tBEGAAAAAA==
Company: Rappi
Remoto São Paulo, SP
Saving Machine Learning Engineer job
CSV file created.
Job ID: iT-vSAjm7XfF_LnCAAAAAA==
Company: cxcglobal
Remoto São Paulo, SP
Saving Machine Learning Engineer job
CSV file created.
https://www.google.com/search?q=Data+Engineer+jobs&ibp=htl;jobs#htivrt=jobs
Number of listings: 10
Job ID: 3BNeNxoY7yxbolHlAAAAAA==
Company: Le Creuset
Remoto São Paulo, SP
Saving Data Engineer job
CSV file created.
Job ID: CCclXf6ZcugdaC8rAAAAAA==
Company: BANCO POTTENCIAL
Remoto São Paulo, SP
Saving Data Engineer job
CSV file created.
Job ID: 0xAX0k7hLdWTLBGUAAAAAA==
Company: Encora Inc.
Remoto São Paulo, SP
Saving Data Engineer job
CSV file created.
Job ID: JiDNF9EE-ATxSD4wAAAAAA==
Company: uCloud Brasil
Remoto São Paulo, SP
Saving Data Engineer job
CSV file created.
Job ID: TpPq9uIoo2g6o0KCAAAAAA==
Company: Possible
Remoto Qualquer lugar
Saving Data Engineer job
CSV file created.
Job ID: J65R8C25NT7l3XMzAAAAAA==
Company: Deep ESG
Remoto Qualquer lugar
Saving Data Engineer job
CSV file created.
Job ID: 5pxTH4_aLy9hRob4AAAAAA==
Company: Element Technologies
Remoto São Paulo, SP
Saving Data Engineer job
CSV file created.
Job ID: 2GR_yx3P13vt_XnlAAAAAA==
Company: BCG X, Boston Consulting Group
Remoto São Paulo, SP (+1)
Saving Data Engineer job
CSV file created.
Job ID: 3ViRF_VJRyXU-LR6AAAAAA==
Company: PROCURANDO EMPREGO
Remoto São Paulo, SP
Saving Data Engineer job
CSV file created.
Job ID: Q0DHvl9sMixC0a3xAAAAAA==
Company: Turing
Remoto São Paulo, SP
Saving Data Engineer job
CSV file created.
https://www.google.com/search?q=Data+Analyst+jobs&ibp=htl;jobs#htivrt=jobs
Number of listings: 10
Job ID: G1NmZgxoySnJkokwAAAAAA==
Company: Turing
Remoto São Paulo, SP
Saving Data Analyst job
CSV file created.
Job ID: m69VbttkkKmpN8XoAAAAAA==
Company: TalentKompass Deutschland
Remoto Qualquer lugar
Saving Data Analyst job
CSV file created.
Job ID: iG1QwfO2kytcKnqpAAAAAA==
Company: EMPREGARA
Remoto Santos, SP
Saving Data Analyst job
CSV file created.
Job ID: fqPWIcV73vqJjsjBAAAAAA==
Company: Media.Monks
Remoto São Paulo, SP
Saving Data Analyst job
CSV file created.
Job ID: kXSNWNFzAMSx6mnmAAAAAA==
Company: Turing
Remoto São Paulo, SP
Saving Data Analyst job
CSV file created.
Job ID: zzWie6DVFfa9Q4-vAAAAAA==
Company: SEMANTIX
Remoto São Paulo, SP
Saving Data Analyst job
CSV file created.
Job ID: XSQOQ7UmhhzhsMyhAAAAAA==
Company: The Methodical Group
Remoto São Paulo
Saving Data Analyst job
CSV file created.
Job ID: mRMYqPoQEfEuHLOXAAAAAA==
Company: Keyrus Brasil
Remoto São Paulo, SP
Saving Data Analyst job
CSV file created.
Job ID: 1jy5BbomIIQmnqdyAAAAAA==
Company: Reckitt
Remoto São Paulo, SP
Saving Data Analyst job
CSV file created.
Job ID: laF5SZQ-Ah5D7phcAAAAAA==
Company: Cargill
Remoto São Paulo, SP
Saving Data Analyst job
CSV file created.
https://www.google.com/search?q=Data+Scientist+jobs&ibp=htl;jobs#htivrt=jobs
Number of listings: 10
Job ID: St4JggB7R1UyvahHAAAAAA==
Company: XP Inc.
Remoto São Paulo, SP
Saving Data Scientist job
CSV file created.
Job ID: uOeJSe9ACIaqPZHiAAAAAA==
Company: Grupo Qualiconsig
Remoto São Paulo, SP
Saving Data Scientist job
CSV file created.
Job ID: cCTDHZoAtTYNfBL3AAAAAA==
Company: EMPREGARA
Remoto São Paulo, SP
Saving Data Scientist job
CSV file created.
Job ID: zSMB5VjPJ8lPFWmmAAAAAA==
Company: Uber
Remoto São Paulo, SP
Saving Data Scientist job
CSV file created.
Job ID: 3gpFMcgN15P74CnzAAAAAA==
Company: EMPREGARA
Remoto São Paulo, SP
Saving Data Scientist job
CSV file created.
Job ID: h-iWI1SREy6ufOBwAAAAAA==
Company: EMPREGARA
Remoto São Paulo, SP
Saving Data Scientist job
CSV file created.
Job ID: JPdxDR30l6coFHn1AAAAAA==
Company: Procter & Gamble
Remoto São Paulo, SP
Saving Data Scientist job
CSV file created.
Job ID: 5pxTH4_aLy9hRob4AAAAAA==
Company: Element Technologies
Remoto São Paulo, SP
Saving Data Scientist job
CSV file created.
Job ID: azeLa-hAH_JnFplqAAAAAA==
Company: K2 Partnering
Remoto São Paulo, SP
Saving Data Scientist job
CSV file created.
Job ID: KWIKHrtSSCsbdhZnAAAAAA==
Company: Thomson Reuters
Remoto São Paulo, SP
Saving Data Scientist job
CSV file created.
[2023-10-10T01:13:29.000+0000] {taskinstance.py:1350} INFO - Marking task as SUCCESS. dag_id=Extract_job_data_in_selenium_container, task_id=run_script_in_docker, execution_date=20231010T011233, start_date=20231010T011235, end_date=20231010T011329
[2023-10-10T01:13:29.065+0000] {local_task_job_runner.py:225} INFO - Task exited with return code 0
[2023-10-10T01:13:29.092+0000] {taskinstance.py:2653} INFO - 0 downstream tasks scheduled from follow-on schedule check
