[2023-10-09T02:30:28.069+0000] {taskinstance.py:1103} INFO - Dependencies all met for dep_context=non-requeueable deps ti=<TaskInstance: Extract_job_data_in_selenium_container.run_script_in_docker manual__2023-10-09T02:30:26.151044+00:00 [queued]>
[2023-10-09T02:30:28.081+0000] {taskinstance.py:1103} INFO - Dependencies all met for dep_context=requeueable deps ti=<TaskInstance: Extract_job_data_in_selenium_container.run_script_in_docker manual__2023-10-09T02:30:26.151044+00:00 [queued]>
[2023-10-09T02:30:28.082+0000] {taskinstance.py:1308} INFO - Starting attempt 1 of 2
[2023-10-09T02:30:28.101+0000] {taskinstance.py:1327} INFO - Executing <Task(DockerOperator): run_script_in_docker> on 2023-10-09 02:30:26.151044+00:00
[2023-10-09T02:30:28.107+0000] {standard_task_runner.py:57} INFO - Started process 451 to run task
[2023-10-09T02:30:28.111+0000] {standard_task_runner.py:84} INFO - Running: ['***', 'tasks', 'run', 'Extract_job_data_in_selenium_container', 'run_script_in_docker', 'manual__2023-10-09T02:30:26.151044+00:00', '--job-id', '640', '--raw', '--subdir', 'DAGS_FOLDER/extract_job_data_dag.py', '--cfg-path', '/tmp/tmpg_w3_0ll']
[2023-10-09T02:30:28.112+0000] {standard_task_runner.py:85} INFO - Job 640: Subtask run_script_in_docker
[2023-10-09T02:30:28.177+0000] {task_command.py:410} INFO - Running <TaskInstance: Extract_job_data_in_selenium_container.run_script_in_docker manual__2023-10-09T02:30:26.151044+00:00 [running]> on host e12c8be37a23
[2023-10-09T02:30:28.308+0000] {taskinstance.py:1547} INFO - Exporting env vars: AIRFLOW_CTX_DAG_OWNER='***' AIRFLOW_CTX_DAG_ID='Extract_job_data_in_selenium_container' AIRFLOW_CTX_TASK_ID='run_script_in_docker' AIRFLOW_CTX_EXECUTION_DATE='2023-10-09T02:30:26.151044+00:00' AIRFLOW_CTX_TRY_NUMBER='1' AIRFLOW_CTX_DAG_RUN_ID='manual__2023-10-09T02:30:26.151044+00:00'
[2023-10-09T02:30:28.331+0000] {docker.py:334} INFO - Starting docker container from image webscrape-container
[2023-10-09T02:30:28.338+0000] {docker.py:343} WARNING - Using remote engine or docker-in-docker and mounting temporary volume from host is not supported. Falling back to `mount_tmp_dir=False` mode. You can set `mount_tmp_dir` parameter to False to disable mounting and remove the warning
[2023-10-09T02:30:29.023+0000] {docker.py:403} INFO - [13:59:1009/023029.022641:ERROR:bus.cc(406)] Failed to connect to the bus: Failed to connect to socket /var/run/dbus/system_bus_socket: No such file or directory
[2023-10-09T02:30:29.213+0000] {docker.py:403} INFO - [13:64:1009/023029.213094:ERROR:bus.cc(406)] Failed to connect to the bus: Failed to connect to socket /var/run/dbus/system_bus_socket: No such file or directory
[2023-10-09T02:30:29.214+0000] {docker.py:403} INFO - [13:64:1009/023029.213446:ERROR:bus.cc(406)] Failed to connect to the bus: Failed to connect to socket /var/run/dbus/system_bus_socket: No such file or directory
[2023-10-09T02:30:29.218+0000] {docker.py:403} INFO - [13:59:1009/023029.217382:ERROR:bus.cc(406)] Failed to connect to the bus: Could not parse server address: Unknown address type (examples of valid types are "tcp" and on UNIX "unix")
[13:59:1009/023029.217421:ERROR:bus.cc(406)] Failed to connect to the bus: Could not parse server address: Unknown address type (examples of valid types are "tcp" and on UNIX "unix")
[13:59:1009/023029.217433:ERROR:bus.cc(406)] Failed to connect to the bus: Could not parse server address: Unknown address type (examples of valid types are "tcp" and on UNIX "unix")
[13:59:1009/023029.217462:ERROR:bus.cc(406)] Failed to connect to the bus: Could not parse server address: Unknown address type (examples of valid types are "tcp" and on UNIX "unix")
[2023-10-09T02:30:29.238+0000] {docker.py:403} INFO - [13:59:1009/023029.236600:ERROR:bus.cc(406)] Failed to connect to the bus: Could not parse server address: Unknown address type (examples of valid types are "tcp" and on UNIX "unix")
[2023-10-09T02:30:29.238+0000] {docker.py:403} INFO - [13:59:1009/023029.237541:ERROR:bus.cc(406)] Failed to connect to the bus: Could not parse server address: Unknown address type (examples of valid types are "tcp" and on UNIX "unix")
[2023-10-09T02:30:29.263+0000] {docker.py:403} INFO - DevTools listening on ws://127.0.0.1:4444/devtools/browser/83a59615-b1b5-4d92-839e-d03a1817df78
[2023-10-09T02:30:29.268+0000] {docker.py:403} INFO - [13:13:1009/023029.267965:ERROR:object_proxy.cc(576)] Failed to call method: org.freedesktop.portal.Settings.Read: object_path= /org/freedesktop/portal/desktop: unknown error type:
[2023-10-09T02:30:29.277+0000] {docker.py:403} INFO - [13:103:1009/023029.276787:ERROR:bus.cc(406)] Failed to connect to the bus: Failed to connect to socket /var/run/dbus/system_bus_socket: No such file or directory
[13:103:1009/023029.276835:ERROR:bus.cc(406)] Failed to connect to the bus: Failed to connect to socket /var/run/dbus/system_bus_socket: No such file or directory
[13:103:1009/023029.276893:ERROR:bus.cc(406)] Failed to connect to the bus: Failed to connect to socket /var/run/dbus/system_bus_socket: No such file or directory
[13:103:1009/023029.276933:ERROR:bus.cc(406)] Failed to connect to the bus: Failed to connect to socket /var/run/dbus/system_bus_socket: No such file or directory
[2023-10-09T02:30:29.278+0000] {docker.py:403} INFO - [13:103:1009/023029.276972:ERROR:bus.cc(406)] Failed to connect to the bus: Failed to connect to socket /var/run/dbus/system_bus_socket: No such file or directory
[2023-10-09T02:30:29.358+0000] {docker.py:403} INFO - [72:72:1009/023029.357857:ERROR:viz_main_impl.cc(196)] Exiting GPU process due to errors during initialization
[2023-10-09T02:31:15.972+0000] {docker.py:403} INFO - initialising bot
opening chrome (Linux)
open chrome
https://www.google.com/search?q=Machine+Learning+Engineer+jobs&ibp=htl;jobs#htivrt=jobs
Number of listings: 10
Job ID: Udyn05-yCag1egjQAAAAAA==
Company: C6 Bank
Remoto São Paulo, SP
Saving Machine Learning Engineer job
CSV file created.
Job ID: 1Fk8rkO9TZd7zz5uAAAAAA==
Company: Porto
Remoto São Paulo, SP
Saving Machine Learning Engineer job
CSV file created.
Job ID: KWIKHrtSSCsbdhZnAAAAAA==
Company: Thomson Reuters
Remoto São Paulo, SP
Saving Machine Learning Engineer job
CSV file created.
Job ID: 9yjlltPbHY2RjmF5AAAAAA==
Company: Netvagas
Remoto Qualquer lugar
Saving Machine Learning Engineer job
CSV file created.
Job ID: 6oOQqIzGmHI0AMn_AAAAAA==
Company: Qintess
Remoto São Paulo, SP
Saving Machine Learning Engineer job
CSV file created.
Job ID: 6bulMKezwV_FMrhpAAAAAA==
Company: Rad Hires
Remoto São Paulo, SP
Saving Machine Learning Engineer job
CSV file created.
Job ID: bFUKdrL6K2onDRaGAAAAAA==
Company: QuintoAndar
Remoto São Paulo, SP
Saving Machine Learning Engineer job
CSV file created.
Job ID: Atbke5QYTtweMnCeAAAAAA==
Company: Fusemachines
Remoto Qualquer lugar
Saving Machine Learning Engineer job
CSV file created.
Job ID: iT-vSAjm7XfF_LnCAAAAAA==
Company: cxcglobal
Remoto São Paulo, SP
Saving Machine Learning Engineer job
CSV file created.
Job ID: 3lcbT_KQjTkMM-tPAAAAAA==
Company: Experian
Remoto São Paulo, SP
Saving Machine Learning Engineer job
CSV file created.
https://www.google.com/search?q=Data+Engineer+jobs&ibp=htl;jobs#htivrt=jobs
Number of listings: 10
Job ID: JiDNF9EE-ATxSD4wAAAAAA==
Company: uCloud Brasil
Remoto São Paulo, SP
Saving Data Engineer job
CSV file created.
Job ID: CCclXf6ZcugdaC8rAAAAAA==
Company: BANCO POTTENCIAL
Remoto São Paulo, SP
Saving Data Engineer job
CSV file created.
Job ID: TpPq9uIoo2g6o0KCAAAAAA==
Company: Possible
Remoto Qualquer lugar
Saving Data Engineer job
CSV file created.
Job ID: 3ViRF_VJRyXU-LR6AAAAAA==
Company: PROCURANDO EMPREGO
Remoto São Paulo, SP
Saving Data Engineer job
CSV file created.
Job ID: 9LAcr-vmP4BZiYFCAAAAAA==
Company: BCG X, Boston Consulting Group
Remoto São Paulo, SP (+1)
Saving Data Engineer job
CSV file created.
Job ID: 5pxTH4_aLy9hRob4AAAAAA==
Company: Element Technologies
Remoto São Paulo, SP
Saving Data Engineer job
CSV file created.
Job ID: Q0DHvl9sMixC0a3xAAAAAA==
Company: Turing
Remoto São Paulo, SP
Saving Data Engineer job
CSV file created.
Job ID: RBWbGsxOyF_2NYVZAAAAAA==
Company: Coodesh
Remoto São Paulo, SP
Saving Data Engineer job
CSV file created.
Job ID: 1b7I5IpKVOC0BljKAAAAAA==
Company: Compass.UOL
Remoto São Paulo, SP
Saving Data Engineer job
CSV file created.
Job ID: yq9uZiuTdLG_bd2MAAAAAA==
Company: PrimeIT
Remoto São Paulo, SP
Saving Data Engineer job
CSV file created.
https://www.google.com/search?q=Data+Analyst+jobs&ibp=htl;jobs#htivrt=jobs
Number of listings: 10
Job ID: m69VbttkkKmpN8XoAAAAAA==
Company: TalentKompass Deutschland
Remoto Qualquer lugar
Saving Data Analyst job
CSV file created.
Job ID: G1NmZgxoySnJkokwAAAAAA==
Company: Turing
Remoto São Paulo, SP
Saving Data Analyst job
CSV file created.
Job ID: mRMYqPoQEfEuHLOXAAAAAA==
Company: Keyrus Brasil
Remoto São Paulo, SP
Saving Data Analyst job
CSV file created.
Job ID: zzWie6DVFfa9Q4-vAAAAAA==
Company: SEMANTIX
Remoto São Paulo, SP
Saving Data Analyst job
CSV file created.
Job ID: 00aI2pxSdBwzH6WaAAAAAA==
Company: The Methodical Group
Remoto São Paulo, SP
Saving Data Analyst job
CSV file created.
Job ID: iG1QwfO2kytcKnqpAAAAAA==
Company: EMPREGARA
Remoto Santos, SP
Saving Data Analyst job
CSV file created.
Job ID: HnI20Z4SiduOjjMMAAAAAA==
Company: Artefact
Remoto Qualquer lugar
Saving Data Analyst job
CSV file created.
Job ID: kXSNWNFzAMSx6mnmAAAAAA==
Company: Turing
Remoto São Paulo, SP
Saving Data Analyst job
CSV file created.
Job ID: fk4E7YBa7JfiZsJxAAAAAA==
Company: Criteo
Remoto São Paulo, SP
Saving Data Analyst job
CSV file created.
Job ID: fqPWIcV73vqJjsjBAAAAAA==
Company: Media.Monks
Remoto São Paulo, SP
Saving Data Analyst job
CSV file created.
https://www.google.com/search?q=Data+Scientist+jobs&ibp=htl;jobs#htivrt=jobs
Number of listings: 10
Job ID: St4JggB7R1UyvahHAAAAAA==
Company: XP Inc.
Remoto São Paulo, SP
Saving Data Scientist job
CSV file created.
Job ID: mbL_dGlWAkN9r7DvAAAAAA==
Company: XP Inc.
Remoto Qualquer lugar
Saving Data Scientist job
CSV file created.
Job ID: cCTDHZoAtTYNfBL3AAAAAA==
Company: EMPREGARA
Remoto São Paulo, SP
Saving Data Scientist job
CSV file created.
Job ID: zSMB5VjPJ8lPFWmmAAAAAA==
Company: Uber
Remoto São Paulo, SP
Saving Data Scientist job
CSV file created.
Job ID: uOeJSe9ACIaqPZHiAAAAAA==
Company: Grupo Qualiconsig
Remoto São Paulo, SP
Saving Data Scientist job
CSV file created.
Job ID: 5pxTH4_aLy9hRob4AAAAAA==
Company: Element Technologies
Remoto São Paulo, SP
Saving Data Scientist job
CSV file created.
Job ID: h-iWI1SREy6ufOBwAAAAAA==
Company: EMPREGARA
Remoto São Paulo, SP
Saving Data Scientist job
CSV file created.
Job ID: JPdxDR30l6coFHn1AAAAAA==
Company: Procter & Gamble
Remoto São Paulo, SP
Saving Data Scientist job
CSV file created.
Job ID: azeLa-hAH_JnFplqAAAAAA==
Company: K2 Partnering
Remoto São Paulo, SP
Saving Data Scientist job
CSV file created.
Job ID: 0P4uwFHJrFAwdmlBAAAAAA==
Company: Risk Solutions
Remoto São Paulo, SP
Saving Data Scientist job
CSV file created.
[2023-10-09T02:31:16.590+0000] {taskinstance.py:1350} INFO - Marking task as SUCCESS. dag_id=Extract_job_data_in_selenium_container, task_id=run_script_in_docker, execution_date=20231009T023026, start_date=20231009T023028, end_date=20231009T023116
[2023-10-09T02:31:16.635+0000] {local_task_job_runner.py:225} INFO - Task exited with return code 0
[2023-10-09T02:31:16.653+0000] {taskinstance.py:2653} INFO - 0 downstream tasks scheduled from follow-on schedule check
