[2023-10-09T02:23:15.884+0000] {taskinstance.py:1103} INFO - Dependencies all met for dep_context=non-requeueable deps ti=<TaskInstance: Extract_job_data_in_selenium_container.run_script_in_docker manual__2023-10-09T02:18:12.670333+00:00 [queued]>
[2023-10-09T02:23:15.899+0000] {taskinstance.py:1103} INFO - Dependencies all met for dep_context=requeueable deps ti=<TaskInstance: Extract_job_data_in_selenium_container.run_script_in_docker manual__2023-10-09T02:18:12.670333+00:00 [queued]>
[2023-10-09T02:23:15.900+0000] {taskinstance.py:1308} INFO - Starting attempt 2 of 2
[2023-10-09T02:23:15.954+0000] {taskinstance.py:1327} INFO - Executing <Task(DockerOperator): run_script_in_docker> on 2023-10-09 02:18:12.670333+00:00
[2023-10-09T02:23:15.969+0000] {standard_task_runner.py:57} INFO - Started process 313 to run task
[2023-10-09T02:23:15.978+0000] {standard_task_runner.py:84} INFO - Running: ['***', 'tasks', 'run', 'Extract_job_data_in_selenium_container', 'run_script_in_docker', 'manual__2023-10-09T02:18:12.670333+00:00', '--job-id', '633', '--raw', '--subdir', 'DAGS_FOLDER/extract_job_data_dag.py', '--cfg-path', '/tmp/tmpkyx3zxn_']
[2023-10-09T02:23:15.981+0000] {standard_task_runner.py:85} INFO - Job 633: Subtask run_script_in_docker
[2023-10-09T02:23:16.281+0000] {task_command.py:410} INFO - Running <TaskInstance: Extract_job_data_in_selenium_container.run_script_in_docker manual__2023-10-09T02:18:12.670333+00:00 [running]> on host e12c8be37a23
[2023-10-09T02:23:16.528+0000] {taskinstance.py:1547} INFO - Exporting env vars: AIRFLOW_CTX_DAG_OWNER='***' AIRFLOW_CTX_DAG_ID='Extract_job_data_in_selenium_container' AIRFLOW_CTX_TASK_ID='run_script_in_docker' AIRFLOW_CTX_EXECUTION_DATE='2023-10-09T02:18:12.670333+00:00' AIRFLOW_CTX_TRY_NUMBER='2' AIRFLOW_CTX_DAG_RUN_ID='manual__2023-10-09T02:18:12.670333+00:00'
[2023-10-09T02:23:16.715+0000] {docker.py:334} INFO - Starting docker container from image webscrape-container
[2023-10-09T02:23:16.746+0000] {docker.py:343} WARNING - Using remote engine or docker-in-docker and mounting temporary volume from host is not supported. Falling back to `mount_tmp_dir=False` mode. You can set `mount_tmp_dir` parameter to False to disable mounting and remove the warning
[2023-10-09T02:23:18.341+0000] {docker.py:403} INFO - [13:61:1009/022318.339776:ERROR:bus.cc(406)] Failed to connect to the bus: Failed to connect to socket /var/run/dbus/system_bus_socket: No such file or directory
[2023-10-09T02:23:18.719+0000] {docker.py:403} INFO - [13:64:1009/022318.718144:ERROR:bus.cc(406)] Failed to connect to the bus: Failed to connect to socket /var/run/dbus/system_bus_socket: No such file or directory
[2023-10-09T02:23:18.719+0000] {docker.py:403} INFO - [13:64:1009/022318.718218:ERROR:bus.cc(406)] Failed to connect to the bus: Failed to connect to socket /var/run/dbus/system_bus_socket: No such file or directory
[2023-10-09T02:23:18.724+0000] {docker.py:403} INFO - [13:61:1009/022318.723104:ERROR:bus.cc(406)] Failed to connect to the bus: Could not parse server address: Unknown address type (examples of valid types are "tcp" and on UNIX "unix")
[13:61:1009/022318.723151:ERROR:bus.cc(406)] Failed to connect to the bus: Could not parse server address: Unknown address type (examples of valid types are "tcp" and on UNIX "unix")
[13:61:1009/022318.723168:ERROR:bus.cc(406)] Failed to connect to the bus: Could not parse server address: Unknown address type (examples of valid types are "tcp" and on UNIX "unix")
[2023-10-09T02:23:18.726+0000] {docker.py:403} INFO - [13:61:1009/022318.724155:ERROR:bus.cc(406)] Failed to connect to the bus: Could not parse server address: Unknown address type (examples of valid types are "tcp" and on UNIX "unix")
[2023-10-09T02:23:18.767+0000] {docker.py:403} INFO - Opening in existing browser session.
[2023-10-09T02:23:18.931+0000] {docker.py:403} INFO - [1009/022318.928128:ERROR:nacl_helper_linux.cc(354)] NaCl helper process running without a sandbox!
Most likely you need to configure your SUID sandbox correctly
[2023-10-09T02:24:32.355+0000] {taskinstance.py:1350} INFO - Marking task as SUCCESS. dag_id=Extract_job_data_in_selenium_container, task_id=run_script_in_docker, execution_date=20231009T021812, start_date=20231009T022315, end_date=20231009T022432
[2023-10-09T02:24:32.398+0000] {local_task_job_runner.py:225} INFO - Task exited with return code 0
[2023-10-09T02:24:32.440+0000] {taskinstance.py:2653} INFO - 0 downstream tasks scheduled from follow-on schedule check
