[2023-10-08T20:02:21.706+0000] {taskinstance.py:1103} INFO - Dependencies all met for dep_context=non-requeueable deps ti=<TaskInstance: Extract_job_data_in_selenium_container.upload_to_s3 manual__2023-10-08T19:57:18.828295+00:00 [queued]>
[2023-10-08T20:02:21.718+0000] {taskinstance.py:1103} INFO - Dependencies all met for dep_context=requeueable deps ti=<TaskInstance: Extract_job_data_in_selenium_container.upload_to_s3 manual__2023-10-08T19:57:18.828295+00:00 [queued]>
[2023-10-08T20:02:21.719+0000] {taskinstance.py:1308} INFO - Starting attempt 2 of 2
[2023-10-08T20:02:21.774+0000] {taskinstance.py:1327} INFO - Executing <Task(BashOperator): upload_to_s3> on 2023-10-08 19:57:18.828295+00:00
[2023-10-08T20:02:21.781+0000] {standard_task_runner.py:57} INFO - Started process 394 to run task
[2023-10-08T20:02:21.786+0000] {standard_task_runner.py:84} INFO - Running: ['***', 'tasks', 'run', 'Extract_job_data_in_selenium_container', 'upload_to_s3', 'manual__2023-10-08T19:57:18.828295+00:00', '--job-id', '485', '--raw', '--subdir', 'DAGS_FOLDER/extract_job_data_dag.py', '--cfg-path', '/tmp/tmpnkbub6w5']
[2023-10-08T20:02:21.788+0000] {standard_task_runner.py:85} INFO - Job 485: Subtask upload_to_s3
[2023-10-08T20:02:21.848+0000] {task_command.py:410} INFO - Running <TaskInstance: Extract_job_data_in_selenium_container.upload_to_s3 manual__2023-10-08T19:57:18.828295+00:00 [running]> on host dc7cf7a112de
[2023-10-08T20:02:21.942+0000] {taskinstance.py:1547} INFO - Exporting env vars: AIRFLOW_CTX_DAG_OWNER='***' AIRFLOW_CTX_DAG_ID='Extract_job_data_in_selenium_container' AIRFLOW_CTX_TASK_ID='upload_to_s3' AIRFLOW_CTX_EXECUTION_DATE='2023-10-08T19:57:18.828295+00:00' AIRFLOW_CTX_TRY_NUMBER='2' AIRFLOW_CTX_DAG_RUN_ID='manual__2023-10-08T19:57:18.828295+00:00'
[2023-10-08T20:02:21.944+0000] {subprocess.py:63} INFO - Tmp dir root location: /tmp
[2023-10-08T20:02:21.945+0000] {subprocess.py:75} INFO - Running command: ['/bin/bash', '-c', 'python /opt/***/extraction/upload_aws_s3_etl.py 20231008']
[2023-10-08T20:02:21.957+0000] {subprocess.py:86} INFO - Output:
[2023-10-08T20:02:22.064+0000] {subprocess.py:93} INFO - python: can't open file '/opt/***/extraction/upload_aws_s3_etl.py': [Errno 2] No such file or directory
[2023-10-08T20:02:22.068+0000] {subprocess.py:97} INFO - Command exited with return code 2
[2023-10-08T20:02:22.081+0000] {taskinstance.py:1824} ERROR - Task failed with exception
Traceback (most recent call last):
  File "/home/airflow/.local/lib/python3.7/site-packages/airflow/operators/bash.py", line 211, in execute
    f"Bash command failed. The command returned a non-zero exit code {result.exit_code}."
airflow.exceptions.AirflowException: Bash command failed. The command returned a non-zero exit code 2.
[2023-10-08T20:02:22.086+0000] {taskinstance.py:1350} INFO - Marking task as FAILED. dag_id=Extract_job_data_in_selenium_container, task_id=upload_to_s3, execution_date=20231008T195718, start_date=20231008T200221, end_date=20231008T200222
[2023-10-08T20:02:22.104+0000] {standard_task_runner.py:109} ERROR - Failed to execute job 485 for task upload_to_s3 (Bash command failed. The command returned a non-zero exit code 2.; 394)
[2023-10-08T20:02:22.123+0000] {local_task_job_runner.py:225} INFO - Task exited with return code 1
[2023-10-08T20:02:22.158+0000] {taskinstance.py:2653} INFO - 0 downstream tasks scheduled from follow-on schedule check
