[2023-09-30T20:57:35.551+0000] {taskinstance.py:1103} INFO - Dependencies all met for dep_context=non-requeueable deps ti=<TaskInstance: trigger_script_in_docker.run_script_in_docker manual__2023-09-30T20:52:36.231584+00:00 [queued]>
[2023-09-30T20:57:35.584+0000] {taskinstance.py:1103} INFO - Dependencies all met for dep_context=requeueable deps ti=<TaskInstance: trigger_script_in_docker.run_script_in_docker manual__2023-09-30T20:52:36.231584+00:00 [queued]>
[2023-09-30T20:57:35.585+0000] {taskinstance.py:1308} INFO - Starting attempt 1 of 2
[2023-09-30T20:57:35.621+0000] {taskinstance.py:1327} INFO - Executing <Task(DockerOperator): run_script_in_docker> on 2023-09-30 20:52:36.231584+00:00
[2023-09-30T20:57:35.632+0000] {standard_task_runner.py:57} INFO - Started process 81 to run task
[2023-09-30T20:57:35.809+0000] {standard_task_runner.py:84} INFO - Running: ['***', 'tasks', 'run', 'trigger_script_in_docker', 'run_script_in_docker', 'manual__2023-09-30T20:52:36.231584+00:00', '--job-id', '412', '--raw', '--subdir', 'DAGS_FOLDER/extract_job_data_dag.py', '--cfg-path', '/tmp/tmpr4z3zpmr']
[2023-09-30T20:57:35.843+0000] {standard_task_runner.py:85} INFO - Job 412: Subtask run_script_in_docker
[2023-09-30T20:57:36.708+0000] {task_command.py:410} INFO - Running <TaskInstance: trigger_script_in_docker.run_script_in_docker manual__2023-09-30T20:52:36.231584+00:00 [running]> on host 73ddf3c4cdb0
[2023-09-30T20:57:37.275+0000] {taskinstance.py:1547} INFO - Exporting env vars: AIRFLOW_CTX_DAG_OWNER='***' AIRFLOW_CTX_DAG_ID='trigger_script_in_docker' AIRFLOW_CTX_TASK_ID='run_script_in_docker' AIRFLOW_CTX_EXECUTION_DATE='2023-09-30T20:52:36.231584+00:00' AIRFLOW_CTX_TRY_NUMBER='1' AIRFLOW_CTX_DAG_RUN_ID='manual__2023-09-30T20:52:36.231584+00:00'
[2023-09-30T20:57:37.658+0000] {docker.py:334} INFO - Starting docker container from image ***_webscrape-container
[2023-09-30T20:57:37.749+0000] {docker.py:343} WARNING - Using remote engine or docker-in-docker and mounting temporary volume from host is not supported. Falling back to `mount_tmp_dir=False` mode. You can set `mount_tmp_dir` parameter to False to disable mounting and remove the warning
[2023-09-30T20:57:45.828+0000] {docker.py:403} INFO - [13:62:0930/205745.816718:ERROR:bus.cc(406)] Failed to connect to the bus: Failed to connect to socket /var/run/dbus/system_bus_socket: No such file or directory
[13:62:0930/205745.818102:ERROR:bus.cc(406)] Failed to connect to the bus: Failed to connect to socket /var/run/dbus/system_bus_socket: No such file or directory
[2023-09-30T20:57:45.869+0000] {docker.py:403} INFO - [13:59:0930/205745.866962:ERROR:bus.cc(406)] Failed to connect to the bus: Failed to connect to socket /var/run/dbus/system_bus_socket: No such file or directory
[13:59:0930/205745.867303:ERROR:bus.cc(406)] Failed to connect to the bus: Address does not contain a colon
[2023-09-30T20:57:45.877+0000] {docker.py:403} INFO - [13:59:0930/205745.869921:ERROR:bus.cc(406)] Failed to connect to the bus: Address does not contain a colon
[13:59:0930/205745.872680:ERROR:bus.cc(406)] Failed to connect to the bus: Address does not contain a colon
[13:59:0930/205745.872734:ERROR:bus.cc(406)] Failed to connect to the bus: Address does not contain a colon
[2023-09-30T20:57:46.217+0000] {docker.py:403} INFO - [13:59:0930/205746.216590:ERROR:bus.cc(406)] Failed to connect to the bus: Address does not contain a colon
[13:59:0930/205746.216625:ERROR:bus.cc(406)] Failed to connect to the bus: Address does not contain a colon
[2023-09-30T20:57:47.078+0000] {docker.py:403} INFO - DevTools listening on ws://127.0.0.1:4444/devtools/browser/b7cf61e7-6566-435f-b316-daad78278be7
[2023-09-30T20:57:47.438+0000] {docker.py:403} INFO - [13:13:0930/205747.392176:ERROR:object_proxy.cc(576)] Failed to call method: org.freedesktop.portal.Settings.Read: object_path= /org/freedesktop/portal/desktop: unknown error type:
[2023-09-30T20:57:47.678+0000] {docker.py:403} INFO - [13:101:0930/205747.670943:ERROR:bus.cc(406)] Failed to connect to the bus: Failed to connect to socket /var/run/dbus/system_bus_socket: No such file or directory
[2023-09-30T20:57:47.679+0000] {docker.py:403} INFO - [13:101:0930/205747.671165:ERROR:bus.cc(406)] Failed to connect to the bus: Failed to connect to socket /var/run/dbus/system_bus_socket: No such file or directory
[2023-09-30T20:57:47.684+0000] {docker.py:403} INFO - [13:101:0930/205747.671472:ERROR:bus.cc(406)] Failed to connect to the bus: Failed to connect to socket /var/run/dbus/system_bus_socket: No such file or directory
[2023-09-30T20:57:47.687+0000] {docker.py:403} INFO - [13:101:0930/205747.671727:ERROR:bus.cc(406)] Failed to connect to the bus: Failed to connect to socket /var/run/dbus/system_bus_socket: No such file or directory
[2023-09-30T20:57:47.689+0000] {docker.py:403} INFO - [13:101:0930/205747.672661:ERROR:bus.cc(406)] Failed to connect to the bus: Failed to connect to socket /var/run/dbus/system_bus_socket: No such file or directory
[2023-09-30T20:57:49.106+0000] {docker.py:403} INFO - [69:69:0930/205749.091902:ERROR:viz_main_impl.cc(196)] Exiting GPU process due to errors during initialization
[2023-09-30T20:59:39.886+0000] {docker.py:403} INFO - initialising bot
opening chrome (Linux)
open chrome
https://www.google.com/search?q=Machine+Learning+Engineer+jobs&ibp=htl;jobs#htivrt=jobs
Number of listings: 20
Job ID: 9yjlltPbHY2RjmF5AAAAAA==
Company: Netvagas
Remoto Qualquer lugar
Saving Machine Learning Engineer job
Job ID: Vej123eYZWmGAEK3AAAAAA==
Company: Qintess
Remoto Qualquer lugar
Saving Machine Learning Engineer job
Job ID: Udyn05-yCag1egjQAAAAAA==
Company: C6 Bank
Remoto São Paulo, SP
Saving Machine Learning Engineer job
Job ID: ObkTg0QShM-UiZErAAAAAA==
Company: Metal Toad
Remoto São Paulo, SP
Saving Machine Learning Engineer job
Job ID: 6bulMKezwV_FMrhpAAAAAA==
Company: Rad Hires
Remoto São Paulo, SP
Saving Machine Learning Engineer job
Job ID: KWIKHrtSSCsbdhZnAAAAAA==
Company: Thomson Reuters
Remoto São Paulo, SP
Saving Machine Learning Engineer job
Job ID: 9hkM2PeQ9KHyHOt3AAAAAA==
Company: Kodif
Remoto São Paulo, SP
Saving Machine Learning Engineer job
Job ID: QQD7FDII-j5-ZFrsAAAAAA==
Company: Mars
Remoto São Paulo, SP
Saving Machine Learning Engineer job
Job ID: sh6-1yiergC4tBEGAAAAAA==
Company: Rappi
Remoto São Paulo, SP
Saving Machine Learning Engineer job
Job ID: fzAjegEPVU0JfSIIAAAAAA==
Company: FullStack Labs
Remoto São Paulo, SP
Saving Machine Learning Engineer job
Job ID: 3lcbT_KQjTkMM-tPAAAAAA==
Company: Experian
Remoto São Paulo, SP
Saving Machine Learning Engineer job
Job ID: 1vHncZk4Vrakuk1-AAAAAA==
Company: Stellantis South America
Remoto São Paulo, SP
Saving Machine Learning Engineer job
Job ID: bFUKdrL6K2onDRaGAAAAAA==
Company: QuintoAndar
Remoto São Paulo, SP
Saving Machine Learning Engineer job
Job ID: 1Fk8rkO9TZd7zz5uAAAAAA==
Company: Porto
Remoto São Paulo, SP
Saving Machine Learning Engineer job
Job ID: _E8Km1RDFICr8hYrAAAAAA==
Company: Creditas
Remoto São Paulo, SP
Saving Machine Learning Engineer job
Job ID: nGAFzUgRJu_saf5dAAAAAA==
Company: SPC BRASIL
Remoto São Paulo, SP
Saving Machine Learning Engineer job
Job ID: YlT7aknAnb2b3KJ5AAAAAA==
Company: Turing
Remoto São Paulo, SP
Saving Machine Learning Engineer job
Job ID: ntFrL5Wyy4cQFXsEAAAAAA==
Company: FullStack Labs
Remoto São Paulo, SP
Saving Machine Learning Engineer job
Job ID: 54cxctJJPr_yns3qAAAAAA==
Company: Nubank
Remoto São Paulo, SP
Saving Machine Learning Engineer job
Job ID: gkWxQSuUVu9AzPVAAAAAAA==
Company: Turing
Remoto São Paulo, SP
Saving Machine Learning Engineer job
https://www.google.com/search?q=Data+Engineer+jobs&ibp=htl;jobs#htivrt=jobs
Number of listings: 20
Job ID: En3RJ2poTCRtVk7MAAAAAA==
Company: SOW
Remoto São Paulo, SP
Saving Data Engineer job
Job ID: LlSqqG4zhXRa3AvQAAAAAA==
Company: XP Inc.
Remoto São Paulo, SP
Saving Data Engineer job
Job ID: sfP5qqU5Su9aH_EdAAAAAA==
Company: GeekHunter
Remoto Qualquer lugar
Saving Data Engineer job
Job ID: 9LAcr-vmP4BZiYFCAAAAAA==
Company: BCG X, Boston Consulting Group
Remoto São Paulo, SP (+1)
Saving Data Engineer job
Job ID: f2LgHE5y-xDsXmlmAAAAAA==
Company: Nubank
Remoto São Paulo, SP
Saving Data Engineer job
Job ID: 5LAE5Z7EwG1DUxvQAAAAAA==
Company: Confidencial
Remoto São Paulo, SP
Saving Data Engineer job
Job ID: 3WDNIN7cIh0Aeb1uAAAAAA==
Company: Globant
Remoto São Paulo, SP
Saving Data Engineer job
Job ID: 3I8nnPgxaHneXNyyAAAAAA==
Company: Kyndryl
Remoto Qualquer lugar
Saving Data Engineer job
Job ID: ARA7dmBT09NAAJe7AAAAAA==
Company: Turing
Remoto São Paulo, SP
Saving Data Engineer job
Job ID: yOvCG5vLuMR2SgAPAAAAAA==
Company: Cortex Intelligence
Remoto São Paulo, SP
Saving Data Engineer job
Job ID: qBzkz5J2lHukkOEOAAAAAA==
Company: Metal Toad
Remoto São Paulo, SP
Saving Data Engineer job
Job ID: q1VndFiJATdZdoclAAAAAA==
Company: LUXOFT
Remoto São Paulo, SP
Saving Data Engineer job
Job ID: Ld0BPNgXHfQEZuGYAAAAAA==
Company: Rehva Tech
Remoto São Paulo, SP
Saving Data Engineer job
Job ID: BLd_j85oKSRQ1Ro0AAAAAA==
Company: AB InBev
Remoto São Paulo, SP
Saving Data Engineer job
Job ID: VwkmlpUdBWdEiQEvAAAAAA==
Company: Ibm
Remoto São Paulo, SP
Saving Data Engineer job
Job ID: g7AacuHI-IllxaG3AAAAAA==
Company: Schaeffler
Remoto São Paulo, SP
Saving Data Engineer job
Job ID: cE5v2QDZKRtznjgQAAAAAA==
Company: Turing
Remoto São Paulo, SP
Saving Data Engineer job
Job ID: hyO8rsq1QOxkOeJDAAAAAA==
Company: BANCO SANTANDER
Remoto São Paulo, SP
Saving Data Engineer job
Job ID: 8Um3F9yznpQaiML9AAAAAA==
Company: Wildlife Studios
Remoto São Paulo, SP
Saving Data Engineer job
Job ID: ieRk6k88JV4m8YVTAAAAAA==
Company: GrabJobs Brazil
Remoto São Paulo, SP
Saving Data Engineer job
https://www.google.com/search?q=Data+Analyst+jobs&ibp=htl;jobs#htivrt=jobs
Number of listings: 10
Job ID: zzWie6DVFfa9Q4-vAAAAAA==
Company: SEMANTIX
Remoto São Paulo, SP
Saving Data Analyst job
Job ID: fqPWIcV73vqJjsjBAAAAAA==
Company: Media.Monks
Remoto São Paulo, SP
Saving Data Analyst job
Job ID: 00aI2pxSdBwzH6WaAAAAAA==
Company: The Methodical Group
Remoto São Paulo, SP
Saving Data Analyst job
Job ID: G1NmZgxoySnJkokwAAAAAA==
Company: Turing
Remoto São Paulo, SP
Saving Data Analyst job
Job ID: iG1QwfO2kytcKnqpAAAAAA==
Company: EMPREGARA
Remoto Santos, SP
Saving Data Analyst job
Job ID: 6hxBF5xwLM4Uel9vAAAAAA==
Company: Bridgestone Brasil
Remoto São Paulo, SP
Saving Data Analyst job
Job ID: YElTYCCmZHlHcYzBAAAAAA==
Company: BrandBastion
Remoto São Paulo, SP
Saving Data Analyst job
Job ID: Q7OXzvnJ6xHum3F5AAAAAA==
Company: TikTok
Remoto São Paulo, SP
Saving Data Analyst job
Job ID: hK8anz8NHrBg82ORAAAAAA==
Company: Santander
Remoto São Paulo, SP
Saving Data Analyst job
Job ID: Pd7czgxFrsGwXt_xAAAAAA==
Company: Mondelēz International
Remoto São Paulo, SP
Saving Data Analyst job
https://www.google.com/search?q=Data+Scientist+jobs&ibp=htl;jobs#htivrt=jobs
Number of listings: 10
Job ID: So15XISjZJWJNtumAAAAAA==
Company: Vigil
Remoto Qualquer lugar
Saving Data Scientist job
Job ID: MV_bvt4v5_PcXDGSAAAAAA==
Company: Cognitivo.ai
Remoto Qualquer lugar
Saving Data Scientist job
Job ID: St4JggB7R1UyvahHAAAAAA==
Company: XP Inc.
Remoto São Paulo, SP
Saving Data Scientist job
Job ID: zSMB5VjPJ8lPFWmmAAAAAA==
Company: Uber
Remoto São Paulo, SP
Saving Data Scientist job
Job ID: cCTDHZoAtTYNfBL3AAAAAA==
Company: EMPREGARA
Remoto São Paulo, SP
Saving Data Scientist job
Job ID: uOeJSe9ACIaqPZHiAAAAAA==
Company: Grupo Qualiconsig
Remoto São Paulo, SP
Saving Data Scientist job
Job ID: MLMyEzBAi0FpKjRYAAAAAA==
Company: Bairesdev
Remoto São Paulo, SP
Saving Data Scientist job
Job ID: NJNWP-QpsWLZr17QAAAAAA==
Company: Confidencial
Remoto São Paulo, SP
Saving Data Scientist job
Job ID: 3gpFMcgN15P74CnzAAAAAA==
Company: EMPREGARA
Remoto São Paulo, SP
Saving Data Scientist job
Job ID: jvmOVXOYuBKPkbcrAAAAAA==
Company: AMARO
Remoto São Paulo, SP
Saving Data Scientist job
[2023-09-30T20:59:40.679+0000] {taskinstance.py:1350} INFO - Marking task as SUCCESS. dag_id=trigger_script_in_docker, task_id=run_script_in_docker, execution_date=20230930T205236, start_date=20230930T205735, end_date=20230930T205940
[2023-09-30T20:59:40.735+0000] {local_task_job_runner.py:225} INFO - Task exited with return code 0
[2023-09-30T20:59:40.769+0000] {taskinstance.py:2653} INFO - 0 downstream tasks scheduled from follow-on schedule check
