[2023-10-08T22:44:35.755+0000] {taskinstance.py:1103} INFO - Dependencies all met for dep_context=non-requeueable deps ti=<TaskInstance: Extract_job_data_in_selenium_container.upload_to_s3 manual__2023-10-08T22:44:33.033923+00:00 [queued]>
[2023-10-08T22:44:35.775+0000] {taskinstance.py:1103} INFO - Dependencies all met for dep_context=requeueable deps ti=<TaskInstance: Extract_job_data_in_selenium_container.upload_to_s3 manual__2023-10-08T22:44:33.033923+00:00 [queued]>
[2023-10-08T22:44:35.775+0000] {taskinstance.py:1308} INFO - Starting attempt 1 of 2
[2023-10-08T22:44:35.800+0000] {taskinstance.py:1327} INFO - Executing <Task(BashOperator): upload_to_s3> on 2023-10-08 22:44:33.033923+00:00
[2023-10-08T22:44:35.812+0000] {standard_task_runner.py:57} INFO - Started process 414 to run task
[2023-10-08T22:44:35.832+0000] {standard_task_runner.py:84} INFO - Running: ['***', 'tasks', 'run', 'Extract_job_data_in_selenium_container', 'upload_to_s3', 'manual__2023-10-08T22:44:33.033923+00:00', '--job-id', '541', '--raw', '--subdir', 'DAGS_FOLDER/extract_job_data_dag.py', '--cfg-path', '/tmp/tmp_sbgl3o1']
[2023-10-08T22:44:35.846+0000] {standard_task_runner.py:85} INFO - Job 541: Subtask upload_to_s3
[2023-10-08T22:44:36.410+0000] {task_command.py:410} INFO - Running <TaskInstance: Extract_job_data_in_selenium_container.upload_to_s3 manual__2023-10-08T22:44:33.033923+00:00 [running]> on host 567643eabf3d
[2023-10-08T22:44:36.600+0000] {taskinstance.py:1547} INFO - Exporting env vars: AIRFLOW_CTX_DAG_OWNER='***' AIRFLOW_CTX_DAG_ID='Extract_job_data_in_selenium_container' AIRFLOW_CTX_TASK_ID='upload_to_s3' AIRFLOW_CTX_EXECUTION_DATE='2023-10-08T22:44:33.033923+00:00' AIRFLOW_CTX_TRY_NUMBER='1' AIRFLOW_CTX_DAG_RUN_ID='manual__2023-10-08T22:44:33.033923+00:00'
[2023-10-08T22:44:36.602+0000] {subprocess.py:63} INFO - Tmp dir root location: /tmp
[2023-10-08T22:44:36.603+0000] {subprocess.py:75} INFO - Running command: ['/bin/bash', '-c', 'python /opt/***/extraction/upload_aws_s3_etl.py 20231008']
[2023-10-08T22:44:36.622+0000] {subprocess.py:86} INFO - Output:
[2023-10-08T22:44:36.883+0000] {subprocess.py:93} INFO - python: can't open file '/opt/***/extraction/upload_aws_s3_etl.py': [Errno 2] No such file or directory
[2023-10-08T22:44:36.892+0000] {subprocess.py:97} INFO - Command exited with return code 2
[2023-10-08T22:44:36.914+0000] {taskinstance.py:1824} ERROR - Task failed with exception
Traceback (most recent call last):
  File "/home/airflow/.local/lib/python3.7/site-packages/airflow/operators/bash.py", line 211, in execute
    f"Bash command failed. The command returned a non-zero exit code {result.exit_code}."
airflow.exceptions.AirflowException: Bash command failed. The command returned a non-zero exit code 2.
[2023-10-08T22:44:36.919+0000] {taskinstance.py:1350} INFO - Marking task as UP_FOR_RETRY. dag_id=Extract_job_data_in_selenium_container, task_id=upload_to_s3, execution_date=20231008T224433, start_date=20231008T224435, end_date=20231008T224436
[2023-10-08T22:44:36.945+0000] {standard_task_runner.py:109} ERROR - Failed to execute job 541 for task upload_to_s3 (Bash command failed. The command returned a non-zero exit code 2.; 414)
[2023-10-08T22:44:36.985+0000] {local_task_job_runner.py:225} INFO - Task exited with return code 1
[2023-10-08T22:44:37.039+0000] {taskinstance.py:2653} INFO - 0 downstream tasks scheduled from follow-on schedule check
