[2023-10-06T21:31:56.784+0000] {taskinstance.py:1103} INFO - Dependencies all met for dep_context=non-requeueable deps ti=<TaskInstance: Extract_job_data_in_selenium_container.run_script_in_docker manual__2023-10-06T21:31:53.728027+00:00 [queued]>
[2023-10-06T21:31:56.796+0000] {taskinstance.py:1103} INFO - Dependencies all met for dep_context=requeueable deps ti=<TaskInstance: Extract_job_data_in_selenium_container.run_script_in_docker manual__2023-10-06T21:31:53.728027+00:00 [queued]>
[2023-10-06T21:31:56.796+0000] {taskinstance.py:1308} INFO - Starting attempt 1 of 2
[2023-10-06T21:31:56.815+0000] {taskinstance.py:1327} INFO - Executing <Task(DockerOperator): run_script_in_docker> on 2023-10-06 21:31:53.728027+00:00
[2023-10-06T21:31:56.822+0000] {standard_task_runner.py:57} INFO - Started process 639 to run task
[2023-10-06T21:31:56.827+0000] {standard_task_runner.py:84} INFO - Running: ['***', 'tasks', 'run', 'Extract_job_data_in_selenium_container', 'run_script_in_docker', 'manual__2023-10-06T21:31:53.728027+00:00', '--job-id', '460', '--raw', '--subdir', 'DAGS_FOLDER/extract_job_data_dag.py', '--cfg-path', '/tmp/tmp61at41on']
[2023-10-06T21:31:56.828+0000] {standard_task_runner.py:85} INFO - Job 460: Subtask run_script_in_docker
[2023-10-06T21:31:56.881+0000] {task_command.py:410} INFO - Running <TaskInstance: Extract_job_data_in_selenium_container.run_script_in_docker manual__2023-10-06T21:31:53.728027+00:00 [running]> on host f470e102987f
[2023-10-06T21:31:56.992+0000] {taskinstance.py:1547} INFO - Exporting env vars: AIRFLOW_CTX_DAG_OWNER='***' AIRFLOW_CTX_DAG_ID='Extract_job_data_in_selenium_container' AIRFLOW_CTX_TASK_ID='run_script_in_docker' AIRFLOW_CTX_EXECUTION_DATE='2023-10-06T21:31:53.728027+00:00' AIRFLOW_CTX_TRY_NUMBER='1' AIRFLOW_CTX_DAG_RUN_ID='manual__2023-10-06T21:31:53.728027+00:00'
[2023-10-06T21:31:57.065+0000] {docker.py:334} INFO - Starting docker container from image ***_webscrape-container
[2023-10-06T21:31:57.084+0000] {docker.py:343} WARNING - Using remote engine or docker-in-docker and mounting temporary volume from host is not supported. Falling back to `mount_tmp_dir=False` mode. You can set `mount_tmp_dir` parameter to False to disable mounting and remove the warning
[2023-10-06T21:31:58.042+0000] {docker.py:403} INFO - [12:59:1006/213158.041532:ERROR:bus.cc(406)] Failed to connect to the bus: Failed to connect to socket /var/run/dbus/system_bus_socket: No such file or directory
[2023-10-06T21:31:58.218+0000] {docker.py:403} INFO - [12:62:1006/213158.217885:ERROR:bus.cc(406)] Failed to connect to the bus: Failed to connect to socket /var/run/dbus/system_bus_socket: No such file or directory
[12:62:1006/213158.217929:ERROR:bus.cc(406)] Failed to connect to the bus: Failed to connect to socket /var/run/dbus/system_bus_socket: No such file or directory
[2023-10-06T21:31:58.222+0000] {docker.py:403} INFO - [12:59:1006/213158.221747:ERROR:bus.cc(406)] Failed to connect to the bus: Could not parse server address: Unknown address type (examples of valid types are "tcp" and on UNIX "unix")
[2023-10-06T21:31:58.223+0000] {docker.py:403} INFO - [12:59:1006/213158.222312:ERROR:bus.cc(406)] Failed to connect to the bus: Could not parse server address: Unknown address type (examples of valid types are "tcp" and on UNIX "unix")
[2023-10-06T21:31:58.223+0000] {docker.py:403} INFO - [12:59:1006/213158.222338:ERROR:bus.cc(406)] Failed to connect to the bus: Could not parse server address: Unknown address type (examples of valid types are "tcp" and on UNIX "unix")
[2023-10-06T21:31:58.224+0000] {docker.py:403} INFO - [12:59:1006/213158.222654:ERROR:bus.cc(406)] Failed to connect to the bus: Could not parse server address: Unknown address type (examples of valid types are "tcp" and on UNIX "unix")
[2023-10-06T21:31:58.256+0000] {docker.py:403} INFO - [12:59:1006/213158.255455:ERROR:bus.cc(406)] Failed to connect to the bus: Could not parse server address: Unknown address type (examples of valid types are "tcp" and on UNIX "unix")
[12:59:1006/213158.255488:ERROR:bus.cc(406)] Failed to connect to the bus: Could not parse server address: Unknown address type (examples of valid types are "tcp" and on UNIX "unix")
[2023-10-06T21:31:58.290+0000] {docker.py:403} INFO - DevTools listening on ws://127.0.0.1:4444/devtools/browser/41410245-ae99-41be-b863-600d044aac4e
[2023-10-06T21:31:58.327+0000] {docker.py:403} INFO - [12:12:1006/213158.327106:ERROR:object_proxy.cc(576)] Failed to call method: org.freedesktop.portal.Settings.Read: object_path= /org/freedesktop/portal/desktop: unknown error type:
[2023-10-06T21:31:58.338+0000] {docker.py:403} INFO - [12:111:1006/213158.337014:ERROR:bus.cc(406)] Failed to connect to the bus: Failed to connect to socket /var/run/dbus/system_bus_socket: No such file or directory
[12:111:1006/213158.337050:ERROR:bus.cc(406)] Failed to connect to the bus: Failed to connect to socket /var/run/dbus/system_bus_socket: No such file or directory
[12:111:1006/213158.337088:ERROR:bus.cc(406)] Failed to connect to the bus: Failed to connect to socket /var/run/dbus/system_bus_socket: No such file or directory
[12:111:1006/213158.337108:ERROR:bus.cc(406)] Failed to connect to the bus: Failed to connect to socket /var/run/dbus/system_bus_socket: No such file or directory
[12:111:1006/213158.337125:ERROR:bus.cc(406)] Failed to connect to the bus: Failed to connect to socket /var/run/dbus/system_bus_socket: No such file or directory
[2023-10-06T21:31:58.364+0000] {docker.py:403} INFO - [73:73:1006/213158.363657:ERROR:viz_main_impl.cc(196)] Exiting GPU process due to errors during initialization
[2023-10-06T21:32:46.289+0000] {docker.py:403} INFO - initialising bot
opening chrome (Linux)
open chrome
https://www.google.com/search?q=Machine+Learning+Engineer+jobs&ibp=htl;jobs#htivrt=jobs
Number of listings: 10
Job ID: Udyn05-yCag1egjQAAAAAA==
Company: C6 Bank
Remoto São Paulo, SP
Saving Machine Learning Engineer job
Job ID: 9yjlltPbHY2RjmF5AAAAAA==
Company: Netvagas
Remoto Qualquer lugar
Saving Machine Learning Engineer job
Job ID: Vej123eYZWmGAEK3AAAAAA==
Company: Qintess
Remoto Qualquer lugar
Saving Machine Learning Engineer job
Job ID: KWIKHrtSSCsbdhZnAAAAAA==
Company: Thomson Reuters
Remoto São Paulo, SP
Saving Machine Learning Engineer job
Job ID: 6oOQqIzGmHI0AMn_AAAAAA==
Company: Qintess
Remoto São Paulo, SP
Saving Machine Learning Engineer job
Job ID: QQD7FDII-j5-ZFrsAAAAAA==
Company: Mars
Remoto São Paulo, SP
Saving Machine Learning Engineer job
Job ID: ObkTg0QShM-UiZErAAAAAA==
Company: Metal Toad
Remoto São Paulo, SP
Saving Machine Learning Engineer job
Job ID: S-qtPmE42EIepmy7AAAAAA==
Company: Fusemachines
Remoto São Paulo, SP
Saving Machine Learning Engineer job
Job ID: sh6-1yiergC4tBEGAAAAAA==
Company: Rappi
Remoto São Paulo, SP
Saving Machine Learning Engineer job
Job ID: fzAjegEPVU0JfSIIAAAAAA==
Company: FullStack Labs
Remoto São Paulo, SP
Saving Machine Learning Engineer job
https://www.google.com/search?q=Data+Engineer+jobs&ibp=htl;jobs#htivrt=jobs
Number of listings: 10
Job ID: TpPq9uIoo2g6o0KCAAAAAA==
Company: Possible
Remoto Qualquer lugar
Saving Data Engineer job
Job ID: LlSqqG4zhXRa3AvQAAAAAA==
Company: XP Inc.
Remoto São Paulo, SP
Saving Data Engineer job
Job ID: _6PB3RQs1kndXuktAAAAAA==
Company: Symrise AG
Remoto São Paulo, SP
Saving Data Engineer job
Job ID: 5pxTH4_aLy9hRob4AAAAAA==
Company: Element Technologies
Remoto São Paulo, SP
Saving Data Engineer job
Job ID: 3ViRF_VJRyXU-LR6AAAAAA==
Company: PROCURANDO EMPREGO
Remoto São Paulo, SP
Saving Data Engineer job
Job ID: eVKziKk8_6r-dB2eAAAAAA==
Company: AgileEngine
Remoto Qualquer lugar
Saving Data Engineer job
Job ID: _EJQfYPSJYvPe6y9AAAAAA==
Company: GeekHunter
Remoto Qualquer lugar
Saving Data Engineer job
Job ID: kcsqqQKqYwIEH4IRAAAAAA==
Company: Keyrus Brazil
Remoto Qualquer lugar
Saving Data Engineer job
Job ID: 9LAcr-vmP4BZiYFCAAAAAA==
Company: BCG X, Boston Consulting Group
Remoto São Paulo, SP (+1)
Saving Data Engineer job
Job ID: laF5SZQ-Ah5D7phcAAAAAA==
Company: Cargill
Remoto São Paulo, SP
Saving Data Engineer job
https://www.google.com/search?q=Data+Analyst+jobs&ibp=htl;jobs#htivrt=jobs
Number of listings: 10
Job ID: m69VbttkkKmpN8XoAAAAAA==
Company: TalentKompass Deutschland
Remoto Qualquer lugar
Saving Data Analyst job
Job ID: HnI20Z4SiduOjjMMAAAAAA==
Company: Artefact
Remoto Qualquer lugar
Saving Data Analyst job
Job ID: 5pxTH4_aLy9hRob4AAAAAA==
Company: Element Technologies
Remoto São Paulo, SP
Saving Data Analyst job
Job ID: G1NmZgxoySnJkokwAAAAAA==
Company: Turing
Remoto São Paulo, SP
Saving Data Analyst job
Job ID: ReihhUviaHPf5TBMAAAAAA==
Company: Keyrus
Remoto São Paulo, SP
Saving Data Analyst job
Job ID: iG1QwfO2kytcKnqpAAAAAA==
Company: EMPREGARA
Remoto Santos, SP
Saving Data Analyst job
Job ID: laF5SZQ-Ah5D7phcAAAAAA==
Company: Cargill
Remoto São Paulo, SP
Saving Data Analyst job
Job ID: tEX0CZayd4wPBAewAAAAAA==
Company: Merama
Remoto São Paulo, SP
Saving Data Analyst job
Job ID: 00aI2pxSdBwzH6WaAAAAAA==
Company: The Methodical Group
Remoto São Paulo, SP
Saving Data Analyst job
Job ID: kXSNWNFzAMSx6mnmAAAAAA==
Company: Turing
Remoto São Paulo, SP
Saving Data Analyst job
https://www.google.com/search?q=Data+Scientist+jobs&ibp=htl;jobs#htivrt=jobs
Number of listings: 10
Job ID: uOeJSe9ACIaqPZHiAAAAAA==
Company: Grupo Qualiconsig
Remoto São Paulo, SP
Saving Data Scientist job
Job ID: St4JggB7R1UyvahHAAAAAA==
Company: XP Inc.
Remoto São Paulo, SP
Saving Data Scientist job
Job ID: 5pxTH4_aLy9hRob4AAAAAA==
Company: Element Technologies
Remoto São Paulo, SP
Saving Data Scientist job
Job ID: cCTDHZoAtTYNfBL3AAAAAA==
Company: EMPREGARA
Remoto São Paulo, SP
Saving Data Scientist job
Job ID: sc4d795mJ4t8rLGXAAAAAA==
Company: Wyser
Remoto São Paulo, SP
Saving Data Scientist job
Job ID: mbL_dGlWAkN9r7DvAAAAAA==
Company: XP Inc.
Remoto Qualquer lugar
Saving Data Scientist job
Job ID: 3gpFMcgN15P74CnzAAAAAA==
Company: EMPREGARA
Remoto São Paulo, SP
Saving Data Scientist job
Job ID: azeLa-hAH_JnFplqAAAAAA==
Company: K2 Partnering
Remoto São Paulo, SP
Saving Data Scientist job
Job ID: KWIKHrtSSCsbdhZnAAAAAA==
Company: Thomson Reuters
Remoto São Paulo, SP
Saving Data Scientist job
Job ID: JPdxDR30l6coFHn1AAAAAA==
Company: Procter & Gamble
Remoto São Paulo, SP
Saving Data Scientist job
[2023-10-06T21:32:46.898+0000] {taskinstance.py:1350} INFO - Marking task as SUCCESS. dag_id=Extract_job_data_in_selenium_container, task_id=run_script_in_docker, execution_date=20231006T213153, start_date=20231006T213156, end_date=20231006T213246
[2023-10-06T21:32:46.931+0000] {local_task_job_runner.py:225} INFO - Task exited with return code 0
[2023-10-06T21:32:46.959+0000] {taskinstance.py:2653} INFO - 1 downstream tasks scheduled from follow-on schedule check
