[2023-11-02T21:43:40.284+0000] {taskinstance.py:1103} INFO - Dependencies all met for dep_context=non-requeueable deps ti=<TaskInstance: Google_Job_Listings_Data_Pipeline.upload_to_s3 manual__2023-11-02T21:41:47.544511+00:00 [queued]>
[2023-11-02T21:43:40.295+0000] {taskinstance.py:1103} INFO - Dependencies all met for dep_context=requeueable deps ti=<TaskInstance: Google_Job_Listings_Data_Pipeline.upload_to_s3 manual__2023-11-02T21:41:47.544511+00:00 [queued]>
[2023-11-02T21:43:40.296+0000] {taskinstance.py:1308} INFO - Starting attempt 1 of 2
[2023-11-02T21:43:40.313+0000] {taskinstance.py:1327} INFO - Executing <Task(BashOperator): upload_to_s3> on 2023-11-02 21:41:47.544511+00:00
[2023-11-02T21:43:40.318+0000] {standard_task_runner.py:57} INFO - Started process 1427 to run task
[2023-11-02T21:43:40.322+0000] {standard_task_runner.py:84} INFO - Running: ['***', 'tasks', 'run', 'Google_Job_Listings_Data_Pipeline', 'upload_to_s3', 'manual__2023-11-02T21:41:47.544511+00:00', '--job-id', '78', '--raw', '--subdir', 'DAGS_FOLDER/extract_job_data_dag.py', '--cfg-path', '/tmp/tmp3qzqd8sv']
[2023-11-02T21:43:40.323+0000] {standard_task_runner.py:85} INFO - Job 78: Subtask upload_to_s3
[2023-11-02T21:43:40.379+0000] {task_command.py:410} INFO - Running <TaskInstance: Google_Job_Listings_Data_Pipeline.upload_to_s3 manual__2023-11-02T21:41:47.544511+00:00 [running]> on host 1f525f761703
[2023-11-02T21:43:40.482+0000] {taskinstance.py:1547} INFO - Exporting env vars: AIRFLOW_CTX_DAG_OWNER='***' AIRFLOW_CTX_DAG_ID='Google_Job_Listings_Data_Pipeline' AIRFLOW_CTX_TASK_ID='upload_to_s3' AIRFLOW_CTX_EXECUTION_DATE='2023-11-02T21:41:47.544511+00:00' AIRFLOW_CTX_TRY_NUMBER='1' AIRFLOW_CTX_DAG_RUN_ID='manual__2023-11-02T21:41:47.544511+00:00'
[2023-11-02T21:43:40.485+0000] {subprocess.py:63} INFO - Tmp dir root location: /tmp
[2023-11-02T21:43:40.486+0000] {subprocess.py:75} INFO - Running command: ['/bin/bash', '-c', 'python3 /opt/***/extraction/upload_aws_s3.py 20231102']
[2023-11-02T21:43:40.501+0000] {subprocess.py:86} INFO - Output:
[2023-11-02T21:43:42.610+0000] {subprocess.py:93} INFO - Traceback (most recent call last):
[2023-11-02T21:43:42.611+0000] {subprocess.py:93} INFO -   File "/opt/***/extraction/upload_aws_s3.py", line 73, in <module>
[2023-11-02T21:43:42.613+0000] {subprocess.py:93} INFO -     main()
[2023-11-02T21:43:42.615+0000] {subprocess.py:93} INFO -   File "/opt/***/extraction/upload_aws_s3.py", line 35, in main
[2023-11-02T21:43:42.616+0000] {subprocess.py:93} INFO -     create_bucket_if_not_exists(conn)
[2023-11-02T21:43:42.617+0000] {subprocess.py:93} INFO -   File "/opt/***/extraction/upload_aws_s3.py", line 61, in create_bucket_if_not_exists
[2023-11-02T21:43:42.618+0000] {subprocess.py:93} INFO -     CreateBucketConfiguration={"LocationConstraint": AWS_REGION},
[2023-11-02T21:43:42.619+0000] {subprocess.py:93} INFO -   File "/home/***/.local/lib/python3.7/site-packages/boto3/resources/factory.py", line 580, in do_action
[2023-11-02T21:43:42.619+0000] {subprocess.py:93} INFO -     response = action(self, *args, **kwargs)
[2023-11-02T21:43:42.620+0000] {subprocess.py:93} INFO -   File "/home/***/.local/lib/python3.7/site-packages/boto3/resources/action.py", line 88, in __call__
[2023-11-02T21:43:42.621+0000] {subprocess.py:93} INFO -     response = getattr(parent.meta.client, operation_name)(*args, **params)
[2023-11-02T21:43:42.622+0000] {subprocess.py:93} INFO -   File "/home/***/.local/lib/python3.7/site-packages/botocore/client.py", line 530, in _api_call
[2023-11-02T21:43:42.623+0000] {subprocess.py:93} INFO -     return self._make_api_call(operation_name, kwargs)
[2023-11-02T21:43:42.623+0000] {subprocess.py:93} INFO -   File "/home/***/.local/lib/python3.7/site-packages/botocore/client.py", line 964, in _make_api_call
[2023-11-02T21:43:42.624+0000] {subprocess.py:93} INFO -     raise error_class(parsed_response, operation_name)
[2023-11-02T21:43:42.625+0000] {subprocess.py:93} INFO - botocore.exceptions.ClientError: An error occurred (InvalidLocationConstraint) when calling the CreateBucket operation: The specified location-constraint is not valid
[2023-11-02T21:43:42.742+0000] {subprocess.py:97} INFO - Command exited with return code 1
[2023-11-02T21:43:42.763+0000] {taskinstance.py:1824} ERROR - Task failed with exception
Traceback (most recent call last):
  File "/home/airflow/.local/lib/python3.7/site-packages/airflow/operators/bash.py", line 211, in execute
    f"Bash command failed. The command returned a non-zero exit code {result.exit_code}."
airflow.exceptions.AirflowException: Bash command failed. The command returned a non-zero exit code 1.
[2023-11-02T21:43:42.769+0000] {taskinstance.py:1350} INFO - Marking task as UP_FOR_RETRY. dag_id=Google_Job_Listings_Data_Pipeline, task_id=upload_to_s3, execution_date=20231102T214147, start_date=20231102T214340, end_date=20231102T214342
[2023-11-02T21:43:42.791+0000] {standard_task_runner.py:109} ERROR - Failed to execute job 78 for task upload_to_s3 (Bash command failed. The command returned a non-zero exit code 1.; 1427)
[2023-11-02T21:43:42.829+0000] {local_task_job_runner.py:225} INFO - Task exited with return code 1
[2023-11-02T21:43:42.888+0000] {taskinstance.py:2653} INFO - 0 downstream tasks scheduled from follow-on schedule check
