[2023-10-09T21:38:11.465+0000] {taskinstance.py:1103} INFO - Dependencies all met for dep_context=non-requeueable deps ti=<TaskInstance: Extract_job_data_in_selenium_container.upload_to_s3 manual__2023-10-09T21:32:21.448521+00:00 [queued]>
[2023-10-09T21:38:11.476+0000] {taskinstance.py:1103} INFO - Dependencies all met for dep_context=requeueable deps ti=<TaskInstance: Extract_job_data_in_selenium_container.upload_to_s3 manual__2023-10-09T21:32:21.448521+00:00 [queued]>
[2023-10-09T21:38:11.477+0000] {taskinstance.py:1308} INFO - Starting attempt 2 of 2
[2023-10-09T21:38:11.495+0000] {taskinstance.py:1327} INFO - Executing <Task(BashOperator): upload_to_s3> on 2023-10-09 21:32:21.448521+00:00
[2023-10-09T21:38:11.500+0000] {standard_task_runner.py:57} INFO - Started process 597 to run task
[2023-10-09T21:38:11.504+0000] {standard_task_runner.py:84} INFO - Running: ['***', 'tasks', 'run', 'Extract_job_data_in_selenium_container', 'upload_to_s3', 'manual__2023-10-09T21:32:21.448521+00:00', '--job-id', '730', '--raw', '--subdir', 'DAGS_FOLDER/extract_job_data_dag.py', '--cfg-path', '/tmp/tmpvdd7gxs1']
[2023-10-09T21:38:11.506+0000] {standard_task_runner.py:85} INFO - Job 730: Subtask upload_to_s3
[2023-10-09T21:38:11.604+0000] {task_command.py:410} INFO - Running <TaskInstance: Extract_job_data_in_selenium_container.upload_to_s3 manual__2023-10-09T21:32:21.448521+00:00 [running]> on host 18e533bd1f06
[2023-10-09T21:38:11.740+0000] {taskinstance.py:1547} INFO - Exporting env vars: AIRFLOW_CTX_DAG_OWNER='***' AIRFLOW_CTX_DAG_ID='Extract_job_data_in_selenium_container' AIRFLOW_CTX_TASK_ID='upload_to_s3' AIRFLOW_CTX_EXECUTION_DATE='2023-10-09T21:32:21.448521+00:00' AIRFLOW_CTX_TRY_NUMBER='2' AIRFLOW_CTX_DAG_RUN_ID='manual__2023-10-09T21:32:21.448521+00:00'
[2023-10-09T21:38:11.741+0000] {subprocess.py:63} INFO - Tmp dir root location: /tmp
[2023-10-09T21:38:11.743+0000] {subprocess.py:75} INFO - Running command: ['/bin/bash', '-c', 'python3 /opt/***/extraction/upload_aws_s3.py 20231009']
[2023-10-09T21:38:11.757+0000] {subprocess.py:86} INFO - Output:
[2023-10-09T21:38:12.275+0000] {subprocess.py:93} INFO - Traceback (most recent call last):
[2023-10-09T21:38:12.275+0000] {subprocess.py:93} INFO -   File "/opt/***/extraction/upload_aws_s3.py", line 6, in <module>
[2023-10-09T21:38:12.276+0000] {subprocess.py:93} INFO -     from validation import validate_input
[2023-10-09T21:38:12.277+0000] {subprocess.py:93} INFO - ModuleNotFoundError: No module named 'validation'
[2023-10-09T21:38:12.333+0000] {subprocess.py:97} INFO - Command exited with return code 1
[2023-10-09T21:38:12.351+0000] {taskinstance.py:1824} ERROR - Task failed with exception
Traceback (most recent call last):
  File "/home/airflow/.local/lib/python3.7/site-packages/airflow/operators/bash.py", line 211, in execute
    f"Bash command failed. The command returned a non-zero exit code {result.exit_code}."
airflow.exceptions.AirflowException: Bash command failed. The command returned a non-zero exit code 1.
[2023-10-09T21:38:12.358+0000] {taskinstance.py:1350} INFO - Marking task as FAILED. dag_id=Extract_job_data_in_selenium_container, task_id=upload_to_s3, execution_date=20231009T213221, start_date=20231009T213811, end_date=20231009T213812
[2023-10-09T21:38:12.381+0000] {standard_task_runner.py:109} ERROR - Failed to execute job 730 for task upload_to_s3 (Bash command failed. The command returned a non-zero exit code 1.; 597)
[2023-10-09T21:38:12.399+0000] {local_task_job_runner.py:225} INFO - Task exited with return code 1
[2023-10-09T21:38:12.423+0000] {taskinstance.py:2653} INFO - 0 downstream tasks scheduled from follow-on schedule check
