[2023-11-02T21:24:10.173+0000] {taskinstance.py:1103} INFO - Dependencies all met for dep_context=non-requeueable deps ti=<TaskInstance: Google_Job_Listings_Data_Pipeline.run_script_in_docker manual__2023-11-02T21:24:07.308877+00:00 [queued]>
[2023-11-02T21:24:10.191+0000] {taskinstance.py:1103} INFO - Dependencies all met for dep_context=requeueable deps ti=<TaskInstance: Google_Job_Listings_Data_Pipeline.run_script_in_docker manual__2023-11-02T21:24:07.308877+00:00 [queued]>
[2023-11-02T21:24:10.192+0000] {taskinstance.py:1308} INFO - Starting attempt 1 of 2
[2023-11-02T21:24:10.246+0000] {taskinstance.py:1327} INFO - Executing <Task(DockerOperator): run_script_in_docker> on 2023-11-02 21:24:07.308877+00:00
[2023-11-02T21:24:10.271+0000] {standard_task_runner.py:57} INFO - Started process 1042 to run task
[2023-11-02T21:24:10.294+0000] {standard_task_runner.py:84} INFO - Running: ['***', 'tasks', 'run', 'Google_Job_Listings_Data_Pipeline', 'run_script_in_docker', 'manual__2023-11-02T21:24:07.308877+00:00', '--job-id', '72', '--raw', '--subdir', 'DAGS_FOLDER/extract_job_data_dag.py', '--cfg-path', '/tmp/tmp8n48m7ku']
[2023-11-02T21:24:10.302+0000] {standard_task_runner.py:85} INFO - Job 72: Subtask run_script_in_docker
[2023-11-02T21:24:10.492+0000] {task_command.py:410} INFO - Running <TaskInstance: Google_Job_Listings_Data_Pipeline.run_script_in_docker manual__2023-11-02T21:24:07.308877+00:00 [running]> on host 1f525f761703
[2023-11-02T21:24:10.708+0000] {taskinstance.py:1547} INFO - Exporting env vars: AIRFLOW_CTX_DAG_OWNER='***' AIRFLOW_CTX_DAG_ID='Google_Job_Listings_Data_Pipeline' AIRFLOW_CTX_TASK_ID='run_script_in_docker' AIRFLOW_CTX_EXECUTION_DATE='2023-11-02T21:24:07.308877+00:00' AIRFLOW_CTX_TRY_NUMBER='1' AIRFLOW_CTX_DAG_RUN_ID='manual__2023-11-02T21:24:07.308877+00:00'
[2023-11-02T21:24:10.736+0000] {docker.py:334} INFO - Starting docker container from image webscrape-container
[2023-11-02T21:24:10.752+0000] {docker.py:343} WARNING - Using remote engine or docker-in-docker and mounting temporary volume from host is not supported. Falling back to `mount_tmp_dir=False` mode. You can set `mount_tmp_dir` parameter to False to disable mounting and remove the warning
[2023-11-02T21:24:11.700+0000] {docker.py:403} INFO - [13:58:1102/212411.699584:ERROR:bus.cc(407)] Failed to connect to the bus: Failed to connect to socket /var/run/dbus/system_bus_socket: No such file or directory
[2023-11-02T21:24:11.883+0000] {docker.py:403} INFO - [13:67:1102/212411.882926:ERROR:bus.cc(407)] Failed to connect to the bus: Failed to connect to socket /var/run/dbus/system_bus_socket: No such file or directory
[13:67:1102/212411.883006:ERROR:bus.cc(407)] Failed to connect to the bus: Failed to connect to socket /var/run/dbus/system_bus_socket: No such file or directory
[2023-11-02T21:24:11.888+0000] {docker.py:403} INFO - [13:58:1102/212411.886910:ERROR:bus.cc(407)] Failed to connect to the bus: Could not parse server address: Unknown address type (examples of valid types are "tcp" and on UNIX "unix")
[2023-11-02T21:24:11.889+0000] {docker.py:403} INFO - [13:58:1102/212411.887678:ERROR:bus.cc(407)] Failed to connect to the bus: Could not parse server address: Unknown address type (examples of valid types are "tcp" and on UNIX "unix")
[13:58:1102/212411.887722:ERROR:bus.cc(407)] Failed to connect to the bus: Could not parse server address: Unknown address type (examples of valid types are "tcp" and on UNIX "unix")
[13:58:1102/212411.887736:ERROR:bus.cc(407)] Failed to connect to the bus: Could not parse server address: Unknown address type (examples of valid types are "tcp" and on UNIX "unix")
[2023-11-02T21:24:11.905+0000] {docker.py:403} INFO - [13:58:1102/212411.904386:ERROR:bus.cc(407)] Failed to connect to the bus: Could not parse server address: Unknown address type (examples of valid types are "tcp" and on UNIX "unix")
[2023-11-02T21:24:11.905+0000] {docker.py:403} INFO - [13:58:1102/212411.904533:ERROR:bus.cc(407)] Failed to connect to the bus: Could not parse server address: Unknown address type (examples of valid types are "tcp" and on UNIX "unix")
[2023-11-02T21:24:11.926+0000] {docker.py:403} INFO - DevTools listening on ws://127.0.0.1:4444/devtools/browser/03b1331e-9654-460d-8d2a-54032ccfc3e3
[2023-11-02T21:24:11.947+0000] {docker.py:403} INFO - [13:107:1102/212411.946087:ERROR:bus.cc(407)] Failed to connect to the bus: Failed to connect to socket /var/run/dbus/system_bus_socket: No such file or directory
[2023-11-02T21:24:11.948+0000] {docker.py:403} INFO - [13:107:1102/212411.946615:ERROR:bus.cc(407)] Failed to connect to the bus: Failed to connect to socket /var/run/dbus/system_bus_socket: No such file or directory
[2023-11-02T21:24:11.948+0000] {docker.py:403} INFO - [13:107:1102/212411.947697:ERROR:bus.cc(407)] Failed to connect to the bus: Failed to connect to socket /var/run/dbus/system_bus_socket: No such file or directory
[2023-11-02T21:24:11.949+0000] {docker.py:403} INFO - [13:107:1102/212411.948056:ERROR:bus.cc(407)] Failed to connect to the bus: Failed to connect to socket /var/run/dbus/system_bus_socket: No such file or directory
[13:107:1102/212411.948126:ERROR:bus.cc(407)] Failed to connect to the bus: Failed to connect to socket /var/run/dbus/system_bus_socket: No such file or directory
[2023-11-02T21:24:12.009+0000] {docker.py:403} INFO - [77:77:1102/212412.007662:ERROR:viz_main_impl.cc(196)] Exiting GPU process due to errors during initialization
[2023-11-02T21:24:58.431+0000] {docker.py:403} INFO - initialising bot
opening chrome (Linux)
open chrome
worked
https://www.google.com/search?q=Machine+Learning+Engineer+jobs&ibp=htl;jobs#htivrt=jobs
Number of listings: 10
Job ID: Vej123eYZWmGAEK3AAAAAA==
Company: Qintess
Remoto Qualquer lugar
Saving Machine Learning Engineer job
CSV file created.
Job ID: kaQtag-0IekVSepzAAAAAA==
Company: Metal Toad
Remoto Qualquer lugar
Saving Machine Learning Engineer job
CSV file created.
Job ID: EvEdhZ6q7G5iyNqEAAAAAA==
Company: Clara
Remoto Qualquer lugar
Saving Machine Learning Engineer job
CSV file created.
Job ID: uxBXQGrM9mNQGX1RAAAAAA==
Company: BAIRESDEV
Remoto São Bernardo do Campo, SP (+35)
Saving Machine Learning Engineer job
CSV file created.
Job ID: 9YGEEf80kvg953cPAAAAAA==
Company: Ranger Technical Resources
Remoto São Paulo, SP
Saving Machine Learning Engineer job
CSV file created.
Job ID: P4mFEIGRZq3NV_dHAAAAAA==
Company: Qintess
Remoto Qualquer lugar
Saving Machine Learning Engineer job
CSV file created.
Job ID: 9yjlltPbHY2RjmF5AAAAAA==
Company: Netvagas
Remoto Qualquer lugar
Saving Machine Learning Engineer job
CSV file created.
Job ID: 3lcbT_KQjTkMM-tPAAAAAA==
Company: Experian
Remoto São Paulo, SP
Saving Machine Learning Engineer job
CSV file created.
Job ID: x-9rT0XekeeHY-PbAAAAAA==
Company: Loft
Remoto São Paulo, SP
Saving Machine Learning Engineer job
CSV file created.
Job ID: 8XwPlxvLn8CrAKZDAAAAAA==
Company: Confidencial
Remoto São Paulo, SP
Saving Machine Learning Engineer job
CSV file created.
https://www.google.com/search?q=Data+Engineer+jobs&ibp=htl;jobs#htivrt=jobs
Number of listings: 10
Job ID: wsiqiTN-nkMRZyHyAAAAAA==
Company: AgileEngine
Remoto Qualquer lugar
Saving Data Engineer job
CSV file created.
Job ID: neMrImGoEr8bpMvIAAAAAA==
Company: Integrity Recruitment Group
Remoto São Paulo, SP
Saving Data Engineer job
CSV file created.
Job ID: 2GR_yx3P13vt_XnlAAAAAA==
Company: Boston Consulting Group
Remoto São Paulo, SP
Saving Data Engineer job
CSV file created.
Job ID: 5tgj_WhOCkPmf7NgAAAAAA==
Company: Amazing Devs
Remoto São Paulo, SP
Saving Data Engineer job
CSV file created.
Job ID: ebfKSKFUTyA676Z8AAAAAA==
Company: AgileEngine
Remoto São Paulo, SP
Saving Data Engineer job
CSV file created.
Job ID: uYIFOrvuCMpyMj9OAAAAAA==
Company: BAIRESDEV
Remoto São Bernardo do Campo, SP (+35)
Saving Data Engineer job
CSV file created.
Job ID: 4IYNFOfMhUMNDhJYAAAAAA==
Company: Mastercard
Remoto São Paulo, SP
Saving Data Engineer job
CSV file created.
Job ID: r7rbKu10sbAHW2_RAAAAAA==
Company: Netvagas
Remoto São Paulo, SP
Saving Data Engineer job
CSV file created.
Job ID: zjQnU2oh_3HEtM4eAAAAAA==
Company: Confidencial
Remoto São Paulo, SP
Saving Data Engineer job
CSV file created.
Job ID: OI6t07-Ee8G5y52rAAAAAA==
Company: Nomad
Remoto São Paulo, SP
Saving Data Engineer job
CSV file created.
https://www.google.com/search?q=Data+Analyst+jobs&ibp=htl;jobs#htivrt=jobs
Number of listings: 10
Job ID: 10abq7D-8tiFw0fTAAAAAA==
Company: Peroptyx
Remoto Qualquer lugar
Saving Data Analyst job
CSV file created.
Job ID: G1NmZgxoySnJkokwAAAAAA==
Company: Turing
Remoto São Paulo, SP
Saving Data Analyst job
CSV file created.
Job ID: YElTYCCmZHlHcYzBAAAAAA==
Company: BrandBastion
Remoto São Paulo, SP
Saving Data Analyst job
CSV file created.
Job ID: 6tl7nurMaz558kUDAAAAAA==
Company: HR Soul
Remoto São Paulo, SP
Saving Data Analyst job
CSV file created.
Job ID: YB_cd5pJpDXGD4FoAAAAAA==
Company: Agoda
Remoto São Paulo, SP
Saving Data Analyst job
CSV file created.
Job ID: tg2MBhR7MehCgenoAAAAAA==
Company: PayPal
Remoto São Paulo, SP
Saving Data Analyst job
CSV file created.
Job ID: gMNIuuJcF5hIfy8uAAAAAA==
Company: Instituto Ousia
Remoto São Paulo, SP
Saving Data Analyst job
CSV file created.
Job ID: gSlPJt7AlxY0eqT4AAAAAA==
Company: BAIRESDEV
Remoto São Bernardo do Campo, SP (+35)
Saving Data Analyst job
CSV file created.
Job ID: vHW01cr1zaO4K-qjAAAAAA==
Company: Cognizant Technology Solutions
Remoto São Paulo, SP
Saving Data Analyst job
CSV file created.
Job ID: OSpq_pM8obIybiblAAAAAA==
Company: Talentos AlmapBBDO
Remoto São Paulo, SP
Saving Data Analyst job
CSV file created.
https://www.google.com/search?q=Data+Scientist+jobs&ibp=htl;jobs#htivrt=jobs
Number of listings: 10
Job ID: St4JggB7R1UyvahHAAAAAA==
Company: XP Inc.
Remoto São Paulo, SP
Saving Data Scientist job
CSV file created.
Job ID: lCg6hoW657D9bEqyAAAAAA==
Company: Signifyd
Remoto São Paulo, SP
Saving Data Scientist job
CSV file created.
Job ID: M_oTh_ley47D4XJLAAAAAA==
Company: Token Metrics
Remoto Qualquer lugar
Saving Data Scientist job
CSV file created.
Job ID: vi0-OOM5MurcnjX1AAAAAA==
Company: EMPREGARA
Remoto Santo André, SP
Saving Data Scientist job
CSV file created.
Job ID: J4XYhga74F9tD-bUAAAAAA==
Company: Unilever
Remoto São Paulo, SP
Saving Data Scientist job
CSV file created.
Job ID: mbL_dGlWAkN9r7DvAAAAAA==
Company: XP Inc.
Remoto Qualquer lugar
Saving Data Scientist job
CSV file created.
Job ID: 3gpFMcgN15P74CnzAAAAAA==
Company: EMPREGARA
Remoto São Paulo, SP
Saving Data Scientist job
CSV file created.
Job ID: QNYZKSNYfPYWk6t4AAAAAA==
Company: Huna
Remoto São Paulo, SP
Saving Data Scientist job
CSV file created.
Job ID: b53p58bR28HoBtnfAAAAAA==
Company: Turing
Remoto São Paulo, SP
Saving Data Scientist job
CSV file created.
Job ID: BrrMHOW4zAVu9NOuAAAAAA==
Company: Confidencial
Remoto São Paulo, SP
Saving Data Scientist job
CSV file created.
[2023-11-02T21:24:59.050+0000] {taskinstance.py:1350} INFO - Marking task as SUCCESS. dag_id=Google_Job_Listings_Data_Pipeline, task_id=run_script_in_docker, execution_date=20231102T212407, start_date=20231102T212410, end_date=20231102T212459
[2023-11-02T21:24:59.097+0000] {local_task_job_runner.py:225} INFO - Task exited with return code 0
[2023-11-02T21:24:59.139+0000] {taskinstance.py:2653} INFO - 1 downstream tasks scheduled from follow-on schedule check
