[2023-10-21T21:09:53.965+0000] {taskinstance.py:1103} INFO - Dependencies all met for dep_context=non-requeueable deps ti=<TaskInstance: Extract_job_data_in_selenium_container.run_script_in_docker manual__2023-10-21T21:09:51.343543+00:00 [queued]>
[2023-10-21T21:09:53.978+0000] {taskinstance.py:1103} INFO - Dependencies all met for dep_context=requeueable deps ti=<TaskInstance: Extract_job_data_in_selenium_container.run_script_in_docker manual__2023-10-21T21:09:51.343543+00:00 [queued]>
[2023-10-21T21:09:53.979+0000] {taskinstance.py:1308} INFO - Starting attempt 1 of 2
[2023-10-21T21:09:53.999+0000] {taskinstance.py:1327} INFO - Executing <Task(DockerOperator): run_script_in_docker> on 2023-10-21 21:09:51.343543+00:00
[2023-10-21T21:09:54.005+0000] {standard_task_runner.py:57} INFO - Started process 5470 to run task
[2023-10-21T21:09:54.009+0000] {standard_task_runner.py:84} INFO - Running: ['***', 'tasks', 'run', 'Extract_job_data_in_selenium_container', 'run_script_in_docker', 'manual__2023-10-21T21:09:51.343543+00:00', '--job-id', '796', '--raw', '--subdir', 'DAGS_FOLDER/extract_job_data_dag.py', '--cfg-path', '/tmp/tmp08iqmaki']
[2023-10-21T21:09:54.011+0000] {standard_task_runner.py:85} INFO - Job 796: Subtask run_script_in_docker
[2023-10-21T21:09:54.070+0000] {task_command.py:410} INFO - Running <TaskInstance: Extract_job_data_in_selenium_container.run_script_in_docker manual__2023-10-21T21:09:51.343543+00:00 [running]> on host 18e533bd1f06
[2023-10-21T21:09:54.166+0000] {taskinstance.py:1547} INFO - Exporting env vars: AIRFLOW_CTX_DAG_OWNER='***' AIRFLOW_CTX_DAG_ID='Extract_job_data_in_selenium_container' AIRFLOW_CTX_TASK_ID='run_script_in_docker' AIRFLOW_CTX_EXECUTION_DATE='2023-10-21T21:09:51.343543+00:00' AIRFLOW_CTX_TRY_NUMBER='1' AIRFLOW_CTX_DAG_RUN_ID='manual__2023-10-21T21:09:51.343543+00:00'
[2023-10-21T21:09:54.189+0000] {docker.py:334} INFO - Starting docker container from image webscrape-container
[2023-10-21T21:09:54.196+0000] {docker.py:343} WARNING - Using remote engine or docker-in-docker and mounting temporary volume from host is not supported. Falling back to `mount_tmp_dir=False` mode. You can set `mount_tmp_dir` parameter to False to disable mounting and remove the warning
[2023-10-21T21:09:54.842+0000] {docker.py:403} INFO - [13:58:1021/210954.841217:ERROR:bus.cc(406)] Failed to connect to the bus: Failed to connect to socket /var/run/dbus/system_bus_socket: No such file or directory
[2023-10-21T21:09:55.009+0000] {docker.py:403} INFO - [13:64:1021/210955.008762:ERROR:bus.cc(406)] Failed to connect to the bus: Failed to connect to socket /var/run/dbus/system_bus_socket: No such file or directory
[2023-10-21T21:09:55.010+0000] {docker.py:403} INFO - [13:64:1021/210955.008851:ERROR:bus.cc(406)] Failed to connect to the bus: Failed to connect to socket /var/run/dbus/system_bus_socket: No such file or directory
[2023-10-21T21:09:55.013+0000] {docker.py:403} INFO - [13:58:1021/210955.012573:ERROR:bus.cc(406)] Failed to connect to the bus: Could not parse server address: Unknown address type (examples of valid types are "tcp" and on UNIX "unix")
[13:58:1021/210955.012637:ERROR:bus.cc(406)] Failed to connect to the bus: Could not parse server address: Unknown address type (examples of valid types are "tcp" and on UNIX "unix")
[13:58:1021/210955.012651:ERROR:bus.cc(406)] Failed to connect to the bus: Could not parse server address: Unknown address type (examples of valid types are "tcp" and on UNIX "unix")
[13:58:1021/210955.012659:ERROR:bus.cc(406)] Failed to connect to the bus: Could not parse server address: Unknown address type (examples of valid types are "tcp" and on UNIX "unix")
[2023-10-21T21:09:55.030+0000] {docker.py:403} INFO - [13:58:1021/210955.029589:ERROR:bus.cc(406)] Failed to connect to the bus: Could not parse server address: Unknown address type (examples of valid types are "tcp" and on UNIX "unix")
[13:58:1021/210955.029613:ERROR:bus.cc(406)] Failed to connect to the bus: Could not parse server address: Unknown address type (examples of valid types are "tcp" and on UNIX "unix")
[2023-10-21T21:09:55.050+0000] {docker.py:403} INFO - DevTools listening on ws://127.0.0.1:4444/devtools/browser/540b6375-0b79-4835-a12f-d4f5910e6d2e
[2023-10-21T21:09:55.065+0000] {docker.py:403} INFO - [13:13:1021/210955.064786:ERROR:object_proxy.cc(576)] Failed to call method: org.freedesktop.portal.Settings.Read: object_path= /org/freedesktop/portal/desktop: unknown error type:
[2023-10-21T21:09:55.102+0000] {docker.py:403} INFO - [13:103:1021/210955.100212:ERROR:bus.cc(406)] Failed to connect to the bus: Failed to connect to socket /var/run/dbus/system_bus_socket: No such file or directory
[2023-10-21T21:09:55.103+0000] {docker.py:403} INFO - [13:103:1021/210955.101841:ERROR:bus.cc(406)] Failed to connect to the bus: Failed to connect to socket /var/run/dbus/system_bus_socket: No such file or directory
[2023-10-21T21:09:55.104+0000] {docker.py:403} INFO - [13:103:1021/210955.102354:ERROR:bus.cc(406)] Failed to connect to the bus: Failed to connect to socket /var/run/dbus/system_bus_socket: No such file or directory
[2023-10-21T21:09:55.105+0000] {docker.py:403} INFO - [13:103:1021/210955.102817:ERROR:bus.cc(406)] Failed to connect to the bus: Failed to connect to socket /var/run/dbus/system_bus_socket: No such file or directory
[2023-10-21T21:09:55.105+0000] {docker.py:403} INFO - [13:103:1021/210955.103573:ERROR:bus.cc(406)] Failed to connect to the bus: Failed to connect to socket /var/run/dbus/system_bus_socket: No such file or directory
[2023-10-21T21:09:55.163+0000] {docker.py:403} INFO - [75:75:1021/210955.161802:ERROR:viz_main_impl.cc(196)] Exiting GPU process due to errors during initialization
[2023-10-21T21:10:38.652+0000] {docker.py:403} INFO - initialising bot
opening chrome (Linux)
open chrome
https://www.google.com/search?q=Machine+Learning+Engineer+jobs&ibp=htl;jobs#htivrt=jobs
Number of listings: 10
Job ID: L_CeDAc65wZ4OpsuAAAAAA==
Company: Sinch
Remoto Qualquer lugar
Saving Machine Learning Engineer job
CSV file created.
Job ID: Udyn05-yCag1egjQAAAAAA==
Company: C6 Bank
Remoto São Paulo, SP
Saving Machine Learning Engineer job
CSV file created.
Job ID: Vej123eYZWmGAEK3AAAAAA==
Company: Qintess
Remoto Qualquer lugar
Saving Machine Learning Engineer job
CSV file created.
Job ID: kaQtag-0IekVSepzAAAAAA==
Company: Metal Toad
Remoto Qualquer lugar
Saving Machine Learning Engineer job
CSV file created.
Job ID: dIoFqVv2Q4cqNRqHAAAAAA==
Company: Nucleus Health Singapore
Remoto Qualquer lugar
Saving Machine Learning Engineer job
CSV file created.
Job ID: 6oOQqIzGmHI0AMn_AAAAAA==
Company: Qintess
Remoto São Paulo, SP
Saving Machine Learning Engineer job
CSV file created.
Job ID: MLMyEzBAi0FpKjRYAAAAAA==
Company: BAIRESDEV
Remoto São Bernardo do Campo, SP (+35)
Saving Machine Learning Engineer job
CSV file created.
Job ID: 9yjlltPbHY2RjmF5AAAAAA==
Company: Netvagas
Remoto São Paulo, SP
Saving Machine Learning Engineer job
CSV file created.
Job ID: nOM7B3IX0SPy0WGqAAAAAA==
Company: Fraudio
Remoto São Paulo, SP
Saving Machine Learning Engineer job
CSV file created.
Job ID: 72-ZZIYDB9s3MOxVAAAAAA==
Company: EX2 Outcoding
Remoto Qualquer lugar
Saving Machine Learning Engineer job
CSV file created.
https://www.google.com/search?q=Data+Engineer+jobs&ibp=htl;jobs#htivrt=jobs
Number of listings: 10
Job ID: lJy6D_znasO2U3PoAAAAAA==
Company: PAGALEVE
Remoto São Paulo, SP
Saving Data Engineer job
CSV file created.
Job ID: -HDLsxvLKSMSC2MZAAAAAA==
Company: AgileEngine
Remoto Qualquer lugar
Saving Data Engineer job
CSV file created.
Job ID: 4IYNFOfMhUMNDhJYAAAAAA==
Company: Mastercard
Remoto São Paulo, SP
Saving Data Engineer job
CSV file created.
Job ID: _EJQfYPSJYvPe6y9AAAAAA==
Company: GeekHunter
Remoto Qualquer lugar
Saving Data Engineer job
CSV file created.
Job ID: -_vk6F-fPY1wzrRfAAAAAA==
Company: Netvagas - (6966501021)
Remoto São Paulo, SP
Saving Data Engineer job
CSV file created.
Job ID: JN45GiN82WTFPalAAAAAAA==
Company: Creditas
Remoto São Paulo, SP
Saving Data Engineer job
CSV file created.
Job ID: WqPRsuIug7CBCdGGAAAAAA==
Company: Netvagas
Remoto São Paulo, SP
Saving Data Engineer job
CSV file created.
Job ID: 54X_4_OCHj7jUzriAAAAAA==
Company: Exadel
Remoto São Paulo, SP
Saving Data Engineer job
CSV file created.
Job ID: mBW8gJ0kM0OWYLLkAAAAAA==
Company: Tata Consultancy Services
Remoto Taboão da Serra, SP
Saving Data Engineer job
CSV file created.
Job ID: LagzqjQn_nxokDpSAAAAAA==
Company: Poatek
Remoto Brasil
Saving Data Engineer job
CSV file created.
https://www.google.com/search?q=Data+Analyst+jobs&ibp=htl;jobs#htivrt=jobs
Number of listings: 10
Job ID: fqPWIcV73vqJjsjBAAAAAA==
Company: Media.Monks
Remoto São Paulo, SP
Saving Data Analyst job
CSV file created.
Job ID: aGLqaLIFXVieGHJ3AAAAAA==
Company: Yara
Remoto São Paulo, SP
Saving Data Analyst job
CSV file created.
Job ID: iG1QwfO2kytcKnqpAAAAAA==
Company: EMPREGARA
Remoto Santos, SP
Saving Data Analyst job
CSV file created.
Job ID: nxqHlqhz-7wYP3U-AAAAAA==
Company: Volkswagen Financial Services | Brasil
Remoto São Paulo, SP
Saving Data Analyst job
CSV file created.
Job ID: YElTYCCmZHlHcYzBAAAAAA==
Company: BrandBastion
Remoto São Paulo, SP
Saving Data Analyst job
CSV file created.
Job ID: jgSvKyOm2yTvB61tAAAAAA==
Company: WeWork Latin America
Remoto São Paulo, SP
Saving Data Analyst job
CSV file created.
Job ID: 3n0Hz2BwrN5bQfy-AAAAAA==
Company: BairesDev
Remoto Qualquer lugar
Saving Data Analyst job
CSV file created.
Job ID: a_oxUL2KWehtzmQiAAAAAA==
Company: Shopee
Remoto São Paulo, SP
Saving Data Analyst job
CSV file created.
Job ID: zzWie6DVFfa9Q4-vAAAAAA==
Company: SEMANTIX
Remoto São Paulo, SP
Saving Data Analyst job
CSV file created.
Job ID: RTSpNLi4w8baM6YnAAAAAA==
Company: Zallpy Digital
Remoto São Paulo, SP
Saving Data Analyst job
CSV file created.
https://www.google.com/search?q=Data+Scientist+jobs&ibp=htl;jobs#htivrt=jobs
Number of listings: 10
Job ID: St4JggB7R1UyvahHAAAAAA==
Company: XP Inc.
Remoto São Paulo, SP
Saving Data Scientist job
CSV file created.
Job ID: M_oTh_ley47D4XJLAAAAAA==
Company: Token Metrics
Remoto Qualquer lugar
Saving Data Scientist job
CSV file created.
Job ID: cCTDHZoAtTYNfBL3AAAAAA==
Company: EMPREGARA
Remoto São Paulo, SP
Saving Data Scientist job
CSV file created.
Job ID: suY8dwsy3HvASd8FAAAAAA==
Company: Digibee
Remoto Qualquer lugar
Saving Data Scientist job
CSV file created.
Job ID: ESOUPPyJoX_YD_r0AAAAAA==
Company: Cypher Financial IA
Remoto Qualquer lugar
Saving Data Scientist job
CSV file created.
Job ID: rPBwFiGW-IZdCC_iAAAAAA==
Company: Gistia Healthcare AI
Remoto Qualquer lugar
Saving Data Scientist job
CSV file created.
Job ID: 2Lqvc3-OzoNe8PrtAAAAAA==
Company: Confidencial
Remoto São Paulo, SP
Saving Data Scientist job
CSV file created.
Job ID: 9z1EL28YiNDth5VpAAAAAA==
Company: Wildlife Studios
Remoto São Paulo, SP
Saving Data Scientist job
CSV file created.
Job ID: JPdxDR30l6coFHn1AAAAAA==
Company: Procter & Gamble
Remoto São Paulo, SP
Saving Data Scientist job
CSV file created.
Job ID: 3gpFMcgN15P74CnzAAAAAA==
Company: EMPREGARA
Remoto São Paulo, SP
Saving Data Scientist job
CSV file created.
[2023-10-21T21:10:39.313+0000] {taskinstance.py:1350} INFO - Marking task as SUCCESS. dag_id=Extract_job_data_in_selenium_container, task_id=run_script_in_docker, execution_date=20231021T210951, start_date=20231021T210953, end_date=20231021T211039
[2023-10-21T21:10:39.367+0000] {local_task_job_runner.py:225} INFO - Task exited with return code 0
[2023-10-21T21:10:39.393+0000] {taskinstance.py:2653} INFO - 1 downstream tasks scheduled from follow-on schedule check
