[2023-11-03T01:38:18.998+0000] {processor.py:157} INFO - Started process (PID=36) to work on /opt/airflow/dags/extract_job_data_dag.py
[2023-11-03T01:38:19.001+0000] {processor.py:826} INFO - Processing file /opt/airflow/dags/extract_job_data_dag.py for tasks to queue
[2023-11-03T01:38:19.004+0000] {logging_mixin.py:150} INFO - [2023-11-03T01:38:19.004+0000] {dagbag.py:541} INFO - Filling up the DagBag from /opt/airflow/dags/extract_job_data_dag.py
[2023-11-03T01:38:19.053+0000] {processor.py:836} INFO - DAG(s) dict_keys(['Google_Job_Listings_Data_Pipeline']) retrieved from /opt/airflow/dags/extract_job_data_dag.py
[2023-11-03T01:38:19.339+0000] {logging_mixin.py:150} INFO - [2023-11-03T01:38:19.338+0000] {dag.py:2742} INFO - Sync 1 DAGs
[2023-11-03T01:38:19.380+0000] {logging_mixin.py:150} INFO - [2023-11-03T01:38:19.380+0000] {dag.py:3508} INFO - Setting next_dagrun for Google_Job_Listings_Data_Pipeline to None, run_after=None
[2023-11-03T01:38:19.420+0000] {processor.py:179} INFO - Processing /opt/airflow/dags/extract_job_data_dag.py took 0.434 seconds
[2023-11-03T01:38:49.601+0000] {processor.py:157} INFO - Started process (PID=45) to work on /opt/airflow/dags/extract_job_data_dag.py
[2023-11-03T01:38:49.603+0000] {processor.py:826} INFO - Processing file /opt/airflow/dags/extract_job_data_dag.py for tasks to queue
[2023-11-03T01:38:49.604+0000] {logging_mixin.py:150} INFO - [2023-11-03T01:38:49.604+0000] {dagbag.py:541} INFO - Filling up the DagBag from /opt/airflow/dags/extract_job_data_dag.py
[2023-11-03T01:38:49.630+0000] {processor.py:836} INFO - DAG(s) dict_keys(['Google_Job_Listings_Data_Pipeline']) retrieved from /opt/airflow/dags/extract_job_data_dag.py
[2023-11-03T01:38:49.789+0000] {logging_mixin.py:150} INFO - [2023-11-03T01:38:49.789+0000] {dag.py:2742} INFO - Sync 1 DAGs
[2023-11-03T01:38:49.835+0000] {logging_mixin.py:150} INFO - [2023-11-03T01:38:49.835+0000] {dag.py:3508} INFO - Setting next_dagrun for Google_Job_Listings_Data_Pipeline to None, run_after=None
[2023-11-03T01:38:49.863+0000] {processor.py:179} INFO - Processing /opt/airflow/dags/extract_job_data_dag.py took 0.267 seconds
[2023-11-03T01:39:20.030+0000] {processor.py:157} INFO - Started process (PID=53) to work on /opt/airflow/dags/extract_job_data_dag.py
[2023-11-03T01:39:20.032+0000] {processor.py:826} INFO - Processing file /opt/airflow/dags/extract_job_data_dag.py for tasks to queue
[2023-11-03T01:39:20.033+0000] {logging_mixin.py:150} INFO - [2023-11-03T01:39:20.033+0000] {dagbag.py:541} INFO - Filling up the DagBag from /opt/airflow/dags/extract_job_data_dag.py
[2023-11-03T01:39:20.055+0000] {processor.py:836} INFO - DAG(s) dict_keys(['Google_Job_Listings_Data_Pipeline']) retrieved from /opt/airflow/dags/extract_job_data_dag.py
[2023-11-03T01:39:20.202+0000] {logging_mixin.py:150} INFO - [2023-11-03T01:39:20.202+0000] {dag.py:2742} INFO - Sync 1 DAGs
[2023-11-03T01:39:20.219+0000] {logging_mixin.py:150} INFO - [2023-11-03T01:39:20.218+0000] {dag.py:2763} INFO - Creating ORM DAG for Google_Job_Listings_Data_Pipeline
[2023-11-03T01:39:20.232+0000] {logging_mixin.py:150} INFO - [2023-11-03T01:39:20.232+0000] {dag.py:3508} INFO - Setting next_dagrun for Google_Job_Listings_Data_Pipeline to None, run_after=None
[2023-11-03T01:39:20.259+0000] {processor.py:179} INFO - Processing /opt/airflow/dags/extract_job_data_dag.py took 0.235 seconds
[2023-11-03T01:39:50.402+0000] {processor.py:157} INFO - Started process (PID=61) to work on /opt/airflow/dags/extract_job_data_dag.py
[2023-11-03T01:39:50.404+0000] {processor.py:826} INFO - Processing file /opt/airflow/dags/extract_job_data_dag.py for tasks to queue
[2023-11-03T01:39:50.407+0000] {logging_mixin.py:150} INFO - [2023-11-03T01:39:50.406+0000] {dagbag.py:541} INFO - Filling up the DagBag from /opt/airflow/dags/extract_job_data_dag.py
[2023-11-03T01:39:50.441+0000] {processor.py:836} INFO - DAG(s) dict_keys(['Google_Job_Listings_Data_Pipeline']) retrieved from /opt/airflow/dags/extract_job_data_dag.py
[2023-11-03T01:39:50.505+0000] {logging_mixin.py:150} INFO - [2023-11-03T01:39:50.504+0000] {dag.py:2742} INFO - Sync 1 DAGs
[2023-11-03T01:39:50.561+0000] {logging_mixin.py:150} INFO - [2023-11-03T01:39:50.561+0000] {dag.py:3508} INFO - Setting next_dagrun for Google_Job_Listings_Data_Pipeline to None, run_after=None
[2023-11-03T01:39:50.606+0000] {processor.py:179} INFO - Processing /opt/airflow/dags/extract_job_data_dag.py took 0.212 seconds
[2023-11-03T01:40:20.749+0000] {processor.py:157} INFO - Started process (PID=69) to work on /opt/airflow/dags/extract_job_data_dag.py
[2023-11-03T01:40:20.752+0000] {processor.py:826} INFO - Processing file /opt/airflow/dags/extract_job_data_dag.py for tasks to queue
[2023-11-03T01:40:20.754+0000] {logging_mixin.py:150} INFO - [2023-11-03T01:40:20.753+0000] {dagbag.py:541} INFO - Filling up the DagBag from /opt/airflow/dags/extract_job_data_dag.py
[2023-11-03T01:40:20.781+0000] {processor.py:836} INFO - DAG(s) dict_keys(['Google_Job_Listings_Data_Pipeline']) retrieved from /opt/airflow/dags/extract_job_data_dag.py
[2023-11-03T01:40:20.819+0000] {logging_mixin.py:150} INFO - [2023-11-03T01:40:20.819+0000] {dag.py:2742} INFO - Sync 1 DAGs
[2023-11-03T01:40:20.870+0000] {logging_mixin.py:150} INFO - [2023-11-03T01:40:20.869+0000] {dag.py:3508} INFO - Setting next_dagrun for Google_Job_Listings_Data_Pipeline to None, run_after=None
[2023-11-03T01:40:20.907+0000] {processor.py:179} INFO - Processing /opt/airflow/dags/extract_job_data_dag.py took 0.163 seconds
[2023-11-03T01:40:51.046+0000] {processor.py:157} INFO - Started process (PID=78) to work on /opt/airflow/dags/extract_job_data_dag.py
[2023-11-03T01:40:51.047+0000] {processor.py:826} INFO - Processing file /opt/airflow/dags/extract_job_data_dag.py for tasks to queue
[2023-11-03T01:40:51.048+0000] {logging_mixin.py:150} INFO - [2023-11-03T01:40:51.048+0000] {dagbag.py:541} INFO - Filling up the DagBag from /opt/airflow/dags/extract_job_data_dag.py
[2023-11-03T01:40:51.066+0000] {processor.py:836} INFO - DAG(s) dict_keys(['Google_Job_Listings_Data_Pipeline']) retrieved from /opt/airflow/dags/extract_job_data_dag.py
[2023-11-03T01:40:51.098+0000] {logging_mixin.py:150} INFO - [2023-11-03T01:40:51.098+0000] {dag.py:2742} INFO - Sync 1 DAGs
[2023-11-03T01:40:51.126+0000] {logging_mixin.py:150} INFO - [2023-11-03T01:40:51.126+0000] {dag.py:3508} INFO - Setting next_dagrun for Google_Job_Listings_Data_Pipeline to None, run_after=None
[2023-11-03T01:40:51.154+0000] {processor.py:179} INFO - Processing /opt/airflow/dags/extract_job_data_dag.py took 0.112 seconds
[2023-11-03T01:41:21.408+0000] {processor.py:157} INFO - Started process (PID=86) to work on /opt/airflow/dags/extract_job_data_dag.py
[2023-11-03T01:41:21.414+0000] {processor.py:826} INFO - Processing file /opt/airflow/dags/extract_job_data_dag.py for tasks to queue
[2023-11-03T01:41:21.416+0000] {logging_mixin.py:150} INFO - [2023-11-03T01:41:21.415+0000] {dagbag.py:541} INFO - Filling up the DagBag from /opt/airflow/dags/extract_job_data_dag.py
[2023-11-03T01:41:21.436+0000] {processor.py:836} INFO - DAG(s) dict_keys(['Google_Job_Listings_Data_Pipeline']) retrieved from /opt/airflow/dags/extract_job_data_dag.py
[2023-11-03T01:41:21.473+0000] {logging_mixin.py:150} INFO - [2023-11-03T01:41:21.473+0000] {dag.py:2742} INFO - Sync 1 DAGs
[2023-11-03T01:41:21.500+0000] {logging_mixin.py:150} INFO - [2023-11-03T01:41:21.500+0000] {dag.py:3508} INFO - Setting next_dagrun for Google_Job_Listings_Data_Pipeline to None, run_after=None
[2023-11-03T01:41:21.523+0000] {processor.py:179} INFO - Processing /opt/airflow/dags/extract_job_data_dag.py took 0.120 seconds
[2023-11-03T01:41:51.692+0000] {processor.py:157} INFO - Started process (PID=94) to work on /opt/airflow/dags/extract_job_data_dag.py
[2023-11-03T01:41:51.693+0000] {processor.py:826} INFO - Processing file /opt/airflow/dags/extract_job_data_dag.py for tasks to queue
[2023-11-03T01:41:51.695+0000] {logging_mixin.py:150} INFO - [2023-11-03T01:41:51.694+0000] {dagbag.py:541} INFO - Filling up the DagBag from /opt/airflow/dags/extract_job_data_dag.py
[2023-11-03T01:41:51.717+0000] {processor.py:836} INFO - DAG(s) dict_keys(['Google_Job_Listings_Data_Pipeline']) retrieved from /opt/airflow/dags/extract_job_data_dag.py
[2023-11-03T01:41:51.751+0000] {logging_mixin.py:150} INFO - [2023-11-03T01:41:51.750+0000] {dag.py:2742} INFO - Sync 1 DAGs
[2023-11-03T01:41:51.781+0000] {logging_mixin.py:150} INFO - [2023-11-03T01:41:51.781+0000] {dag.py:3508} INFO - Setting next_dagrun for Google_Job_Listings_Data_Pipeline to None, run_after=None
[2023-11-03T01:41:51.810+0000] {processor.py:179} INFO - Processing /opt/airflow/dags/extract_job_data_dag.py took 0.126 seconds
[2023-11-03T01:42:21.988+0000] {processor.py:157} INFO - Started process (PID=102) to work on /opt/airflow/dags/extract_job_data_dag.py
[2023-11-03T01:42:21.989+0000] {processor.py:826} INFO - Processing file /opt/airflow/dags/extract_job_data_dag.py for tasks to queue
[2023-11-03T01:42:21.990+0000] {logging_mixin.py:150} INFO - [2023-11-03T01:42:21.990+0000] {dagbag.py:541} INFO - Filling up the DagBag from /opt/airflow/dags/extract_job_data_dag.py
[2023-11-03T01:42:22.013+0000] {processor.py:836} INFO - DAG(s) dict_keys(['Google_Job_Listings_Data_Pipeline']) retrieved from /opt/airflow/dags/extract_job_data_dag.py
[2023-11-03T01:42:22.055+0000] {logging_mixin.py:150} INFO - [2023-11-03T01:42:22.054+0000] {dag.py:2742} INFO - Sync 1 DAGs
[2023-11-03T01:42:22.089+0000] {logging_mixin.py:150} INFO - [2023-11-03T01:42:22.089+0000] {dag.py:3508} INFO - Setting next_dagrun for Google_Job_Listings_Data_Pipeline to None, run_after=None
[2023-11-03T01:42:22.115+0000] {processor.py:179} INFO - Processing /opt/airflow/dags/extract_job_data_dag.py took 0.131 seconds
[2023-11-03T01:42:52.290+0000] {processor.py:157} INFO - Started process (PID=110) to work on /opt/airflow/dags/extract_job_data_dag.py
[2023-11-03T01:42:52.291+0000] {processor.py:826} INFO - Processing file /opt/airflow/dags/extract_job_data_dag.py for tasks to queue
[2023-11-03T01:42:52.293+0000] {logging_mixin.py:150} INFO - [2023-11-03T01:42:52.292+0000] {dagbag.py:541} INFO - Filling up the DagBag from /opt/airflow/dags/extract_job_data_dag.py
[2023-11-03T01:42:52.315+0000] {processor.py:836} INFO - DAG(s) dict_keys(['Google_Job_Listings_Data_Pipeline']) retrieved from /opt/airflow/dags/extract_job_data_dag.py
[2023-11-03T01:42:52.346+0000] {logging_mixin.py:150} INFO - [2023-11-03T01:42:52.346+0000] {dag.py:2742} INFO - Sync 1 DAGs
[2023-11-03T01:42:52.374+0000] {logging_mixin.py:150} INFO - [2023-11-03T01:42:52.374+0000] {dag.py:3508} INFO - Setting next_dagrun for Google_Job_Listings_Data_Pipeline to None, run_after=None
[2023-11-03T01:42:52.396+0000] {processor.py:179} INFO - Processing /opt/airflow/dags/extract_job_data_dag.py took 0.111 seconds
[2023-11-03T01:43:22.571+0000] {processor.py:157} INFO - Started process (PID=118) to work on /opt/airflow/dags/extract_job_data_dag.py
[2023-11-03T01:43:22.572+0000] {processor.py:826} INFO - Processing file /opt/airflow/dags/extract_job_data_dag.py for tasks to queue
[2023-11-03T01:43:22.574+0000] {logging_mixin.py:150} INFO - [2023-11-03T01:43:22.573+0000] {dagbag.py:541} INFO - Filling up the DagBag from /opt/airflow/dags/extract_job_data_dag.py
[2023-11-03T01:43:22.598+0000] {processor.py:836} INFO - DAG(s) dict_keys(['Google_Job_Listings_Data_Pipeline']) retrieved from /opt/airflow/dags/extract_job_data_dag.py
[2023-11-03T01:43:22.632+0000] {logging_mixin.py:150} INFO - [2023-11-03T01:43:22.631+0000] {dag.py:2742} INFO - Sync 1 DAGs
[2023-11-03T01:43:22.659+0000] {logging_mixin.py:150} INFO - [2023-11-03T01:43:22.659+0000] {dag.py:3508} INFO - Setting next_dagrun for Google_Job_Listings_Data_Pipeline to None, run_after=None
[2023-11-03T01:43:22.682+0000] {processor.py:179} INFO - Processing /opt/airflow/dags/extract_job_data_dag.py took 0.115 seconds
[2023-11-03T01:43:52.849+0000] {processor.py:157} INFO - Started process (PID=126) to work on /opt/airflow/dags/extract_job_data_dag.py
[2023-11-03T01:43:52.851+0000] {processor.py:826} INFO - Processing file /opt/airflow/dags/extract_job_data_dag.py for tasks to queue
[2023-11-03T01:43:52.853+0000] {logging_mixin.py:150} INFO - [2023-11-03T01:43:52.852+0000] {dagbag.py:541} INFO - Filling up the DagBag from /opt/airflow/dags/extract_job_data_dag.py
[2023-11-03T01:43:52.886+0000] {processor.py:836} INFO - DAG(s) dict_keys(['Google_Job_Listings_Data_Pipeline']) retrieved from /opt/airflow/dags/extract_job_data_dag.py
[2023-11-03T01:43:52.951+0000] {logging_mixin.py:150} INFO - [2023-11-03T01:43:52.951+0000] {dag.py:2742} INFO - Sync 1 DAGs
[2023-11-03T01:43:52.984+0000] {logging_mixin.py:150} INFO - [2023-11-03T01:43:52.984+0000] {dag.py:3508} INFO - Setting next_dagrun for Google_Job_Listings_Data_Pipeline to None, run_after=None
[2023-11-03T01:43:53.009+0000] {processor.py:179} INFO - Processing /opt/airflow/dags/extract_job_data_dag.py took 0.166 seconds
[2023-11-03T01:44:23.160+0000] {processor.py:157} INFO - Started process (PID=134) to work on /opt/airflow/dags/extract_job_data_dag.py
[2023-11-03T01:44:23.160+0000] {processor.py:826} INFO - Processing file /opt/airflow/dags/extract_job_data_dag.py for tasks to queue
[2023-11-03T01:44:23.162+0000] {logging_mixin.py:150} INFO - [2023-11-03T01:44:23.161+0000] {dagbag.py:541} INFO - Filling up the DagBag from /opt/airflow/dags/extract_job_data_dag.py
[2023-11-03T01:44:23.186+0000] {processor.py:836} INFO - DAG(s) dict_keys(['Google_Job_Listings_Data_Pipeline']) retrieved from /opt/airflow/dags/extract_job_data_dag.py
[2023-11-03T01:44:23.219+0000] {logging_mixin.py:150} INFO - [2023-11-03T01:44:23.219+0000] {dag.py:2742} INFO - Sync 1 DAGs
[2023-11-03T01:44:23.247+0000] {logging_mixin.py:150} INFO - [2023-11-03T01:44:23.247+0000] {dag.py:3508} INFO - Setting next_dagrun for Google_Job_Listings_Data_Pipeline to None, run_after=None
[2023-11-03T01:44:23.270+0000] {processor.py:179} INFO - Processing /opt/airflow/dags/extract_job_data_dag.py took 0.115 seconds
[2023-11-03T01:44:53.607+0000] {processor.py:157} INFO - Started process (PID=143) to work on /opt/airflow/dags/extract_job_data_dag.py
[2023-11-03T01:44:53.608+0000] {processor.py:826} INFO - Processing file /opt/airflow/dags/extract_job_data_dag.py for tasks to queue
[2023-11-03T01:44:53.609+0000] {logging_mixin.py:150} INFO - [2023-11-03T01:44:53.609+0000] {dagbag.py:541} INFO - Filling up the DagBag from /opt/airflow/dags/extract_job_data_dag.py
[2023-11-03T01:44:53.634+0000] {processor.py:836} INFO - DAG(s) dict_keys(['Google_Job_Listings_Data_Pipeline']) retrieved from /opt/airflow/dags/extract_job_data_dag.py
[2023-11-03T01:44:53.710+0000] {logging_mixin.py:150} INFO - [2023-11-03T01:44:53.710+0000] {dag.py:2742} INFO - Sync 1 DAGs
[2023-11-03T01:44:53.743+0000] {logging_mixin.py:150} INFO - [2023-11-03T01:44:53.743+0000] {dag.py:3508} INFO - Setting next_dagrun for Google_Job_Listings_Data_Pipeline to None, run_after=None
[2023-11-03T01:44:53.769+0000] {processor.py:179} INFO - Processing /opt/airflow/dags/extract_job_data_dag.py took 0.171 seconds
[2023-11-03T01:45:23.970+0000] {processor.py:157} INFO - Started process (PID=151) to work on /opt/airflow/dags/extract_job_data_dag.py
[2023-11-03T01:45:23.972+0000] {processor.py:826} INFO - Processing file /opt/airflow/dags/extract_job_data_dag.py for tasks to queue
[2023-11-03T01:45:23.974+0000] {logging_mixin.py:150} INFO - [2023-11-03T01:45:23.973+0000] {dagbag.py:541} INFO - Filling up the DagBag from /opt/airflow/dags/extract_job_data_dag.py
[2023-11-03T01:45:23.996+0000] {processor.py:836} INFO - DAG(s) dict_keys(['Google_Job_Listings_Data_Pipeline']) retrieved from /opt/airflow/dags/extract_job_data_dag.py
[2023-11-03T01:45:24.041+0000] {logging_mixin.py:150} INFO - [2023-11-03T01:45:24.041+0000] {dag.py:2742} INFO - Sync 1 DAGs
[2023-11-03T01:45:24.073+0000] {logging_mixin.py:150} INFO - [2023-11-03T01:45:24.073+0000] {dag.py:3508} INFO - Setting next_dagrun for Google_Job_Listings_Data_Pipeline to None, run_after=None
[2023-11-03T01:45:24.096+0000] {processor.py:179} INFO - Processing /opt/airflow/dags/extract_job_data_dag.py took 0.136 seconds
[2023-11-03T01:45:54.382+0000] {processor.py:157} INFO - Started process (PID=160) to work on /opt/airflow/dags/extract_job_data_dag.py
[2023-11-03T01:45:54.383+0000] {processor.py:826} INFO - Processing file /opt/airflow/dags/extract_job_data_dag.py for tasks to queue
[2023-11-03T01:45:54.385+0000] {logging_mixin.py:150} INFO - [2023-11-03T01:45:54.385+0000] {dagbag.py:541} INFO - Filling up the DagBag from /opt/airflow/dags/extract_job_data_dag.py
[2023-11-03T01:45:54.405+0000] {processor.py:836} INFO - DAG(s) dict_keys(['Google_Job_Listings_Data_Pipeline']) retrieved from /opt/airflow/dags/extract_job_data_dag.py
[2023-11-03T01:45:54.436+0000] {logging_mixin.py:150} INFO - [2023-11-03T01:45:54.436+0000] {dag.py:2742} INFO - Sync 1 DAGs
[2023-11-03T01:45:54.472+0000] {logging_mixin.py:150} INFO - [2023-11-03T01:45:54.472+0000] {dag.py:3508} INFO - Setting next_dagrun for Google_Job_Listings_Data_Pipeline to None, run_after=None
[2023-11-03T01:45:54.493+0000] {processor.py:179} INFO - Processing /opt/airflow/dags/extract_job_data_dag.py took 0.116 seconds
[2023-11-03T01:46:24.687+0000] {processor.py:157} INFO - Started process (PID=169) to work on /opt/airflow/dags/extract_job_data_dag.py
[2023-11-03T01:46:24.689+0000] {processor.py:826} INFO - Processing file /opt/airflow/dags/extract_job_data_dag.py for tasks to queue
[2023-11-03T01:46:24.691+0000] {logging_mixin.py:150} INFO - [2023-11-03T01:46:24.690+0000] {dagbag.py:541} INFO - Filling up the DagBag from /opt/airflow/dags/extract_job_data_dag.py
[2023-11-03T01:46:24.715+0000] {processor.py:836} INFO - DAG(s) dict_keys(['Google_Job_Listings_Data_Pipeline']) retrieved from /opt/airflow/dags/extract_job_data_dag.py
[2023-11-03T01:46:24.750+0000] {logging_mixin.py:150} INFO - [2023-11-03T01:46:24.750+0000] {dag.py:2742} INFO - Sync 1 DAGs
[2023-11-03T01:46:24.780+0000] {logging_mixin.py:150} INFO - [2023-11-03T01:46:24.780+0000] {dag.py:3508} INFO - Setting next_dagrun for Google_Job_Listings_Data_Pipeline to None, run_after=None
[2023-11-03T01:46:24.803+0000] {processor.py:179} INFO - Processing /opt/airflow/dags/extract_job_data_dag.py took 0.123 seconds
[2023-11-03T01:46:55.093+0000] {processor.py:157} INFO - Started process (PID=177) to work on /opt/airflow/dags/extract_job_data_dag.py
[2023-11-03T01:46:55.095+0000] {processor.py:826} INFO - Processing file /opt/airflow/dags/extract_job_data_dag.py for tasks to queue
[2023-11-03T01:46:55.096+0000] {logging_mixin.py:150} INFO - [2023-11-03T01:46:55.096+0000] {dagbag.py:541} INFO - Filling up the DagBag from /opt/airflow/dags/extract_job_data_dag.py
[2023-11-03T01:46:55.117+0000] {processor.py:836} INFO - DAG(s) dict_keys(['Google_Job_Listings_Data_Pipeline']) retrieved from /opt/airflow/dags/extract_job_data_dag.py
[2023-11-03T01:46:55.149+0000] {logging_mixin.py:150} INFO - [2023-11-03T01:46:55.149+0000] {dag.py:2742} INFO - Sync 1 DAGs
[2023-11-03T01:46:55.177+0000] {logging_mixin.py:150} INFO - [2023-11-03T01:46:55.176+0000] {dag.py:3508} INFO - Setting next_dagrun for Google_Job_Listings_Data_Pipeline to None, run_after=None
[2023-11-03T01:46:55.199+0000] {processor.py:179} INFO - Processing /opt/airflow/dags/extract_job_data_dag.py took 0.114 seconds
[2023-11-03T01:47:25.389+0000] {processor.py:157} INFO - Started process (PID=186) to work on /opt/airflow/dags/extract_job_data_dag.py
[2023-11-03T01:47:25.390+0000] {processor.py:826} INFO - Processing file /opt/airflow/dags/extract_job_data_dag.py for tasks to queue
[2023-11-03T01:47:25.391+0000] {logging_mixin.py:150} INFO - [2023-11-03T01:47:25.391+0000] {dagbag.py:541} INFO - Filling up the DagBag from /opt/airflow/dags/extract_job_data_dag.py
[2023-11-03T01:47:25.412+0000] {processor.py:836} INFO - DAG(s) dict_keys(['Google_Job_Listings_Data_Pipeline']) retrieved from /opt/airflow/dags/extract_job_data_dag.py
[2023-11-03T01:47:25.444+0000] {logging_mixin.py:150} INFO - [2023-11-03T01:47:25.444+0000] {dag.py:2742} INFO - Sync 1 DAGs
[2023-11-03T01:47:25.473+0000] {logging_mixin.py:150} INFO - [2023-11-03T01:47:25.473+0000] {dag.py:3508} INFO - Setting next_dagrun for Google_Job_Listings_Data_Pipeline to None, run_after=None
[2023-11-03T01:47:25.496+0000] {processor.py:179} INFO - Processing /opt/airflow/dags/extract_job_data_dag.py took 0.112 seconds
[2023-11-03T01:47:55.761+0000] {processor.py:157} INFO - Started process (PID=194) to work on /opt/airflow/dags/extract_job_data_dag.py
[2023-11-03T01:47:55.764+0000] {processor.py:826} INFO - Processing file /opt/airflow/dags/extract_job_data_dag.py for tasks to queue
[2023-11-03T01:47:55.768+0000] {logging_mixin.py:150} INFO - [2023-11-03T01:47:55.767+0000] {dagbag.py:541} INFO - Filling up the DagBag from /opt/airflow/dags/extract_job_data_dag.py
[2023-11-03T01:47:55.823+0000] {processor.py:836} INFO - DAG(s) dict_keys(['Google_Job_Listings_Data_Pipeline']) retrieved from /opt/airflow/dags/extract_job_data_dag.py
[2023-11-03T01:47:55.877+0000] {logging_mixin.py:150} INFO - [2023-11-03T01:47:55.876+0000] {dag.py:2742} INFO - Sync 1 DAGs
[2023-11-03T01:47:55.944+0000] {logging_mixin.py:150} INFO - [2023-11-03T01:47:55.943+0000] {dag.py:3508} INFO - Setting next_dagrun for Google_Job_Listings_Data_Pipeline to None, run_after=None
[2023-11-03T01:47:55.990+0000] {processor.py:179} INFO - Processing /opt/airflow/dags/extract_job_data_dag.py took 0.252 seconds
[2023-11-03T01:48:26.031+0000] {processor.py:157} INFO - Started process (PID=203) to work on /opt/airflow/dags/extract_job_data_dag.py
[2023-11-03T01:48:26.032+0000] {processor.py:826} INFO - Processing file /opt/airflow/dags/extract_job_data_dag.py for tasks to queue
[2023-11-03T01:48:26.034+0000] {logging_mixin.py:150} INFO - [2023-11-03T01:48:26.033+0000] {dagbag.py:541} INFO - Filling up the DagBag from /opt/airflow/dags/extract_job_data_dag.py
[2023-11-03T01:48:26.052+0000] {processor.py:836} INFO - DAG(s) dict_keys(['Google_Job_Listings_Data_Pipeline']) retrieved from /opt/airflow/dags/extract_job_data_dag.py
[2023-11-03T01:48:26.089+0000] {logging_mixin.py:150} INFO - [2023-11-03T01:48:26.089+0000] {dag.py:2742} INFO - Sync 1 DAGs
[2023-11-03T01:48:26.125+0000] {logging_mixin.py:150} INFO - [2023-11-03T01:48:26.124+0000] {dag.py:3508} INFO - Setting next_dagrun for Google_Job_Listings_Data_Pipeline to None, run_after=None
[2023-11-03T01:48:26.152+0000] {processor.py:179} INFO - Processing /opt/airflow/dags/extract_job_data_dag.py took 0.127 seconds
[2023-11-03T01:48:56.263+0000] {processor.py:157} INFO - Started process (PID=212) to work on /opt/airflow/dags/extract_job_data_dag.py
[2023-11-03T01:48:56.264+0000] {processor.py:826} INFO - Processing file /opt/airflow/dags/extract_job_data_dag.py for tasks to queue
[2023-11-03T01:48:56.265+0000] {logging_mixin.py:150} INFO - [2023-11-03T01:48:56.265+0000] {dagbag.py:541} INFO - Filling up the DagBag from /opt/airflow/dags/extract_job_data_dag.py
[2023-11-03T01:48:56.284+0000] {processor.py:836} INFO - DAG(s) dict_keys(['Google_Job_Listings_Data_Pipeline']) retrieved from /opt/airflow/dags/extract_job_data_dag.py
[2023-11-03T01:48:56.317+0000] {logging_mixin.py:150} INFO - [2023-11-03T01:48:56.317+0000] {dag.py:2742} INFO - Sync 1 DAGs
[2023-11-03T01:48:56.349+0000] {logging_mixin.py:150} INFO - [2023-11-03T01:48:56.349+0000] {dag.py:3508} INFO - Setting next_dagrun for Google_Job_Listings_Data_Pipeline to None, run_after=None
[2023-11-03T01:48:56.377+0000] {processor.py:179} INFO - Processing /opt/airflow/dags/extract_job_data_dag.py took 0.119 seconds
[2023-11-03T01:49:26.673+0000] {processor.py:157} INFO - Started process (PID=220) to work on /opt/airflow/dags/extract_job_data_dag.py
[2023-11-03T01:49:26.674+0000] {processor.py:826} INFO - Processing file /opt/airflow/dags/extract_job_data_dag.py for tasks to queue
[2023-11-03T01:49:26.675+0000] {logging_mixin.py:150} INFO - [2023-11-03T01:49:26.675+0000] {dagbag.py:541} INFO - Filling up the DagBag from /opt/airflow/dags/extract_job_data_dag.py
[2023-11-03T01:49:26.695+0000] {processor.py:836} INFO - DAG(s) dict_keys(['Google_Job_Listings_Data_Pipeline']) retrieved from /opt/airflow/dags/extract_job_data_dag.py
[2023-11-03T01:49:26.729+0000] {logging_mixin.py:150} INFO - [2023-11-03T01:49:26.729+0000] {dag.py:2742} INFO - Sync 1 DAGs
[2023-11-03T01:49:26.759+0000] {logging_mixin.py:150} INFO - [2023-11-03T01:49:26.759+0000] {dag.py:3508} INFO - Setting next_dagrun for Google_Job_Listings_Data_Pipeline to None, run_after=None
[2023-11-03T01:49:26.836+0000] {processor.py:179} INFO - Processing /opt/airflow/dags/extract_job_data_dag.py took 0.169 seconds
[2023-11-03T01:49:56.994+0000] {processor.py:157} INFO - Started process (PID=228) to work on /opt/airflow/dags/extract_job_data_dag.py
[2023-11-03T01:49:56.998+0000] {processor.py:826} INFO - Processing file /opt/airflow/dags/extract_job_data_dag.py for tasks to queue
[2023-11-03T01:49:57.002+0000] {logging_mixin.py:150} INFO - [2023-11-03T01:49:57.001+0000] {dagbag.py:541} INFO - Filling up the DagBag from /opt/airflow/dags/extract_job_data_dag.py
[2023-11-03T01:49:57.055+0000] {processor.py:836} INFO - DAG(s) dict_keys(['Google_Job_Listings_Data_Pipeline']) retrieved from /opt/airflow/dags/extract_job_data_dag.py
[2023-11-03T01:49:57.119+0000] {logging_mixin.py:150} INFO - [2023-11-03T01:49:57.119+0000] {dag.py:2742} INFO - Sync 1 DAGs
[2023-11-03T01:49:57.184+0000] {logging_mixin.py:150} INFO - [2023-11-03T01:49:57.184+0000] {dag.py:3508} INFO - Setting next_dagrun for Google_Job_Listings_Data_Pipeline to None, run_after=None
[2023-11-03T01:49:57.220+0000] {processor.py:179} INFO - Processing /opt/airflow/dags/extract_job_data_dag.py took 0.242 seconds
[2023-11-03T01:50:27.462+0000] {processor.py:157} INFO - Started process (PID=236) to work on /opt/airflow/dags/extract_job_data_dag.py
[2023-11-03T01:50:27.465+0000] {processor.py:826} INFO - Processing file /opt/airflow/dags/extract_job_data_dag.py for tasks to queue
[2023-11-03T01:50:27.470+0000] {logging_mixin.py:150} INFO - [2023-11-03T01:50:27.468+0000] {dagbag.py:541} INFO - Filling up the DagBag from /opt/airflow/dags/extract_job_data_dag.py
[2023-11-03T01:50:27.512+0000] {processor.py:836} INFO - DAG(s) dict_keys(['Google_Job_Listings_Data_Pipeline']) retrieved from /opt/airflow/dags/extract_job_data_dag.py
[2023-11-03T01:50:27.568+0000] {logging_mixin.py:150} INFO - [2023-11-03T01:50:27.567+0000] {dag.py:2742} INFO - Sync 1 DAGs
[2023-11-03T01:50:27.607+0000] {logging_mixin.py:150} INFO - [2023-11-03T01:50:27.607+0000] {dag.py:3508} INFO - Setting next_dagrun for Google_Job_Listings_Data_Pipeline to None, run_after=None
[2023-11-03T01:50:27.642+0000] {processor.py:179} INFO - Processing /opt/airflow/dags/extract_job_data_dag.py took 0.206 seconds
[2023-11-03T01:50:57.799+0000] {processor.py:157} INFO - Started process (PID=244) to work on /opt/airflow/dags/extract_job_data_dag.py
[2023-11-03T01:50:57.800+0000] {processor.py:826} INFO - Processing file /opt/airflow/dags/extract_job_data_dag.py for tasks to queue
[2023-11-03T01:50:57.802+0000] {logging_mixin.py:150} INFO - [2023-11-03T01:50:57.802+0000] {dagbag.py:541} INFO - Filling up the DagBag from /opt/airflow/dags/extract_job_data_dag.py
[2023-11-03T01:50:57.824+0000] {processor.py:836} INFO - DAG(s) dict_keys(['Google_Job_Listings_Data_Pipeline']) retrieved from /opt/airflow/dags/extract_job_data_dag.py
[2023-11-03T01:50:57.857+0000] {logging_mixin.py:150} INFO - [2023-11-03T01:50:57.857+0000] {dag.py:2742} INFO - Sync 1 DAGs
[2023-11-03T01:50:57.885+0000] {logging_mixin.py:150} INFO - [2023-11-03T01:50:57.885+0000] {dag.py:3508} INFO - Setting next_dagrun for Google_Job_Listings_Data_Pipeline to None, run_after=None
[2023-11-03T01:50:57.911+0000] {processor.py:179} INFO - Processing /opt/airflow/dags/extract_job_data_dag.py took 0.118 seconds
[2023-11-03T01:51:28.242+0000] {processor.py:157} INFO - Started process (PID=253) to work on /opt/airflow/dags/extract_job_data_dag.py
[2023-11-03T01:51:28.243+0000] {processor.py:826} INFO - Processing file /opt/airflow/dags/extract_job_data_dag.py for tasks to queue
[2023-11-03T01:51:28.245+0000] {logging_mixin.py:150} INFO - [2023-11-03T01:51:28.244+0000] {dagbag.py:541} INFO - Filling up the DagBag from /opt/airflow/dags/extract_job_data_dag.py
[2023-11-03T01:51:28.263+0000] {processor.py:836} INFO - DAG(s) dict_keys(['Google_Job_Listings_Data_Pipeline']) retrieved from /opt/airflow/dags/extract_job_data_dag.py
[2023-11-03T01:51:28.295+0000] {logging_mixin.py:150} INFO - [2023-11-03T01:51:28.294+0000] {dag.py:2742} INFO - Sync 1 DAGs
[2023-11-03T01:51:28.325+0000] {logging_mixin.py:150} INFO - [2023-11-03T01:51:28.325+0000] {dag.py:3508} INFO - Setting next_dagrun for Google_Job_Listings_Data_Pipeline to None, run_after=None
[2023-11-03T01:51:28.348+0000] {processor.py:179} INFO - Processing /opt/airflow/dags/extract_job_data_dag.py took 0.113 seconds
[2023-11-03T01:51:58.573+0000] {processor.py:157} INFO - Started process (PID=261) to work on /opt/airflow/dags/extract_job_data_dag.py
[2023-11-03T01:51:58.579+0000] {processor.py:826} INFO - Processing file /opt/airflow/dags/extract_job_data_dag.py for tasks to queue
[2023-11-03T01:51:58.585+0000] {logging_mixin.py:150} INFO - [2023-11-03T01:51:58.583+0000] {dagbag.py:541} INFO - Filling up the DagBag from /opt/airflow/dags/extract_job_data_dag.py
[2023-11-03T01:51:58.632+0000] {processor.py:836} INFO - DAG(s) dict_keys(['Google_Job_Listings_Data_Pipeline']) retrieved from /opt/airflow/dags/extract_job_data_dag.py
[2023-11-03T01:51:58.668+0000] {logging_mixin.py:150} INFO - [2023-11-03T01:51:58.668+0000] {dag.py:2742} INFO - Sync 1 DAGs
[2023-11-03T01:51:58.703+0000] {logging_mixin.py:150} INFO - [2023-11-03T01:51:58.702+0000] {dag.py:3508} INFO - Setting next_dagrun for Google_Job_Listings_Data_Pipeline to None, run_after=None
[2023-11-03T01:51:58.729+0000] {processor.py:179} INFO - Processing /opt/airflow/dags/extract_job_data_dag.py took 0.164 seconds
