[2023-10-30T22:22:45.537+0000] {taskinstance.py:1103} INFO - Dependencies all met for dep_context=non-requeueable deps ti=<TaskInstance: Extract_job_data_in_selenium_container.run_script_in_docker manual__2023-10-30T22:22:43.427424+00:00 [queued]>
[2023-10-30T22:22:45.548+0000] {taskinstance.py:1103} INFO - Dependencies all met for dep_context=requeueable deps ti=<TaskInstance: Extract_job_data_in_selenium_container.run_script_in_docker manual__2023-10-30T22:22:43.427424+00:00 [queued]>
[2023-10-30T22:22:45.549+0000] {taskinstance.py:1308} INFO - Starting attempt 1 of 2
[2023-10-30T22:22:45.613+0000] {taskinstance.py:1327} INFO - Executing <Task(DockerOperator): run_script_in_docker> on 2023-10-30 22:22:43.427424+00:00
[2023-10-30T22:22:45.627+0000] {standard_task_runner.py:57} INFO - Started process 4386 to run task
[2023-10-30T22:22:45.639+0000] {standard_task_runner.py:84} INFO - Running: ['***', 'tasks', 'run', 'Extract_job_data_in_selenium_container', 'run_script_in_docker', 'manual__2023-10-30T22:22:43.427424+00:00', '--job-id', '906', '--raw', '--subdir', 'DAGS_FOLDER/extract_job_data_dag.py', '--cfg-path', '/tmp/tmpgl2hbsy6']
[2023-10-30T22:22:45.640+0000] {standard_task_runner.py:85} INFO - Job 906: Subtask run_script_in_docker
[2023-10-30T22:22:45.729+0000] {task_command.py:410} INFO - Running <TaskInstance: Extract_job_data_in_selenium_container.run_script_in_docker manual__2023-10-30T22:22:43.427424+00:00 [running]> on host 4be7b32a0cc0
[2023-10-30T22:22:45.837+0000] {taskinstance.py:1547} INFO - Exporting env vars: AIRFLOW_CTX_DAG_OWNER='***' AIRFLOW_CTX_DAG_ID='Extract_job_data_in_selenium_container' AIRFLOW_CTX_TASK_ID='run_script_in_docker' AIRFLOW_CTX_EXECUTION_DATE='2023-10-30T22:22:43.427424+00:00' AIRFLOW_CTX_TRY_NUMBER='1' AIRFLOW_CTX_DAG_RUN_ID='manual__2023-10-30T22:22:43.427424+00:00'
[2023-10-30T22:22:45.879+0000] {docker.py:334} INFO - Starting docker container from image webscrape-container
[2023-10-30T22:22:45.893+0000] {docker.py:343} WARNING - Using remote engine or docker-in-docker and mounting temporary volume from host is not supported. Falling back to `mount_tmp_dir=False` mode. You can set `mount_tmp_dir` parameter to False to disable mounting and remove the warning
[2023-10-30T22:22:46.660+0000] {docker.py:403} INFO - [13:58:1030/222246.659342:ERROR:bus.cc(407)] Failed to connect to the bus: Failed to connect to socket /var/run/dbus/system_bus_socket: No such file or directory
[2023-10-30T22:22:46.824+0000] {docker.py:403} INFO - [13:61:1030/222246.822924:ERROR:bus.cc(407)] Failed to connect to the bus: Failed to connect to socket /var/run/dbus/system_bus_socket: No such file or directory
[2023-10-30T22:22:46.824+0000] {docker.py:403} INFO - [13:61:1030/222246.822984:ERROR:bus.cc(407)] Failed to connect to the bus: Failed to connect to socket /var/run/dbus/system_bus_socket: No such file or directory
[2023-10-30T22:22:46.841+0000] {docker.py:403} INFO - [13:58:1030/222246.839366:ERROR:bus.cc(407)] Failed to connect to the bus: Could not parse server address: Unknown address type (examples of valid types are "tcp" and on UNIX "unix")
[2023-10-30T22:22:46.842+0000] {docker.py:403} INFO - [13:58:1030/222246.839583:ERROR:bus.cc(407)] Failed to connect to the bus: Could not parse server address: Unknown address type (examples of valid types are "tcp" and on UNIX "unix")
[13:58:1030/222246.839652:ERROR:bus.cc(407)] Failed to connect to the bus: Could not parse server address: Unknown address type (examples of valid types are "tcp" and on UNIX "unix")
[13:58:1030/222246.839679:ERROR:bus.cc(407)] Failed to connect to the bus: Could not parse server address: Unknown address type (examples of valid types are "tcp" and on UNIX "unix")
[2023-10-30T22:22:46.875+0000] {docker.py:403} INFO - [13:58:1030/222246.874614:ERROR:bus.cc(407)] Failed to connect to the bus: Could not parse server address: Unknown address type (examples of valid types are "tcp" and on UNIX "unix")
[2023-10-30T22:22:46.876+0000] {docker.py:403} INFO - [13:58:1030/222246.874658:ERROR:bus.cc(407)] Failed to connect to the bus: Could not parse server address: Unknown address type (examples of valid types are "tcp" and on UNIX "unix")
[2023-10-30T22:22:46.928+0000] {docker.py:403} INFO - DevTools listening on ws://127.0.0.1:4444/devtools/browser/d1930c20-6d8c-43c5-9866-f739848fa14a
[2023-10-30T22:22:47.000+0000] {docker.py:403} INFO - [13:107:1030/222246.999211:ERROR:bus.cc(407)] Failed to connect to the bus: Failed to connect to socket /var/run/dbus/system_bus_socket: No such file or directory
[2023-10-30T22:22:47.001+0000] {docker.py:403} INFO - [13:107:1030/222246.999832:ERROR:bus.cc(407)] Failed to connect to the bus: Failed to connect to socket /var/run/dbus/system_bus_socket: No such file or directory
[2023-10-30T22:22:47.002+0000] {docker.py:403} INFO - [13:107:1030/222247.000836:ERROR:bus.cc(407)] Failed to connect to the bus: Failed to connect to socket /var/run/dbus/system_bus_socket: No such file or directory
[2023-10-30T22:22:47.004+0000] {docker.py:403} INFO - [13:107:1030/222247.002572:ERROR:bus.cc(407)] Failed to connect to the bus: Failed to connect to socket /var/run/dbus/system_bus_socket: No such file or directory
[2023-10-30T22:22:47.006+0000] {docker.py:403} INFO - [13:107:1030/222247.005425:ERROR:bus.cc(407)] Failed to connect to the bus: Failed to connect to socket /var/run/dbus/system_bus_socket: No such file or directory
[2023-10-30T22:22:47.055+0000] {docker.py:403} INFO - [70:70:1030/222247.054666:ERROR:viz_main_impl.cc(196)] Exiting GPU process due to errors during initialization
[2023-10-30T22:23:33.169+0000] {docker.py:403} INFO - initialising bot
opening chrome (Linux)
open chrome
worked
https://www.google.com/search?q=Machine+Learning+Engineer+jobs&ibp=htl;jobs#htivrt=jobs
Number of listings: 10
Job ID: 0u7pvAKRrRMGt6j1AAAAAA==
Company: Sonara
Remoto São Paulo, SP
Saving Machine Learning Engineer job
CSV file created.
Job ID: M_oTh_ley47D4XJLAAAAAA==
Company: Token Metrics
Remoto Qualquer lugar
Saving Machine Learning Engineer job
CSV file created.
Job ID: RdMFuvCefYVJoHZpAAAAAA==
Company: BAIRESDEV
Remoto São José dos Campos, SP (+35)
Saving Machine Learning Engineer job
CSV file created.
Job ID: EvEdhZ6q7G5iyNqEAAAAAA==
Company: Clara
Remoto Qualquer lugar
Saving Machine Learning Engineer job
CSV file created.
Job ID: P4mFEIGRZq3NV_dHAAAAAA==
Company: Qintess
Remoto Qualquer lugar
Saving Machine Learning Engineer job
CSV file created.
Job ID: 9yjlltPbHY2RjmF5AAAAAA==
Company: Netvagas
Remoto Qualquer lugar
Saving Machine Learning Engineer job
CSV file created.
Job ID: Ef0rWFe30t0371_qAAAAAA==
Company: Sonara
Remoto Brasil
Saving Machine Learning Engineer job
CSV file created.
Job ID: Gmd3EjzrGpKbQjkGAAAAAA==
Company: Telnyx
Remoto São Paulo, SP
Saving Machine Learning Engineer job
CSV file created.
Job ID: Yq7zYCqxnnyuSvpwAAAAAA==
Company: Sonara
Remoto Brasília, DF
Saving Machine Learning Engineer job
CSV file created.
Job ID: orHRc73EF4FR7VFlAAAAAA==
Company: Amazing Devs
Remoto São Paulo, SP
Saving Machine Learning Engineer job
CSV file created.
https://www.google.com/search?q=Data+Engineer+jobs&ibp=htl;jobs#htivrt=jobs
Number of listings: 10
Job ID: 6G6XHpYo9T_36BkvAAAAAA==
Company: Nexer
Remoto Barueri, SP
Saving Data Engineer job
CSV file created.
Job ID: U-uUvpneYXj6VwIKAAAAAA==
Company: CI&T
Remoto Qualquer lugar
Saving Data Engineer job
CSV file created.
Job ID: 5tgj_WhOCkPmf7NgAAAAAA==
Company: Amazing Devs
Remoto São Paulo, SP
Saving Data Engineer job
CSV file created.
Job ID: kQlwz56JaEuqHJseAAAAAA==
Company: Zyte
Remoto Qualquer lugar
Saving Data Engineer job
CSV file created.
Job ID: zclmu09nHVgoJPWbAAAAAA==
Company: BAIRESDEV
Remoto São José dos Campos, SP (+35)
Saving Data Engineer job
CSV file created.
Job ID: yUu8FTE9TZlwwwE6AAAAAA==
Company: Mars
Remoto São Paulo, SP
Saving Data Engineer job
CSV file created.
Job ID: JN45GiN82WTFPalAAAAAAA==
Company: Creditas
Remoto São Paulo, SP
Saving Data Engineer job
CSV file created.
Job ID: 6SIXE3f6Z_J8QqwAAAAAAA==
Company: Halliburton
Remoto Rio de Janeiro, RJ
Saving Data Engineer job
CSV file created.
Job ID: OI6t07-Ee8G5y52rAAAAAA==
Company: Nomad
Remoto São Paulo, SP
Saving Data Engineer job
CSV file created.
Job ID: boLkJbEQxxlNr0WzAAAAAA==
Company: Token Metrics
Remoto Qualquer lugar
Saving Data Engineer job
CSV file created.
https://www.google.com/search?q=Data+Analyst+jobs&ibp=htl;jobs#htivrt=jobs
Number of listings: 10
Job ID: ZcC1Q2PHrwge_25FAAAAAA==
Company: Shopee
Remoto São Paulo, SP
Saving Data Analyst job
CSV file created.
Job ID: XcLC1C1bKke_1T-rAAAAAA==
Company: Agoda
Remoto São Paulo, SP
Saving Data Analyst job
CSV file created.
Job ID: xB1HuUNAY5DtJ7CBAAAAAA==
Company: GRABS
Remoto Indaiatuba, SP
Saving Data Analyst job
CSV file created.
Job ID: 10abq7D-8tiFw0fTAAAAAA==
Company: Peroptyx
Remoto Qualquer lugar
Saving Data Analyst job
CSV file created.
Job ID: vHW01cr1zaO4K-qjAAAAAA==
Company: Cognizant Technology Solutions
Remoto São Paulo, SP
Saving Data Analyst job
CSV file created.
Job ID: fqPWIcV73vqJjsjBAAAAAA==
Company: Media.Monks
Remoto São Paulo, SP
Saving Data Analyst job
CSV file created.
Job ID: 9PLDRy_NPlUb4CTbAAAAAA==
Company: Ericsson
Remoto São Paulo, SP
Saving Data Analyst job
CSV file created.
Job ID: 3NvmSrn2Q80-99EsAAAAAA==
Company: Citi
Remoto São Paulo, SP
Saving Data Analyst job
CSV file created.
Job ID: WnV4F7SfGwgNxFG3AAAAAA==
Company: Netvagas - (529683514)
Remoto Curitiba, PR
Saving Data Analyst job
CSV file created.
Job ID: IRykYV2_dZaAOxmuAAAAAA==
Company: Turing
Remoto Qualquer lugar
Saving Data Analyst job
CSV file created.
https://www.google.com/search?q=Data+Scientist+jobs&ibp=htl;jobs#htivrt=jobs
Number of listings: 10
Job ID: M_oTh_ley47D4XJLAAAAAA==
Company: Token Metrics
Remoto Qualquer lugar
Saving Data Scientist job
CSV file created.
Job ID: St4JggB7R1UyvahHAAAAAA==
Company: XP Inc.
Remoto São Paulo, SP
Saving Data Scientist job
CSV file created.
Job ID: mbL_dGlWAkN9r7DvAAAAAA==
Company: XP Inc.
Remoto Qualquer lugar
Saving Data Scientist job
CSV file created.
Job ID: zA4WMclJQow06hD5AAAAAA==
Company: Cargill
Remoto São Paulo, SP
Saving Data Scientist job
CSV file created.
Job ID: h-iWI1SREy6ufOBwAAAAAA==
Company: EMPREGARA
Remoto São Paulo, SP
Saving Data Scientist job
CSV file created.
Job ID: bS7w4xh5nhUmwlkcAAAAAA==
Company: Teramind
Remoto São Paulo, SP
Saving Data Scientist job
CSV file created.
Job ID: CVliNB5CRmPuPBHmAAAAAA==
Company: EMPREGARA
Remoto São Paulo, SP
Saving Data Scientist job
CSV file created.
Job ID: NQcEkO9cxSyQGbLkAAAAAA==
Company: ADP
Remoto Porto Alegre, RS
Saving Data Scientist job
CSV file created.
Job ID: ViOL0Erne5P-FFMlAAAAAA==
Company: Capgemini
Remoto Espírito Santo
Saving Data Scientist job
CSV file created.
Job ID: rPBwFiGW-IZdCC_iAAAAAA==
Company: Gistia Healthcare AI
Remoto Qualquer lugar
Saving Data Scientist job
CSV file created.
[2023-10-30T22:23:33.883+0000] {taskinstance.py:1350} INFO - Marking task as SUCCESS. dag_id=Extract_job_data_in_selenium_container, task_id=run_script_in_docker, execution_date=20231030T222243, start_date=20231030T222245, end_date=20231030T222333
[2023-10-30T22:23:33.952+0000] {local_task_job_runner.py:225} INFO - Task exited with return code 0
[2023-10-30T22:23:34.049+0000] {taskinstance.py:2653} INFO - 1 downstream tasks scheduled from follow-on schedule check
